{"/mnt/c/Users/delga/OneDrive/Escritorio/Repositorio/eco-savor-frontend/src/App.js": {"path":"/mnt/c/Users/delga/OneDrive/Escritorio/Repositorio/eco-savor-frontend/src/App.js","statementMap":{"0":{"start":{"line":15,"column":20},"end":{"line":15,"column":35}},"1":{"start":{"line":16,"column":44},"end":{"line":16,"column":62}},"2":{"start":{"line":17,"column":40},"end":{"line":17,"column":59}},"3":{"start":{"line":18,"column":50},"end":{"line":18,"column":64}},"4":{"start":{"line":21,"column":2},"end":{"line":30,"column":15}},"5":{"start":{"line":22,"column":29},"end":{"line":26,"column":5}},"6":{"start":{"line":23,"column":6},"end":{"line":23,"column":15}},"7":{"start":{"line":24,"column":6},"end":{"line":24,"column":30}},"8":{"start":{"line":25,"column":6},"end":{"line":25,"column":70}},"9":{"start":{"line":28,"column":4},"end":{"line":28,"column":61}},"10":{"start":{"line":29,"column":4},"end":{"line":29,"column":77}},"11":{"start":{"line":29,"column":17},"end":{"line":29,"column":76}},"12":{"start":{"line":33,"column":2},"end":{"line":38,"column":43}},"13":{"start":{"line":35,"column":4},"end":{"line":37,"column":5}},"14":{"start":{"line":36,"column":6},"end":{"line":36,"column":84}},"15":{"start":{"line":41,"column":21},"end":{"line":74,"column":3}},"16":{"start":{"line":43,"column":4},"end":{"line":52,"column":5}},"17":{"start":{"line":44,"column":6},"end":{"line":51,"column":7}},"18":{"start":{"line":46,"column":10},"end":{"line":46,"column":59}},"19":{"start":{"line":48,"column":10},"end":{"line":48,"column":62}},"20":{"start":{"line":50,"column":10},"end":{"line":50,"column":22}},"21":{"start":{"line":55,"column":4},"end":{"line":73,"column":5}},"22":{"start":{"line":57,"column":8},"end":{"line":57,"column":59}},"23":{"start":{"line":59,"column":8},"end":{"line":59,"column":29}},"24":{"start":{"line":61,"column":8},"end":{"line":61,"column":40}},"25":{"start":{"line":63,"column":8},"end":{"line":63,"column":32}},"26":{"start":{"line":65,"column":8},"end":{"line":68,"column":14}},"27":{"start":{"line":66,"column":10},"end":{"line":66,"column":41}},"28":{"start":{"line":67,"column":10},"end":{"line":67,"column":36}},"29":{"start":{"line":70,"column":8},"end":{"line":70,"column":88}},"30":{"start":{"line":72,"column":8},"end":{"line":72,"column":59}},"31":{"start":{"line":77,"column":2},"end":{"line":83,"column":3}},"32":{"start":{"line":78,"column":4},"end":{"line":82,"column":6}},"33":{"start":{"line":86,"column":2},"end":{"line":95,"column":3}},"34":{"start":{"line":87,"column":4},"end":{"line":94,"column":6}},"35":{"start":{"line":97,"column":2},"end":{"line":104,"column":4}},"36":{"start":{"line":109,"column":2},"end":{"line":113,"column":4}}},"fnMap":{"0":{"name":"AppContent","decl":{"start":{"line":14,"column":9},"end":{"line":14,"column":19}},"loc":{"start":{"line":14,"column":22},"end":{"line":105,"column":1}},"line":14},"1":{"name":"(anonymous_1)","decl":{"start":{"line":21,"column":12},"end":{"line":21,"column":13}},"loc":{"start":{"line":21,"column":18},"end":{"line":30,"column":3}},"line":21},"2":{"name":"(anonymous_2)","decl":{"start":{"line":22,"column":29},"end":{"line":22,"column":30}},"loc":{"start":{"line":22,"column":35},"end":{"line":26,"column":5}},"line":22},"3":{"name":"(anonymous_3)","decl":{"start":{"line":29,"column":11},"end":{"line":29,"column":12}},"loc":{"start":{"line":29,"column":17},"end":{"line":29,"column":76}},"line":29},"4":{"name":"(anonymous_4)","decl":{"start":{"line":33,"column":12},"end":{"line":33,"column":13}},"loc":{"start":{"line":33,"column":18},"end":{"line":38,"column":3}},"line":33},"5":{"name":"(anonymous_5)","decl":{"start":{"line":41,"column":21},"end":{"line":41,"column":22}},"loc":{"start":{"line":41,"column":27},"end":{"line":74,"column":3}},"line":41},"6":{"name":"(anonymous_6)","decl":{"start":{"line":65,"column":64},"end":{"line":65,"column":65}},"loc":{"start":{"line":65,"column":79},"end":{"line":68,"column":9}},"line":65},"7":{"name":"App","decl":{"start":{"line":108,"column":9},"end":{"line":108,"column":12}},"loc":{"start":{"line":108,"column":15},"end":{"line":114,"column":1}},"line":108}},"branchMap":{"0":{"loc":{"start":{"line":35,"column":4},"end":{"line":37,"column":5}},"type":"if","locations":[{"start":{"line":35,"column":4},"end":{"line":37,"column":5}},{"start":{},"end":{}}],"line":35},"1":{"loc":{"start":{"line":35,"column":8},"end":{"line":35,"column":82}},"type":"binary-expr","locations":[{"start":{"line":35,"column":8},"end":{"line":35,"column":23}},{"start":{"line":35,"column":28},"end":{"line":35,"column":51}},{"start":{"line":35,"column":55},"end":{"line":35,"column":81}}],"line":35},"2":{"loc":{"start":{"line":36,"column":21},"end":{"line":36,"column":82}},"type":"cond-expr","locations":[{"start":{"line":36,"column":51},"end":{"line":36,"column":70}},{"start":{"line":36,"column":73},"end":{"line":36,"column":82}}],"line":36},"3":{"loc":{"start":{"line":43,"column":4},"end":{"line":52,"column":5}},"type":"if","locations":[{"start":{"line":43,"column":4},"end":{"line":52,"column":5}},{"start":{},"end":{}}],"line":43},"4":{"loc":{"start":{"line":43,"column":8},"end":{"line":43,"column":61}},"type":"binary-expr","locations":[{"start":{"line":43,"column":8},"end":{"line":43,"column":31}},{"start":{"line":43,"column":35},"end":{"line":43,"column":61}}],"line":43},"5":{"loc":{"start":{"line":44,"column":6},"end":{"line":51,"column":7}},"type":"switch","locations":[{"start":{"line":45,"column":8},"end":{"line":46,"column":59}},{"start":{"line":47,"column":8},"end":{"line":48,"column":62}},{"start":{"line":49,"column":8},"end":{"line":50,"column":22}}],"line":44},"6":{"loc":{"start":{"line":55,"column":4},"end":{"line":73,"column":5}},"type":"switch","locations":[{"start":{"line":56,"column":6},"end":{"line":57,"column":59}},{"start":{"line":58,"column":6},"end":{"line":59,"column":29}},{"start":{"line":60,"column":6},"end":{"line":61,"column":40}},{"start":{"line":62,"column":6},"end":{"line":63,"column":32}},{"start":{"line":64,"column":6},"end":{"line":68,"column":14}},{"start":{"line":69,"column":6},"end":{"line":70,"column":88}},{"start":{"line":71,"column":6},"end":{"line":72,"column":59}}],"line":55},"7":{"loc":{"start":{"line":77,"column":2},"end":{"line":83,"column":3}},"type":"if","locations":[{"start":{"line":77,"column":2},"end":{"line":83,"column":3}},{"start":{},"end":{}}],"line":77},"8":{"loc":{"start":{"line":77,"column":6},"end":{"line":77,"column":59}},"type":"binary-expr","locations":[{"start":{"line":77,"column":6},"end":{"line":77,"column":29}},{"start":{"line":77,"column":33},"end":{"line":77,"column":59}}],"line":77},"9":{"loc":{"start":{"line":86,"column":2},"end":{"line":95,"column":3}},"type":"if","locations":[{"start":{"line":86,"column":2},"end":{"line":95,"column":3}},{"start":{},"end":{}}],"line":86}},"s":{"0":0,"1":0,"2":0,"3":0,"4":0,"5":0,"6":0,"7":0,"8":0,"9":0,"10":0,"11":0,"12":0,"13":0,"14":0,"15":0,"16":0,"17":0,"18":0,"19":0,"20":0,"21":0,"22":0,"23":0,"24":0,"25":0,"26":0,"27":0,"28":0,"29":0,"30":0,"31":0,"32":0,"33":0,"34":0,"35":0,"36":0},"f":{"0":0,"1":0,"2":0,"3":0,"4":0,"5":0,"6":0,"7":0},"b":{"0":[0,0],"1":[0,0,0],"2":[0,0],"3":[0,0],"4":[0,0],"5":[0,0,0],"6":[0,0,0,0,0,0,0],"7":[0,0],"8":[0,0],"9":[0,0]}}
,"/mnt/c/Users/delga/OneDrive/Escritorio/Repositorio/eco-savor-frontend/src/index.js": {"path":"/mnt/c/Users/delga/OneDrive/Escritorio/Repositorio/eco-savor-frontend/src/index.js","statementMap":{"0":{"start":{"line":6,"column":13},"end":{"line":6,"column":65}},"1":{"start":{"line":7,"column":0},"end":{"line":11,"column":2}}},"fnMap":{},"branchMap":{},"s":{"0":0,"1":0},"f":{},"b":{}}
,"/mnt/c/Users/delga/OneDrive/Escritorio/Repositorio/eco-savor-frontend/src/components/AuthFooter.jsx": {"path":"/mnt/c/Users/delga/OneDrive/Escritorio/Repositorio/eco-savor-frontend/src/components/AuthFooter.jsx","statementMap":{"0":{"start":{"line":6,"column":2},"end":{"line":52,"column":4}}},"fnMap":{"0":{"name":"AuthFooter","decl":{"start":{"line":5,"column":16},"end":{"line":5,"column":26}},"loc":{"start":{"line":5,"column":29},"end":{"line":53,"column":1}},"line":5}},"branchMap":{},"s":{"0":0},"f":{"0":0},"b":{},"_coverageSchema":"1a1c01bbd47fc00a2c39e90264f33305004495a9","hash":"a20b5764e3087b78ce39351188ac0edfb4b614a1"}
,"/mnt/c/Users/delga/OneDrive/Escritorio/Repositorio/eco-savor-frontend/src/components/AuthHeader.jsx": {"path":"/mnt/c/Users/delga/OneDrive/Escritorio/Repositorio/eco-savor-frontend/src/components/AuthHeader.jsx","statementMap":{"0":{"start":{"line":5,"column":2},"end":{"line":14,"column":4}}},"fnMap":{"0":{"name":"AuthHeader","decl":{"start":{"line":4,"column":16},"end":{"line":4,"column":26}},"loc":{"start":{"line":4,"column":29},"end":{"line":15,"column":1}},"line":4}},"branchMap":{},"s":{"0":0},"f":{"0":0},"b":{},"_coverageSchema":"1a1c01bbd47fc00a2c39e90264f33305004495a9","hash":"cce6555ccd74137a28606a765e4f230e2db06748"}
,"/mnt/c/Users/delga/OneDrive/Escritorio/Repositorio/eco-savor-frontend/src/components/DiscountedProductCard.jsx": {"path":"/mnt/c/Users/delga/OneDrive/Escritorio/Repositorio/eco-savor-frontend/src/components/DiscountedProductCard.jsx","statementMap":{"0":{"start":{"line":6,"column":30},"end":{"line":93,"column":1}},"1":{"start":{"line":24,"column":6},"end":{"line":24,"column":13}},"2":{"start":{"line":26,"column":23},"end":{"line":26,"column":50}},"3":{"start":{"line":27,"column":31},"end":{"line":27,"column":68}},"4":{"start":{"line":28,"column":23},"end":{"line":28,"column":45}},"5":{"start":{"line":29,"column":26},"end":{"line":29,"column":49}},"6":{"start":{"line":31,"column":22},"end":{"line":31,"column":94}},"7":{"start":{"line":32,"column":21},"end":{"line":32,"column":38}},"8":{"start":{"line":35,"column":21},"end":{"line":39,"column":3}},"9":{"start":{"line":36,"column":4},"end":{"line":36,"column":31}},"10":{"start":{"line":36,"column":21},"end":{"line":36,"column":31}},"11":{"start":{"line":37,"column":17},"end":{"line":37,"column":37}},"12":{"start":{"line":38,"column":4},"end":{"line":38,"column":99}},"13":{"start":{"line":41,"column":22},"end":{"line":41,"column":43}},"14":{"start":{"line":42,"column":25},"end":{"line":42,"column":93}},"15":{"start":{"line":44,"column":23},"end":{"line":44,"column":57}},"16":{"start":{"line":46,"column":2},"end":{"line":92,"column":4}},"17":{"start":{"line":85,"column":25},"end":{"line":85,"column":45}}},"fnMap":{"0":{"name":"(anonymous_0)","decl":{"start":{"line":6,"column":30},"end":{"line":6,"column":31}},"loc":{"start":{"line":10,"column":6},"end":{"line":93,"column":1}},"line":10},"1":{"name":"(anonymous_1)","decl":{"start":{"line":35,"column":21},"end":{"line":35,"column":22}},"loc":{"start":{"line":35,"column":37},"end":{"line":39,"column":3}},"line":35},"2":{"name":"(anonymous_2)","decl":{"start":{"line":85,"column":19},"end":{"line":85,"column":20}},"loc":{"start":{"line":85,"column":25},"end":{"line":85,"column":45}},"line":85}},"branchMap":{"0":{"loc":{"start":{"line":9,"column":2},"end":{"line":9,"column":19}},"type":"default-arg","locations":[{"start":{"line":9,"column":14},"end":{"line":9,"column":19}}],"line":9},"1":{"loc":{"start":{"line":26,"column":23},"end":{"line":26,"column":50}},"type":"binary-expr","locations":[{"start":{"line":26,"column":23},"end":{"line":26,"column":36}},{"start":{"line":26,"column":40},"end":{"line":26,"column":45}},{"start":{"line":26,"column":49},"end":{"line":26,"column":50}}],"line":26},"2":{"loc":{"start":{"line":27,"column":31},"end":{"line":27,"column":68}},"type":"binary-expr","locations":[{"start":{"line":27,"column":31},"end":{"line":27,"column":46}},{"start":{"line":27,"column":50},"end":{"line":27,"column":63}},{"start":{"line":27,"column":67},"end":{"line":27,"column":68}}],"line":27},"3":{"loc":{"start":{"line":28,"column":23},"end":{"line":28,"column":45}},"type":"binary-expr","locations":[{"start":{"line":28,"column":23},"end":{"line":28,"column":28}},{"start":{"line":28,"column":32},"end":{"line":28,"column":40}},{"start":{"line":28,"column":44},"end":{"line":28,"column":45}}],"line":28},"4":{"loc":{"start":{"line":29,"column":26},"end":{"line":29,"column":49}},"type":"binary-expr","locations":[{"start":{"line":29,"column":26},"end":{"line":29,"column":37}},{"start":{"line":29,"column":41},"end":{"line":29,"column":49}}],"line":29},"5":{"loc":{"start":{"line":36,"column":4},"end":{"line":36,"column":31}},"type":"if","locations":[{"start":{"line":36,"column":4},"end":{"line":36,"column":31}},{"start":{},"end":{}}],"line":36},"6":{"loc":{"start":{"line":42,"column":25},"end":{"line":42,"column":93}},"type":"binary-expr","locations":[{"start":{"line":42,"column":25},"end":{"line":42,"column":34}},{"start":{"line":42,"column":39},"end":{"line":42,"column":92}}],"line":42},"7":{"loc":{"start":{"line":47,"column":36},"end":{"line":47,"column":75}},"type":"cond-expr","locations":[{"start":{"line":47,"column":49},"end":{"line":47,"column":70}},{"start":{"line":47,"column":73},"end":{"line":47,"column":75}}],"line":47},"8":{"loc":{"start":{"line":51,"column":9},"end":{"line":55,"column":9}},"type":"cond-expr","locations":[{"start":{"line":52,"column":10},"end":{"line":52,"column":93}},{"start":{"line":54,"column":10},"end":{"line":54,"column":65}}],"line":51},"9":{"loc":{"start":{"line":66,"column":9},"end":{"line":70,"column":9}},"type":"binary-expr","locations":[{"start":{"line":66,"column":9},"end":{"line":66,"column":23}},{"start":{"line":67,"column":10},"end":{"line":69,"column":17}}],"line":66},"10":{"loc":{"start":{"line":73,"column":46},"end":{"line":73,"column":91}},"type":"cond-expr","locations":[{"start":{"line":73,"column":59},"end":{"line":73,"column":86}},{"start":{"line":73,"column":89},"end":{"line":73,"column":91}}],"line":73},"11":{"loc":{"start":{"line":76,"column":11},"end":{"line":80,"column":11}},"type":"binary-expr","locations":[{"start":{"line":76,"column":11},"end":{"line":76,"column":22}},{"start":{"line":77,"column":12},"end":{"line":79,"column":19}}],"line":76},"12":{"loc":{"start":{"line":77,"column":50},"end":{"line":77,"column":99}},"type":"cond-expr","locations":[{"start":{"line":77,"column":67},"end":{"line":77,"column":94}},{"start":{"line":77,"column":97},"end":{"line":77,"column":99}}],"line":77},"13":{"loc":{"start":{"line":86,"column":20},"end":{"line":86,"column":51}},"type":"binary-expr","locations":[{"start":{"line":86,"column":20},"end":{"line":86,"column":29}},{"start":{"line":86,"column":33},"end":{"line":86,"column":51}}],"line":86}},"s":{"0":3,"1":3,"2":3,"3":3,"4":3,"5":3,"6":3,"7":3,"8":3,"9":3,"10":3,"11":0,"12":0,"13":3,"14":3,"15":3,"16":3,"17":0},"f":{"0":3,"1":3,"2":0},"b":{"0":[3],"1":[3,0,0],"2":[3,0,0],"3":[3,0,0],"4":[3,2],"5":[3,0],"6":[3,0],"7":[3,0],"8":[2,1],"9":[3,0],"10":[3,0],"11":[3,0],"12":[0,0],"13":[3,3]},"_coverageSchema":"1a1c01bbd47fc00a2c39e90264f33305004495a9","hash":"7b185a11ad1132532af6923cfc9f6cfdc274f9e9"}
,"/mnt/c/Users/delga/OneDrive/Escritorio/Repositorio/eco-savor-frontend/src/components/StatusBadge.jsx": {"path":"/mnt/c/Users/delga/OneDrive/Escritorio/Repositorio/eco-savor-frontend/src/components/StatusBadge.jsx","statementMap":{"0":{"start":{"line":4,"column":15},"end":{"line":11,"column":1}},"1":{"start":{"line":13,"column":15},"end":{"line":20,"column":1}},"2":{"start":{"line":27,"column":2},"end":{"line":41,"column":3}},"3":{"start":{"line":28,"column":4},"end":{"line":40,"column":6}},"4":{"start":{"line":43,"column":2},"end":{"line":54,"column":4}}},"fnMap":{"0":{"name":"StatusBadge","decl":{"start":{"line":26,"column":16},"end":{"line":26,"column":27}},"loc":{"start":{"line":26,"column":59},"end":{"line":55,"column":1}},"line":26}},"branchMap":{"0":{"loc":{"start":{"line":26,"column":38},"end":{"line":26,"column":55}},"type":"default-arg","locations":[{"start":{"line":26,"column":50},"end":{"line":26,"column":55}}],"line":26},"1":{"loc":{"start":{"line":27,"column":2},"end":{"line":41,"column":3}},"type":"if","locations":[{"start":{"line":27,"column":2},"end":{"line":41,"column":3}},{"start":{},"end":{}}],"line":27},"2":{"loc":{"start":{"line":30,"column":20},"end":{"line":30,"column":47}},"type":"binary-expr","locations":[{"start":{"line":30,"column":20},"end":{"line":30,"column":34}},{"start":{"line":30,"column":38},"end":{"line":30,"column":47}}],"line":30},"3":{"loc":{"start":{"line":38,"column":9},"end":{"line":38,"column":33}},"type":"binary-expr","locations":[{"start":{"line":38,"column":9},"end":{"line":38,"column":23}},{"start":{"line":38,"column":27},"end":{"line":38,"column":33}}],"line":38}},"s":{"0":2,"1":2,"2":0,"3":0,"4":0},"f":{"0":0},"b":{"0":[0],"1":[0,0],"2":[0,0],"3":[0,0]},"_coverageSchema":"1a1c01bbd47fc00a2c39e90264f33305004495a9","hash":"e9c6873bc0937042a7395c5d3fcfdce916ecc3e9"}
,"/mnt/c/Users/delga/OneDrive/Escritorio/Repositorio/eco-savor-frontend/src/context/AppContext.js": {"path":"/mnt/c/Users/delga/OneDrive/Escritorio/Repositorio/eco-savor-frontend/src/context/AppContext.js","statementMap":{"0":{"start":{"line":5,"column":21},"end":{"line":16,"column":1}},"1":{"start":{"line":19,"column":20},"end":{"line":29,"column":1}},"2":{"start":{"line":33,"column":2},"end":{"line":69,"column":3}},"3":{"start":{"line":35,"column":6},"end":{"line":35,"column":82}},"4":{"start":{"line":37,"column":6},"end":{"line":44,"column":8}},"5":{"start":{"line":46,"column":6},"end":{"line":46,"column":52}},"6":{"start":{"line":48,"column":6},"end":{"line":48,"column":50}},"7":{"start":{"line":50,"column":6},"end":{"line":50,"column":69}},"8":{"start":{"line":52,"column":6},"end":{"line":57,"column":8}},"9":{"start":{"line":55,"column":10},"end":{"line":55,"column":67}},"10":{"start":{"line":59,"column":6},"end":{"line":62,"column":8}},"11":{"start":{"line":64,"column":6},"end":{"line":64,"column":49}},"12":{"start":{"line":66,"column":6},"end":{"line":66,"column":39}},"13":{"start":{"line":68,"column":6},"end":{"line":68,"column":19}},"14":{"start":{"line":73,"column":19},"end":{"line":73,"column":38}},"15":{"start":{"line":77,"column":28},"end":{"line":77,"column":64}},"16":{"start":{"line":79,"column":16},"end":{"line":79,"column":48}},"17":{"start":{"line":81,"column":2},"end":{"line":81,"column":77}},"18":{"start":{"line":86,"column":18},"end":{"line":86,"column":40}},"19":{"start":{"line":87,"column":2},"end":{"line":89,"column":3}},"20":{"start":{"line":88,"column":4},"end":{"line":88,"column":74}},"21":{"start":{"line":90,"column":2},"end":{"line":90,"column":17}}},"fnMap":{"0":{"name":"appReducer","decl":{"start":{"line":32,"column":9},"end":{"line":32,"column":19}},"loc":{"start":{"line":32,"column":35},"end":{"line":70,"column":1}},"line":32},"1":{"name":"(anonymous_1)","decl":{"start":{"line":54,"column":33},"end":{"line":54,"column":34}},"loc":{"start":{"line":55,"column":10},"end":{"line":55,"column":67}},"line":55},"2":{"name":"AppProvider","decl":{"start":{"line":76,"column":16},"end":{"line":76,"column":27}},"loc":{"start":{"line":76,"column":42},"end":{"line":82,"column":1}},"line":76},"3":{"name":"useAppContext","decl":{"start":{"line":85,"column":16},"end":{"line":85,"column":29}},"loc":{"start":{"line":85,"column":32},"end":{"line":91,"column":1}},"line":85}},"branchMap":{"0":{"loc":{"start":{"line":33,"column":2},"end":{"line":69,"column":3}},"type":"switch","locations":[{"start":{"line":34,"column":4},"end":{"line":35,"column":82}},{"start":{"line":36,"column":4},"end":{"line":44,"column":8}},{"start":{"line":45,"column":4},"end":{"line":46,"column":52}},{"start":{"line":47,"column":4},"end":{"line":48,"column":50}},{"start":{"line":49,"column":4},"end":{"line":50,"column":69}},{"start":{"line":51,"column":4},"end":{"line":57,"column":8}},{"start":{"line":58,"column":4},"end":{"line":62,"column":8}},{"start":{"line":63,"column":4},"end":{"line":64,"column":49}},{"start":{"line":65,"column":4},"end":{"line":66,"column":39}},{"start":{"line":67,"column":4},"end":{"line":68,"column":19}}],"line":33},"1":{"loc":{"start":{"line":55,"column":10},"end":{"line":55,"column":67}},"type":"cond-expr","locations":[{"start":{"line":55,"column":45},"end":{"line":55,"column":59}},{"start":{"line":55,"column":62},"end":{"line":55,"column":67}}],"line":55},"2":{"loc":{"start":{"line":87,"column":2},"end":{"line":89,"column":3}},"type":"if","locations":[{"start":{"line":87,"column":2},"end":{"line":89,"column":3}},{"start":{},"end":{}}],"line":87}},"s":{"0":6,"1":6,"2":25,"3":2,"4":1,"5":3,"6":1,"7":2,"8":1,"9":2,"10":11,"11":2,"12":1,"13":1,"14":6,"15":13,"16":13,"17":13,"18":21,"19":21,"20":0,"21":21},"f":{"0":25,"1":2,"2":13,"3":21},"b":{"0":[2,1,3,1,2,1,11,2,1,1],"1":[1,1],"2":[0,21]},"_coverageSchema":"1a1c01bbd47fc00a2c39e90264f33305004495a9","hash":"f38972e172f21cdd4d7ce43383b93ab275f4aa3e"}
,"/mnt/c/Users/delga/OneDrive/Escritorio/Repositorio/eco-savor-frontend/src/modules/index.js": {"path":"/mnt/c/Users/delga/OneDrive/Escritorio/Repositorio/eco-savor-frontend/src/modules/index.js","statementMap":{},"fnMap":{},"branchMap":{},"s":{},"f":{},"b":{},"_coverageSchema":"1a1c01bbd47fc00a2c39e90264f33305004495a9","hash":"86ac2337ac5645b905a59163019a574270c591e7"}
,"/mnt/c/Users/delga/OneDrive/Escritorio/Repositorio/eco-savor-frontend/src/services/api.js": {"path":"/mnt/c/Users/delga/OneDrive/Escritorio/Repositorio/eco-savor-frontend/src/services/api.js","statementMap":{"0":{"start":{"line":4,"column":21},"end":{"line":4,"column":86}},"1":{"start":{"line":6,"column":12},"end":{"line":11,"column":2}},"2":{"start":{"line":14,"column":0},"end":{"line":23,"column":2}},"3":{"start":{"line":16,"column":18},"end":{"line":16,"column":47}},"4":{"start":{"line":17,"column":4},"end":{"line":19,"column":5}},"5":{"start":{"line":18,"column":6},"end":{"line":18,"column":55}},"6":{"start":{"line":20,"column":4},"end":{"line":20,"column":18}},"7":{"start":{"line":22,"column":13},"end":{"line":22,"column":34}},"8":{"start":{"line":26,"column":0},"end":{"line":42,"column":2}},"9":{"start":{"line":27,"column":16},"end":{"line":27,"column":24}},"10":{"start":{"line":29,"column":4},"end":{"line":35,"column":5}},"11":{"start":{"line":31,"column":6},"end":{"line":31,"column":39}},"12":{"start":{"line":32,"column":6},"end":{"line":32,"column":38}},"13":{"start":{"line":34,"column":6},"end":{"line":34,"column":59}},"14":{"start":{"line":36,"column":4},"end":{"line":39,"column":5}},"15":{"start":{"line":38,"column":6},"end":{"line":38,"column":65}},"16":{"start":{"line":40,"column":4},"end":{"line":40,"column":33}}},"fnMap":{"0":{"name":"(anonymous_0)","decl":{"start":{"line":15,"column":2},"end":{"line":15,"column":3}},"loc":{"start":{"line":15,"column":14},"end":{"line":21,"column":3}},"line":15},"1":{"name":"(anonymous_1)","decl":{"start":{"line":22,"column":2},"end":{"line":22,"column":3}},"loc":{"start":{"line":22,"column":13},"end":{"line":22,"column":34}},"line":22},"2":{"name":"(anonymous_2)","decl":{"start":{"line":27,"column":2},"end":{"line":27,"column":3}},"loc":{"start":{"line":27,"column":16},"end":{"line":27,"column":24}},"line":27},"3":{"name":"(anonymous_3)","decl":{"start":{"line":28,"column":2},"end":{"line":28,"column":3}},"loc":{"start":{"line":28,"column":13},"end":{"line":41,"column":3}},"line":28}},"branchMap":{"0":{"loc":{"start":{"line":4,"column":21},"end":{"line":4,"column":86}},"type":"binary-expr","locations":[{"start":{"line":4,"column":21},"end":{"line":4,"column":55}},{"start":{"line":4,"column":59},"end":{"line":4,"column":86}}],"line":4},"1":{"loc":{"start":{"line":17,"column":4},"end":{"line":19,"column":5}},"type":"if","locations":[{"start":{"line":17,"column":4},"end":{"line":19,"column":5}},{"start":{},"end":{}}],"line":17},"2":{"loc":{"start":{"line":29,"column":4},"end":{"line":35,"column":5}},"type":"if","locations":[{"start":{"line":29,"column":4},"end":{"line":35,"column":5}},{"start":{},"end":{}}],"line":29},"3":{"loc":{"start":{"line":36,"column":4},"end":{"line":39,"column":5}},"type":"if","locations":[{"start":{"line":36,"column":4},"end":{"line":39,"column":5}},{"start":{},"end":{}}],"line":36}},"s":{"0":10,"1":10,"2":10,"3":2,"4":2,"5":1,"6":2,"7":0,"8":10,"9":0,"10":2,"11":1,"12":1,"13":1,"14":2,"15":0,"16":2},"f":{"0":2,"1":0,"2":0,"3":2},"b":{"0":[10,9],"1":[1,1],"2":[1,1],"3":[0,2]},"_coverageSchema":"1a1c01bbd47fc00a2c39e90264f33305004495a9","hash":"5215d3b7eda1bc48d6f9b138368c42e94e697dde"}
,"/mnt/c/Users/delga/OneDrive/Escritorio/Repositorio/eco-savor-frontend/src/utils/errors.js": {"path":"/mnt/c/Users/delga/OneDrive/Escritorio/Repositorio/eco-savor-frontend/src/utils/errors.js","statementMap":{"0":{"start":{"line":4,"column":2},"end":{"line":4,"column":66}}},"fnMap":{"0":{"name":"getErrorMessage","decl":{"start":{"line":3,"column":16},"end":{"line":3,"column":31}},"loc":{"start":{"line":3,"column":49},"end":{"line":5,"column":1}},"line":3}},"branchMap":{"0":{"loc":{"start":{"line":4,"column":9},"end":{"line":4,"column":65}},"type":"binary-expr","locations":[{"start":{"line":4,"column":9},"end":{"line":4,"column":36}},{"start":{"line":4,"column":40},"end":{"line":4,"column":53}},{"start":{"line":4,"column":57},"end":{"line":4,"column":65}}],"line":4}},"s":{"0":0},"f":{"0":0},"b":{"0":[0,0,0]},"_coverageSchema":"1a1c01bbd47fc00a2c39e90264f33305004495a9","hash":"2e12e09400598aa59d81e1e7c17c18f2945d4803"}
,"/mnt/c/Users/delga/OneDrive/Escritorio/Repositorio/eco-savor-frontend/src/utils/productDisplay.js": {"path":"/mnt/c/Users/delga/OneDrive/Escritorio/Repositorio/eco-savor-frontend/src/utils/productDisplay.js","statementMap":{"0":{"start":{"line":7,"column":20},"end":{"line":7,"column":45}},"1":{"start":{"line":8,"column":24},"end":{"line":8,"column":53}},"2":{"start":{"line":10,"column":2},"end":{"line":10,"column":49}},"3":{"start":{"line":10,"column":37},"end":{"line":10,"column":49}},"4":{"start":{"line":11,"column":2},"end":{"line":11,"column":47}},"5":{"start":{"line":11,"column":35},"end":{"line":11,"column":47}},"6":{"start":{"line":12,"column":2},"end":{"line":12,"column":47}},"7":{"start":{"line":12,"column":35},"end":{"line":12,"column":47}},"8":{"start":{"line":13,"column":2},"end":{"line":13,"column":55}},"9":{"start":{"line":13,"column":43},"end":{"line":13,"column":55}},"10":{"start":{"line":15,"column":2},"end":{"line":15,"column":112}},"11":{"start":{"line":15,"column":100},"end":{"line":15,"column":112}},"12":{"start":{"line":16,"column":2},"end":{"line":16,"column":81}},"13":{"start":{"line":16,"column":69},"end":{"line":16,"column":81}},"14":{"start":{"line":17,"column":2},"end":{"line":17,"column":51}},"15":{"start":{"line":17,"column":39},"end":{"line":17,"column":51}},"16":{"start":{"line":18,"column":2},"end":{"line":18,"column":47}},"17":{"start":{"line":18,"column":35},"end":{"line":18,"column":47}},"18":{"start":{"line":19,"column":2},"end":{"line":19,"column":47}},"19":{"start":{"line":19,"column":35},"end":{"line":19,"column":47}},"20":{"start":{"line":20,"column":2},"end":{"line":20,"column":85}},"21":{"start":{"line":20,"column":73},"end":{"line":20,"column":85}},"22":{"start":{"line":21,"column":2},"end":{"line":21,"column":45}},"23":{"start":{"line":21,"column":33},"end":{"line":21,"column":45}},"24":{"start":{"line":22,"column":2},"end":{"line":22,"column":50}},"25":{"start":{"line":22,"column":38},"end":{"line":22,"column":50}},"26":{"start":{"line":24,"column":2},"end":{"line":24,"column":14}}},"fnMap":{"0":{"name":"getEmojiForProduct","decl":{"start":{"line":6,"column":16},"end":{"line":6,"column":34}},"loc":{"start":{"line":6,"column":51},"end":{"line":25,"column":1}},"line":6}},"branchMap":{"0":{"loc":{"start":{"line":7,"column":20},"end":{"line":7,"column":45}},"type":"binary-expr","locations":[{"start":{"line":7,"column":20},"end":{"line":7,"column":39}},{"start":{"line":7,"column":43},"end":{"line":7,"column":45}}],"line":7},"1":{"loc":{"start":{"line":8,"column":24},"end":{"line":8,"column":53}},"type":"binary-expr","locations":[{"start":{"line":8,"column":24},"end":{"line":8,"column":47}},{"start":{"line":8,"column":51},"end":{"line":8,"column":53}}],"line":8},"2":{"loc":{"start":{"line":10,"column":2},"end":{"line":10,"column":49}},"type":"if","locations":[{"start":{"line":10,"column":2},"end":{"line":10,"column":49}},{"start":{},"end":{}}],"line":10},"3":{"loc":{"start":{"line":11,"column":2},"end":{"line":11,"column":47}},"type":"if","locations":[{"start":{"line":11,"column":2},"end":{"line":11,"column":47}},{"start":{},"end":{}}],"line":11},"4":{"loc":{"start":{"line":12,"column":2},"end":{"line":12,"column":47}},"type":"if","locations":[{"start":{"line":12,"column":2},"end":{"line":12,"column":47}},{"start":{},"end":{}}],"line":12},"5":{"loc":{"start":{"line":13,"column":2},"end":{"line":13,"column":55}},"type":"if","locations":[{"start":{"line":13,"column":2},"end":{"line":13,"column":55}},{"start":{},"end":{}}],"line":13},"6":{"loc":{"start":{"line":15,"column":2},"end":{"line":15,"column":112}},"type":"if","locations":[{"start":{"line":15,"column":2},"end":{"line":15,"column":112}},{"start":{},"end":{}}],"line":15},"7":{"loc":{"start":{"line":15,"column":6},"end":{"line":15,"column":98}},"type":"binary-expr","locations":[{"start":{"line":15,"column":6},"end":{"line":15,"column":34}},{"start":{"line":15,"column":38},"end":{"line":15,"column":67}},{"start":{"line":15,"column":71},"end":{"line":15,"column":98}}],"line":15},"8":{"loc":{"start":{"line":16,"column":2},"end":{"line":16,"column":81}},"type":"if","locations":[{"start":{"line":16,"column":2},"end":{"line":16,"column":81}},{"start":{},"end":{}}],"line":16},"9":{"loc":{"start":{"line":16,"column":6},"end":{"line":16,"column":67}},"type":"binary-expr","locations":[{"start":{"line":16,"column":6},"end":{"line":16,"column":33}},{"start":{"line":16,"column":37},"end":{"line":16,"column":67}}],"line":16},"10":{"loc":{"start":{"line":17,"column":2},"end":{"line":17,"column":51}},"type":"if","locations":[{"start":{"line":17,"column":2},"end":{"line":17,"column":51}},{"start":{},"end":{}}],"line":17},"11":{"loc":{"start":{"line":18,"column":2},"end":{"line":18,"column":47}},"type":"if","locations":[{"start":{"line":18,"column":2},"end":{"line":18,"column":47}},{"start":{},"end":{}}],"line":18},"12":{"loc":{"start":{"line":19,"column":2},"end":{"line":19,"column":47}},"type":"if","locations":[{"start":{"line":19,"column":2},"end":{"line":19,"column":47}},{"start":{},"end":{}}],"line":19},"13":{"loc":{"start":{"line":20,"column":2},"end":{"line":20,"column":85}},"type":"if","locations":[{"start":{"line":20,"column":2},"end":{"line":20,"column":85}},{"start":{},"end":{}}],"line":20},"14":{"loc":{"start":{"line":20,"column":6},"end":{"line":20,"column":71}},"type":"binary-expr","locations":[{"start":{"line":20,"column":6},"end":{"line":20,"column":34}},{"start":{"line":20,"column":38},"end":{"line":20,"column":71}}],"line":20},"15":{"loc":{"start":{"line":21,"column":2},"end":{"line":21,"column":45}},"type":"if","locations":[{"start":{"line":21,"column":2},"end":{"line":21,"column":45}},{"start":{},"end":{}}],"line":21},"16":{"loc":{"start":{"line":22,"column":2},"end":{"line":22,"column":50}},"type":"if","locations":[{"start":{"line":22,"column":2},"end":{"line":22,"column":50}},{"start":{},"end":{}}],"line":22}},"s":{"0":3,"1":3,"2":3,"3":0,"4":3,"5":0,"6":3,"7":0,"8":3,"9":0,"10":3,"11":0,"12":3,"13":0,"14":3,"15":0,"16":3,"17":3,"18":0,"19":0,"20":0,"21":0,"22":0,"23":0,"24":0,"25":0,"26":0},"f":{"0":3},"b":{"0":[3,0],"1":[3,3],"2":[0,3],"3":[0,3],"4":[0,3],"5":[0,3],"6":[0,3],"7":[3,3,3],"8":[0,3],"9":[3,3],"10":[0,3],"11":[3,0],"12":[0,0],"13":[0,0],"14":[0,0],"15":[0,0],"16":[0,0]},"_coverageSchema":"1a1c01bbd47fc00a2c39e90264f33305004495a9","hash":"530e7a92a16bf5414d65cb0ecffa64f2c660bdac"}
,"/mnt/c/Users/delga/OneDrive/Escritorio/Repositorio/eco-savor-frontend/src/viewmodels/useAuthViewModel.js": {"path":"/mnt/c/Users/delga/OneDrive/Escritorio/Repositorio/eco-savor-frontend/src/viewmodels/useAuthViewModel.js","statementMap":{"0":{"start":{"line":8,"column":30},"end":{"line":8,"column":45}},"1":{"start":{"line":9,"column":38},"end":{"line":9,"column":52}},"2":{"start":{"line":12,"column":2},"end":{"line":49,"column":17}},"3":{"start":{"line":13,"column":18},"end":{"line":13,"column":47}},"4":{"start":{"line":14,"column":4},"end":{"line":48,"column":5}},"5":{"start":{"line":15,"column":6},"end":{"line":47,"column":7}},"6":{"start":{"line":17,"column":26},"end":{"line":17,"column":45}},"7":{"start":{"line":18,"column":23},"end":{"line":18,"column":70}},"8":{"start":{"line":19,"column":24},"end":{"line":19,"column":48}},"9":{"start":{"line":22,"column":8},"end":{"line":26,"column":9}},"10":{"start":{"line":23,"column":10},"end":{"line":23,"column":66}},"11":{"start":{"line":24,"column":10},"end":{"line":24,"column":43}},"12":{"start":{"line":25,"column":10},"end":{"line":25,"column":17}},"13":{"start":{"line":28,"column":23},"end":{"line":33,"column":7}},"14":{"start":{"line":35,"column":8},"end":{"line":35,"column":73}},"15":{"start":{"line":37,"column":8},"end":{"line":43,"column":11}},"16":{"start":{"line":45,"column":8},"end":{"line":45,"column":44}},"17":{"start":{"line":46,"column":8},"end":{"line":46,"column":41}},"18":{"start":{"line":52,"column":16},"end":{"line":83,"column":16}},"19":{"start":{"line":53,"column":4},"end":{"line":53,"column":90}},"20":{"start":{"line":54,"column":4},"end":{"line":54,"column":24}},"21":{"start":{"line":56,"column":4},"end":{"line":82,"column":5}},"22":{"start":{"line":57,"column":23},"end":{"line":57,"column":73}},"23":{"start":{"line":58,"column":19},"end":{"line":58,"column":32}},"24":{"start":{"line":60,"column":6},"end":{"line":60,"column":57}},"25":{"start":{"line":63,"column":6},"end":{"line":66,"column":9}},"26":{"start":{"line":69,"column":6},"end":{"line":69,"column":48}},"27":{"start":{"line":70,"column":6},"end":{"line":70,"column":62}},"28":{"start":{"line":72,"column":6},"end":{"line":72,"column":76}},"29":{"start":{"line":74,"column":6},"end":{"line":74,"column":31}},"30":{"start":{"line":76,"column":22},"end":{"line":76,"column":71}},"31":{"start":{"line":77,"column":6},"end":{"line":77,"column":29}},"32":{"start":{"line":78,"column":6},"end":{"line":78,"column":66}},"33":{"start":{"line":79,"column":6},"end":{"line":79,"column":48}},"34":{"start":{"line":81,"column":6},"end":{"line":81,"column":93}},"35":{"start":{"line":86,"column":19},"end":{"line":103,"column":16}},"36":{"start":{"line":87,"column":4},"end":{"line":87,"column":90}},"37":{"start":{"line":88,"column":4},"end":{"line":88,"column":24}},"38":{"start":{"line":90,"column":4},"end":{"line":102,"column":5}},"39":{"start":{"line":91,"column":23},"end":{"line":91,"column":65}},"40":{"start":{"line":92,"column":19},"end":{"line":92,"column":32}},"41":{"start":{"line":94,"column":6},"end":{"line":94,"column":48}},"42":{"start":{"line":96,"column":22},"end":{"line":96,"column":66}},"43":{"start":{"line":97,"column":6},"end":{"line":97,"column":29}},"44":{"start":{"line":98,"column":6},"end":{"line":98,"column":66}},"45":{"start":{"line":99,"column":6},"end":{"line":99,"column":48}},"46":{"start":{"line":101,"column":6},"end":{"line":101,"column":93}},"47":{"start":{"line":106,"column":17},"end":{"line":109,"column":16}},"48":{"start":{"line":107,"column":4},"end":{"line":107,"column":37}},"49":{"start":{"line":108,"column":4},"end":{"line":108,"column":43}},"50":{"start":{"line":112,"column":26},"end":{"line":112,"column":39}},"51":{"start":{"line":113,"column":15},"end":{"line":113,"column":25}},"52":{"start":{"line":115,"column":2},"end":{"line":126,"column":4}}},"fnMap":{"0":{"name":"useAuthViewModel","decl":{"start":{"line":7,"column":16},"end":{"line":7,"column":32}},"loc":{"start":{"line":7,"column":35},"end":{"line":127,"column":1}},"line":7},"1":{"name":"(anonymous_1)","decl":{"start":{"line":12,"column":12},"end":{"line":12,"column":13}},"loc":{"start":{"line":12,"column":18},"end":{"line":49,"column":3}},"line":12},"2":{"name":"(anonymous_2)","decl":{"start":{"line":52,"column":28},"end":{"line":52,"column":29}},"loc":{"start":{"line":52,"column":55},"end":{"line":83,"column":3}},"line":52},"3":{"name":"(anonymous_3)","decl":{"start":{"line":86,"column":31},"end":{"line":86,"column":32}},"loc":{"start":{"line":86,"column":51},"end":{"line":103,"column":3}},"line":86},"4":{"name":"(anonymous_4)","decl":{"start":{"line":106,"column":29},"end":{"line":106,"column":30}},"loc":{"start":{"line":106,"column":35},"end":{"line":109,"column":3}},"line":106}},"branchMap":{"0":{"loc":{"start":{"line":14,"column":4},"end":{"line":48,"column":5}},"type":"if","locations":[{"start":{"line":14,"column":4},"end":{"line":48,"column":5}},{"start":{},"end":{}}],"line":14},"1":{"loc":{"start":{"line":22,"column":8},"end":{"line":26,"column":9}},"type":"if","locations":[{"start":{"line":22,"column":8},"end":{"line":26,"column":9}},{"start":{},"end":{}}],"line":22},"2":{"loc":{"start":{"line":22,"column":12},"end":{"line":22,"column":58}},"type":"binary-expr","locations":[{"start":{"line":22,"column":12},"end":{"line":22,"column":23}},{"start":{"line":22,"column":27},"end":{"line":22,"column":58}}],"line":22},"3":{"loc":{"start":{"line":32,"column":14},"end":{"line":32,"column":58}},"type":"binary-expr","locations":[{"start":{"line":32,"column":14},"end":{"line":32,"column":26}},{"start":{"line":32,"column":30},"end":{"line":32,"column":58}}],"line":32},"4":{"loc":{"start":{"line":118,"column":11},"end":{"line":118,"column":36}},"type":"binary-expr","locations":[{"start":{"line":118,"column":11},"end":{"line":118,"column":21}},{"start":{"line":118,"column":25},"end":{"line":118,"column":36}}],"line":118}},"s":{"0":3,"1":3,"2":3,"3":2,"4":2,"5":2,"6":2,"7":2,"8":2,"9":2,"10":1,"11":1,"12":1,"13":1,"14":1,"15":1,"16":0,"17":0,"18":3,"19":0,"20":0,"21":0,"22":0,"23":0,"24":0,"25":0,"26":0,"27":0,"28":0,"29":0,"30":0,"31":0,"32":0,"33":0,"34":0,"35":3,"36":0,"37":0,"38":0,"39":0,"40":0,"41":0,"42":0,"43":0,"44":0,"45":0,"46":0,"47":3,"48":0,"49":0,"50":3,"51":3,"52":3},"f":{"0":3,"1":2,"2":0,"3":0,"4":0},"b":{"0":[2,0],"1":[1,1],"2":[2,2],"3":[1,1],"4":[3,3]},"_coverageSchema":"1a1c01bbd47fc00a2c39e90264f33305004495a9","hash":"335e6854ee42db2fc987596d3768234da2be9111"}
,"/mnt/c/Users/delga/OneDrive/Escritorio/Repositorio/eco-savor-frontend/src/viewmodels/useGuestCartViewModel.js": {"path":"/mnt/c/Users/delga/OneDrive/Escritorio/Repositorio/eco-savor-frontend/src/viewmodels/useGuestCartViewModel.js","statementMap":{"0":{"start":{"line":6,"column":17},"end":{"line":6,"column":38}},"1":{"start":{"line":9,"column":36},"end":{"line":9,"column":54}},"2":{"start":{"line":10,"column":26},"end":{"line":10,"column":46}},"3":{"start":{"line":12,"column":36},"end":{"line":20,"column":4}},"4":{"start":{"line":14,"column":4},"end":{"line":19,"column":5}},"5":{"start":{"line":15,"column":20},"end":{"line":15,"column":50}},"6":{"start":{"line":16,"column":6},"end":{"line":16,"column":44}},"7":{"start":{"line":18,"column":6},"end":{"line":18,"column":16}},"8":{"start":{"line":23,"column":44},"end":{"line":23,"column":71}},"9":{"start":{"line":24,"column":28},"end":{"line":24,"column":40}},"10":{"start":{"line":25,"column":38},"end":{"line":25,"column":50}},"11":{"start":{"line":26,"column":44},"end":{"line":26,"column":59}},"12":{"start":{"line":29,"column":2},"end":{"line":43,"column":9}},"13":{"start":{"line":30,"column":32},"end":{"line":39,"column":5}},"14":{"start":{"line":31,"column":6},"end":{"line":38,"column":7}},"15":{"start":{"line":32,"column":8},"end":{"line":37,"column":9}},"16":{"start":{"line":33,"column":25},"end":{"line":33,"column":65}},"17":{"start":{"line":34,"column":10},"end":{"line":34,"column":31}},"18":{"start":{"line":36,"column":10},"end":{"line":36,"column":71}},"19":{"start":{"line":41,"column":4},"end":{"line":41,"column":60}},"20":{"start":{"line":42,"column":4},"end":{"line":42,"column":76}},"21":{"start":{"line":42,"column":17},"end":{"line":42,"column":75}},"22":{"start":{"line":46,"column":2},"end":{"line":50,"column":18}},"23":{"start":{"line":47,"column":4},"end":{"line":47,"column":62}},"24":{"start":{"line":49,"column":4},"end":{"line":49,"column":92}},"25":{"start":{"line":53,"column":20},"end":{"line":96,"column":17}},"26":{"start":{"line":54,"column":27},"end":{"line":54,"column":65}},"27":{"start":{"line":57,"column":25},"end":{"line":59,"column":5}},"28":{"start":{"line":58,"column":16},"end":{"line":58,"column":67}},"29":{"start":{"line":60,"column":23},"end":{"line":60,"column":50}},"30":{"start":{"line":63,"column":4},"end":{"line":68,"column":5}},"31":{"start":{"line":64,"column":6},"end":{"line":67,"column":8}},"32":{"start":{"line":70,"column":4},"end":{"line":93,"column":7}},"33":{"start":{"line":71,"column":28},"end":{"line":73,"column":7}},"34":{"start":{"line":72,"column":18},"end":{"line":72,"column":69}},"35":{"start":{"line":76,"column":6},"end":{"line":90,"column":7}},"36":{"start":{"line":77,"column":8},"end":{"line":77,"column":28}},"37":{"start":{"line":78,"column":8},"end":{"line":81,"column":10}},"38":{"start":{"line":84,"column":43},"end":{"line":84,"column":50}},"39":{"start":{"line":85,"column":8},"end":{"line":89,"column":11}},"40":{"start":{"line":92,"column":6},"end":{"line":92,"column":21}},"41":{"start":{"line":95,"column":4},"end":{"line":95,"column":29}},"42":{"start":{"line":99,"column":25},"end":{"line":104,"column":8}},"43":{"start":{"line":100,"column":4},"end":{"line":103,"column":7}},"44":{"start":{"line":101,"column":22},"end":{"line":101,"column":92}},"45":{"start":{"line":101,"column":44},"end":{"line":101,"column":91}},"46":{"start":{"line":102,"column":6},"end":{"line":102,"column":21}},"47":{"start":{"line":107,"column":25},"end":{"line":131,"column":22}},"48":{"start":{"line":108,"column":4},"end":{"line":111,"column":5}},"49":{"start":{"line":109,"column":6},"end":{"line":109,"column":32}},"50":{"start":{"line":110,"column":6},"end":{"line":110,"column":31}},"51":{"start":{"line":114,"column":4},"end":{"line":119,"column":5}},"52":{"start":{"line":115,"column":6},"end":{"line":118,"column":8}},"53":{"start":{"line":121,"column":4},"end":{"line":128,"column":7}},"54":{"start":{"line":122,"column":22},"end":{"line":126,"column":7}},"55":{"start":{"line":123,"column":8},"end":{"line":125,"column":16}},"56":{"start":{"line":127,"column":6},"end":{"line":127,"column":21}},"57":{"start":{"line":130,"column":4},"end":{"line":130,"column":29}},"58":{"start":{"line":134,"column":20},"end":{"line":138,"column":8}},"59":{"start":{"line":135,"column":4},"end":{"line":135,"column":38}},"60":{"start":{"line":136,"column":4},"end":{"line":136,"column":85}},"61":{"start":{"line":137,"column":4},"end":{"line":137,"column":21}},"62":{"start":{"line":141,"column":16},"end":{"line":145,"column":7}},"63":{"start":{"line":142,"column":18},"end":{"line":142,"column":57}},"64":{"start":{"line":143,"column":16},"end":{"line":143,"column":34}},"65":{"start":{"line":144,"column":4},"end":{"line":144,"column":29}},"66":{"start":{"line":147,"column":20},"end":{"line":147,"column":82}},"67":{"start":{"line":147,"column":52},"end":{"line":147,"column":78}},"68":{"start":{"line":152,"column":31},"end":{"line":157,"column":17}},"69":{"start":{"line":153,"column":4},"end":{"line":155,"column":5}},"70":{"start":{"line":154,"column":6},"end":{"line":154,"column":62}},"71":{"start":{"line":156,"column":4},"end":{"line":156,"column":27}},"72":{"start":{"line":160,"column":23},"end":{"line":165,"column":23}},"73":{"start":{"line":161,"column":4},"end":{"line":163,"column":5}},"74":{"start":{"line":162,"column":6},"end":{"line":162,"column":74}},"75":{"start":{"line":164,"column":4},"end":{"line":164,"column":27}},"76":{"start":{"line":168,"column":35},"end":{"line":177,"column":17}},"77":{"start":{"line":169,"column":26},"end":{"line":169,"column":80}},"78":{"start":{"line":169,"column":60},"end":{"line":169,"column":77}},"79":{"start":{"line":170,"column":4},"end":{"line":175,"column":5}},"80":{"start":{"line":171,"column":6},"end":{"line":174,"column":8}},"81":{"start":{"line":176,"column":4},"end":{"line":176,"column":27}},"82":{"start":{"line":180,"column":24},"end":{"line":191,"column":17}},"83":{"start":{"line":181,"column":4},"end":{"line":189,"column":5}},"84":{"start":{"line":182,"column":29},"end":{"line":182,"column":61}},"85":{"start":{"line":183,"column":6},"end":{"line":188,"column":7}},"86":{"start":{"line":184,"column":8},"end":{"line":187,"column":10}},"87":{"start":{"line":190,"column":4},"end":{"line":190,"column":27}},"88":{"start":{"line":194,"column":27},"end":{"line":214,"column":64}},"89":{"start":{"line":195,"column":30},"end":{"line":195,"column":81}},"90":{"start":{"line":197,"column":4},"end":{"line":213,"column":6}},"91":{"start":{"line":198,"column":36},"end":{"line":205,"column":7}},"92":{"start":{"line":217,"column":19},"end":{"line":270,"column":118}},"93":{"start":{"line":219,"column":4},"end":{"line":221,"column":5}},"94":{"start":{"line":220,"column":6},"end":{"line":220,"column":74}},"95":{"start":{"line":224,"column":27},"end":{"line":224,"column":41}},"96":{"start":{"line":225,"column":4},"end":{"line":228,"column":5}},"97":{"start":{"line":226,"column":6},"end":{"line":226,"column":28}},"98":{"start":{"line":227,"column":6},"end":{"line":227,"column":61}},"99":{"start":{"line":230,"column":33},"end":{"line":230,"column":59}},"100":{"start":{"line":231,"column":4},"end":{"line":233,"column":5}},"101":{"start":{"line":232,"column":6},"end":{"line":232,"column":67}},"102":{"start":{"line":235,"column":28},"end":{"line":235,"column":43}},"103":{"start":{"line":236,"column":4},"end":{"line":238,"column":5}},"104":{"start":{"line":237,"column":6},"end":{"line":237,"column":62}},"105":{"start":{"line":241,"column":4},"end":{"line":241,"column":27}},"106":{"start":{"line":243,"column":4},"end":{"line":269,"column":5}},"107":{"start":{"line":244,"column":24},"end":{"line":244,"column":42}},"108":{"start":{"line":245,"column":6},"end":{"line":245,"column":62}},"109":{"start":{"line":247,"column":21},"end":{"line":247,"column":49}},"110":{"start":{"line":249,"column":6},"end":{"line":263,"column":7}},"111":{"start":{"line":250,"column":8},"end":{"line":250,"column":60}},"112":{"start":{"line":251,"column":8},"end":{"line":251,"column":20}},"113":{"start":{"line":253,"column":8},"end":{"line":255,"column":9}},"114":{"start":{"line":254,"column":10},"end":{"line":254,"column":32}},"115":{"start":{"line":256,"column":8},"end":{"line":256,"column":52}},"116":{"start":{"line":258,"column":8},"end":{"line":258,"column":75}},"117":{"start":{"line":259,"column":8},"end":{"line":261,"column":9}},"118":{"start":{"line":260,"column":10},"end":{"line":260,"column":78}},"119":{"start":{"line":262,"column":8},"end":{"line":262,"column":82}},"120":{"start":{"line":265,"column":6},"end":{"line":265,"column":62}},"121":{"start":{"line":266,"column":6},"end":{"line":266,"column":77}},"122":{"start":{"line":268,"column":6},"end":{"line":268,"column":30}},"123":{"start":{"line":273,"column":30},"end":{"line":275,"column":8}},"124":{"start":{"line":274,"column":4},"end":{"line":274,"column":28}},"125":{"start":{"line":277,"column":22},"end":{"line":279,"column":8}},"126":{"start":{"line":278,"column":4},"end":{"line":278,"column":20}},"127":{"start":{"line":281,"column":27},"end":{"line":283,"column":8}},"128":{"start":{"line":282,"column":4},"end":{"line":282,"column":24}},"129":{"start":{"line":285,"column":2},"end":{"line":306,"column":4}}},"fnMap":{"0":{"name":"useGuestCartViewModel","decl":{"start":{"line":8,"column":16},"end":{"line":8,"column":37}},"loc":{"start":{"line":8,"column":40},"end":{"line":307,"column":1}},"line":8},"1":{"name":"(anonymous_1)","decl":{"start":{"line":12,"column":45},"end":{"line":12,"column":46}},"loc":{"start":{"line":12,"column":51},"end":{"line":20,"column":3}},"line":12},"2":{"name":"(anonymous_2)","decl":{"start":{"line":29,"column":12},"end":{"line":29,"column":13}},"loc":{"start":{"line":29,"column":18},"end":{"line":43,"column":3}},"line":29},"3":{"name":"(anonymous_3)","decl":{"start":{"line":30,"column":32},"end":{"line":30,"column":33}},"loc":{"start":{"line":30,"column":39},"end":{"line":39,"column":5}},"line":30},"4":{"name":"(anonymous_4)","decl":{"start":{"line":42,"column":11},"end":{"line":42,"column":12}},"loc":{"start":{"line":42,"column":17},"end":{"line":42,"column":75}},"line":42},"5":{"name":"(anonymous_5)","decl":{"start":{"line":46,"column":12},"end":{"line":46,"column":13}},"loc":{"start":{"line":46,"column":18},"end":{"line":50,"column":3}},"line":46},"6":{"name":"(anonymous_6)","decl":{"start":{"line":53,"column":32},"end":{"line":53,"column":33}},"loc":{"start":{"line":53,"column":45},"end":{"line":96,"column":3}},"line":53},"7":{"name":"(anonymous_7)","decl":{"start":{"line":58,"column":6},"end":{"line":58,"column":7}},"loc":{"start":{"line":58,"column":16},"end":{"line":58,"column":67}},"line":58},"8":{"name":"(anonymous_8)","decl":{"start":{"line":70,"column":17},"end":{"line":70,"column":18}},"loc":{"start":{"line":70,"column":27},"end":{"line":93,"column":5}},"line":70},"9":{"name":"(anonymous_9)","decl":{"start":{"line":72,"column":8},"end":{"line":72,"column":9}},"loc":{"start":{"line":72,"column":18},"end":{"line":72,"column":69}},"line":72},"10":{"name":"(anonymous_10)","decl":{"start":{"line":99,"column":37},"end":{"line":99,"column":38}},"loc":{"start":{"line":99,"column":52},"end":{"line":104,"column":3}},"line":99},"11":{"name":"(anonymous_11)","decl":{"start":{"line":100,"column":17},"end":{"line":100,"column":18}},"loc":{"start":{"line":100,"column":27},"end":{"line":103,"column":5}},"line":100},"12":{"name":"(anonymous_12)","decl":{"start":{"line":101,"column":34},"end":{"line":101,"column":35}},"loc":{"start":{"line":101,"column":44},"end":{"line":101,"column":91}},"line":101},"13":{"name":"(anonymous_13)","decl":{"start":{"line":107,"column":37},"end":{"line":107,"column":38}},"loc":{"start":{"line":107,"column":76},"end":{"line":131,"column":3}},"line":107},"14":{"name":"(anonymous_14)","decl":{"start":{"line":121,"column":17},"end":{"line":121,"column":18}},"loc":{"start":{"line":121,"column":27},"end":{"line":128,"column":5}},"line":121},"15":{"name":"(anonymous_15)","decl":{"start":{"line":122,"column":31},"end":{"line":122,"column":32}},"loc":{"start":{"line":123,"column":8},"end":{"line":125,"column":16}},"line":123},"16":{"name":"(anonymous_16)","decl":{"start":{"line":134,"column":32},"end":{"line":134,"column":33}},"loc":{"start":{"line":134,"column":38},"end":{"line":138,"column":3}},"line":134},"17":{"name":"(anonymous_17)","decl":{"start":{"line":141,"column":33},"end":{"line":141,"column":34}},"loc":{"start":{"line":141,"column":48},"end":{"line":145,"column":3}},"line":141},"18":{"name":"(anonymous_18)","decl":{"start":{"line":147,"column":37},"end":{"line":147,"column":38}},"loc":{"start":{"line":147,"column":52},"end":{"line":147,"column":78}},"line":147},"19":{"name":"(anonymous_19)","decl":{"start":{"line":152,"column":43},"end":{"line":152,"column":44}},"loc":{"start":{"line":152,"column":49},"end":{"line":157,"column":3}},"line":152},"20":{"name":"(anonymous_20)","decl":{"start":{"line":160,"column":35},"end":{"line":160,"column":36}},"loc":{"start":{"line":160,"column":41},"end":{"line":165,"column":3}},"line":160},"21":{"name":"(anonymous_21)","decl":{"start":{"line":168,"column":47},"end":{"line":168,"column":48}},"loc":{"start":{"line":168,"column":53},"end":{"line":177,"column":3}},"line":168},"22":{"name":"(anonymous_22)","decl":{"start":{"line":169,"column":52},"end":{"line":169,"column":53}},"loc":{"start":{"line":169,"column":60},"end":{"line":169,"column":77}},"line":169},"23":{"name":"(anonymous_23)","decl":{"start":{"line":180,"column":36},"end":{"line":180,"column":37}},"loc":{"start":{"line":180,"column":42},"end":{"line":191,"column":3}},"line":180},"24":{"name":"(anonymous_24)","decl":{"start":{"line":194,"column":39},"end":{"line":194,"column":40}},"loc":{"start":{"line":194,"column":45},"end":{"line":214,"column":3}},"line":194},"25":{"name":"(anonymous_25)","decl":{"start":{"line":198,"column":27},"end":{"line":198,"column":28}},"loc":{"start":{"line":198,"column":36},"end":{"line":205,"column":7}},"line":198},"26":{"name":"(anonymous_26)","decl":{"start":{"line":217,"column":31},"end":{"line":217,"column":32}},"loc":{"start":{"line":217,"column":53},"end":{"line":270,"column":3}},"line":217},"27":{"name":"(anonymous_27)","decl":{"start":{"line":273,"column":42},"end":{"line":273,"column":43}},"loc":{"start":{"line":273,"column":53},"end":{"line":275,"column":3}},"line":273},"28":{"name":"(anonymous_28)","decl":{"start":{"line":277,"column":34},"end":{"line":277,"column":35}},"loc":{"start":{"line":277,"column":45},"end":{"line":279,"column":3}},"line":277},"29":{"name":"(anonymous_29)","decl":{"start":{"line":281,"column":39},"end":{"line":281,"column":40}},"loc":{"start":{"line":281,"column":49},"end":{"line":283,"column":3}},"line":281}},"branchMap":{"0":{"loc":{"start":{"line":16,"column":13},"end":{"line":16,"column":43}},"type":"cond-expr","locations":[{"start":{"line":16,"column":21},"end":{"line":16,"column":38}},{"start":{"line":16,"column":41},"end":{"line":16,"column":43}}],"line":16},"1":{"loc":{"start":{"line":23,"column":53},"end":{"line":23,"column":70}},"type":"binary-expr","locations":[{"start":{"line":23,"column":53},"end":{"line":23,"column":64}},{"start":{"line":23,"column":68},"end":{"line":23,"column":70}}],"line":23},"2":{"loc":{"start":{"line":31,"column":6},"end":{"line":38,"column":7}},"type":"if","locations":[{"start":{"line":31,"column":6},"end":{"line":38,"column":7}},{"start":{},"end":{}}],"line":31},"3":{"loc":{"start":{"line":33,"column":25},"end":{"line":33,"column":65}},"type":"cond-expr","locations":[{"start":{"line":33,"column":38},"end":{"line":33,"column":60}},{"start":{"line":33,"column":63},"end":{"line":33,"column":65}}],"line":33},"4":{"loc":{"start":{"line":54,"column":27},"end":{"line":54,"column":65}},"type":"binary-expr","locations":[{"start":{"line":54,"column":27},"end":{"line":54,"column":40}},{"start":{"line":54,"column":44},"end":{"line":54,"column":60}},{"start":{"line":54,"column":64},"end":{"line":54,"column":65}}],"line":54},"5":{"loc":{"start":{"line":58,"column":16},"end":{"line":58,"column":67}},"type":"binary-expr","locations":[{"start":{"line":58,"column":16},"end":{"line":58,"column":40}},{"start":{"line":58,"column":44},"end":{"line":58,"column":67}}],"line":58},"6":{"loc":{"start":{"line":60,"column":23},"end":{"line":60,"column":50}},"type":"binary-expr","locations":[{"start":{"line":60,"column":23},"end":{"line":60,"column":45}},{"start":{"line":60,"column":49},"end":{"line":60,"column":50}}],"line":60},"7":{"loc":{"start":{"line":63,"column":4},"end":{"line":68,"column":5}},"type":"if","locations":[{"start":{"line":63,"column":4},"end":{"line":68,"column":5}},{"start":{},"end":{}}],"line":63},"8":{"loc":{"start":{"line":72,"column":18},"end":{"line":72,"column":69}},"type":"binary-expr","locations":[{"start":{"line":72,"column":18},"end":{"line":72,"column":42}},{"start":{"line":72,"column":46},"end":{"line":72,"column":69}}],"line":72},"9":{"loc":{"start":{"line":76,"column":6},"end":{"line":90,"column":7}},"type":"if","locations":[{"start":{"line":76,"column":6},"end":{"line":90,"column":7}},{"start":{"line":82,"column":13},"end":{"line":90,"column":7}}],"line":76},"10":{"loc":{"start":{"line":80,"column":21},"end":{"line":80,"column":57}},"type":"binary-expr","locations":[{"start":{"line":80,"column":21},"end":{"line":80,"column":52}},{"start":{"line":80,"column":56},"end":{"line":80,"column":57}}],"line":80},"11":{"loc":{"start":{"line":101,"column":44},"end":{"line":101,"column":91}},"type":"binary-expr","locations":[{"start":{"line":101,"column":44},"end":{"line":101,"column":66}},{"start":{"line":101,"column":70},"end":{"line":101,"column":91}}],"line":101},"12":{"loc":{"start":{"line":107,"column":59},"end":{"line":107,"column":71}},"type":"default-arg","locations":[{"start":{"line":107,"column":70},"end":{"line":107,"column":71}}],"line":107},"13":{"loc":{"start":{"line":108,"column":4},"end":{"line":111,"column":5}},"type":"if","locations":[{"start":{"line":108,"column":4},"end":{"line":111,"column":5}},{"start":{},"end":{}}],"line":108},"14":{"loc":{"start":{"line":114,"column":4},"end":{"line":119,"column":5}},"type":"if","locations":[{"start":{"line":114,"column":4},"end":{"line":119,"column":5}},{"start":{},"end":{}}],"line":114},"15":{"loc":{"start":{"line":114,"column":8},"end":{"line":114,"column":43}},"type":"binary-expr","locations":[{"start":{"line":114,"column":8},"end":{"line":114,"column":20}},{"start":{"line":114,"column":24},"end":{"line":114,"column":43}}],"line":114},"16":{"loc":{"start":{"line":123,"column":8},"end":{"line":125,"column":16}},"type":"cond-expr","locations":[{"start":{"line":124,"column":12},"end":{"line":124,"column":33}},{"start":{"line":125,"column":12},"end":{"line":125,"column":16}}],"line":123},"17":{"loc":{"start":{"line":123,"column":8},"end":{"line":123,"column":55}},"type":"binary-expr","locations":[{"start":{"line":123,"column":8},"end":{"line":123,"column":30}},{"start":{"line":123,"column":34},"end":{"line":123,"column":55}}],"line":123},"18":{"loc":{"start":{"line":142,"column":18},"end":{"line":142,"column":57}},"type":"binary-expr","locations":[{"start":{"line":142,"column":18},"end":{"line":142,"column":38}},{"start":{"line":142,"column":42},"end":{"line":142,"column":52}},{"start":{"line":142,"column":56},"end":{"line":142,"column":57}}],"line":142},"19":{"loc":{"start":{"line":143,"column":16},"end":{"line":143,"column":34}},"type":"binary-expr","locations":[{"start":{"line":143,"column":16},"end":{"line":143,"column":29}},{"start":{"line":143,"column":33},"end":{"line":143,"column":34}}],"line":143},"20":{"loc":{"start":{"line":147,"column":59},"end":{"line":147,"column":77}},"type":"binary-expr","locations":[{"start":{"line":147,"column":59},"end":{"line":147,"column":72}},{"start":{"line":147,"column":76},"end":{"line":147,"column":77}}],"line":147},"21":{"loc":{"start":{"line":153,"column":4},"end":{"line":155,"column":5}},"type":"if","locations":[{"start":{"line":153,"column":4},"end":{"line":155,"column":5}},{"start":{},"end":{}}],"line":153},"22":{"loc":{"start":{"line":161,"column":4},"end":{"line":163,"column":5}},"type":"if","locations":[{"start":{"line":161,"column":4},"end":{"line":163,"column":5}},{"start":{},"end":{}}],"line":161},"23":{"loc":{"start":{"line":170,"column":4},"end":{"line":175,"column":5}},"type":"if","locations":[{"start":{"line":170,"column":4},"end":{"line":175,"column":5}},{"start":{},"end":{}}],"line":170},"24":{"loc":{"start":{"line":182,"column":29},"end":{"line":182,"column":61}},"type":"binary-expr","locations":[{"start":{"line":182,"column":29},"end":{"line":182,"column":39}},{"start":{"line":182,"column":43},"end":{"line":182,"column":56}},{"start":{"line":182,"column":60},"end":{"line":182,"column":61}}],"line":182},"25":{"loc":{"start":{"line":183,"column":6},"end":{"line":188,"column":7}},"type":"if","locations":[{"start":{"line":183,"column":6},"end":{"line":188,"column":7}},{"start":{},"end":{}}],"line":183},"26":{"loc":{"start":{"line":199,"column":19},"end":{"line":199,"column":38}},"type":"binary-expr","locations":[{"start":{"line":199,"column":19},"end":{"line":199,"column":27}},{"start":{"line":199,"column":31},"end":{"line":199,"column":38}}],"line":199},"27":{"loc":{"start":{"line":201,"column":15},"end":{"line":201,"column":54}},"type":"binary-expr","locations":[{"start":{"line":201,"column":15},"end":{"line":201,"column":35}},{"start":{"line":201,"column":39},"end":{"line":201,"column":49}},{"start":{"line":201,"column":53},"end":{"line":201,"column":54}}],"line":201},"28":{"loc":{"start":{"line":202,"column":18},"end":{"line":202,"column":36}},"type":"binary-expr","locations":[{"start":{"line":202,"column":18},"end":{"line":202,"column":31}},{"start":{"line":202,"column":35},"end":{"line":202,"column":36}}],"line":202},"29":{"loc":{"start":{"line":207,"column":20},"end":{"line":207,"column":43}},"type":"binary-expr","locations":[{"start":{"line":207,"column":20},"end":{"line":207,"column":30}},{"start":{"line":207,"column":34},"end":{"line":207,"column":43}}],"line":207},"30":{"loc":{"start":{"line":208,"column":21},"end":{"line":208,"column":55}},"type":"binary-expr","locations":[{"start":{"line":208,"column":21},"end":{"line":208,"column":34}},{"start":{"line":208,"column":38},"end":{"line":208,"column":49}},{"start":{"line":208,"column":53},"end":{"line":208,"column":55}}],"line":208},"31":{"loc":{"start":{"line":209,"column":13},"end":{"line":209,"column":24}},"type":"binary-expr","locations":[{"start":{"line":209,"column":13},"end":{"line":209,"column":18}},{"start":{"line":209,"column":22},"end":{"line":209,"column":24}}],"line":209},"32":{"loc":{"start":{"line":210,"column":18},"end":{"line":210,"column":49}},"type":"binary-expr","locations":[{"start":{"line":210,"column":18},"end":{"line":210,"column":28}},{"start":{"line":210,"column":32},"end":{"line":210,"column":49}}],"line":210},"33":{"loc":{"start":{"line":219,"column":4},"end":{"line":221,"column":5}},"type":"if","locations":[{"start":{"line":219,"column":4},"end":{"line":221,"column":5}},{"start":{},"end":{}}],"line":219},"34":{"loc":{"start":{"line":225,"column":4},"end":{"line":228,"column":5}},"type":"if","locations":[{"start":{"line":225,"column":4},"end":{"line":228,"column":5}},{"start":{},"end":{}}],"line":225},"35":{"loc":{"start":{"line":231,"column":4},"end":{"line":233,"column":5}},"type":"if","locations":[{"start":{"line":231,"column":4},"end":{"line":233,"column":5}},{"start":{},"end":{}}],"line":231},"36":{"loc":{"start":{"line":236,"column":4},"end":{"line":238,"column":5}},"type":"if","locations":[{"start":{"line":236,"column":4},"end":{"line":238,"column":5}},{"start":{},"end":{}}],"line":236},"37":{"loc":{"start":{"line":249,"column":6},"end":{"line":263,"column":7}},"type":"if","locations":[{"start":{"line":249,"column":6},"end":{"line":263,"column":7}},{"start":{"line":257,"column":13},"end":{"line":263,"column":7}}],"line":249},"38":{"loc":{"start":{"line":253,"column":8},"end":{"line":255,"column":9}},"type":"if","locations":[{"start":{"line":253,"column":8},"end":{"line":255,"column":9}},{"start":{},"end":{}}],"line":253},"39":{"loc":{"start":{"line":259,"column":8},"end":{"line":261,"column":9}},"type":"if","locations":[{"start":{"line":259,"column":8},"end":{"line":261,"column":9}},{"start":{},"end":{}}],"line":259}},"s":{"0":2,"1":0,"2":0,"3":0,"4":0,"5":0,"6":0,"7":0,"8":0,"9":0,"10":0,"11":0,"12":0,"13":0,"14":0,"15":0,"16":0,"17":0,"18":0,"19":0,"20":0,"21":0,"22":0,"23":0,"24":0,"25":0,"26":0,"27":0,"28":0,"29":0,"30":0,"31":0,"32":0,"33":0,"34":0,"35":0,"36":0,"37":0,"38":0,"39":0,"40":0,"41":0,"42":0,"43":0,"44":0,"45":0,"46":0,"47":0,"48":0,"49":0,"50":0,"51":0,"52":0,"53":0,"54":0,"55":0,"56":0,"57":0,"58":0,"59":0,"60":0,"61":0,"62":0,"63":0,"64":0,"65":0,"66":0,"67":0,"68":0,"69":0,"70":0,"71":0,"72":0,"73":0,"74":0,"75":0,"76":0,"77":0,"78":0,"79":0,"80":0,"81":0,"82":0,"83":0,"84":0,"85":0,"86":0,"87":0,"88":0,"89":0,"90":0,"91":0,"92":0,"93":0,"94":0,"95":0,"96":0,"97":0,"98":0,"99":0,"100":0,"101":0,"102":0,"103":0,"104":0,"105":0,"106":0,"107":0,"108":0,"109":0,"110":0,"111":0,"112":0,"113":0,"114":0,"115":0,"116":0,"117":0,"118":0,"119":0,"120":0,"121":0,"122":0,"123":0,"124":0,"125":0,"126":0,"127":0,"128":0,"129":0},"f":{"0":0,"1":0,"2":0,"3":0,"4":0,"5":0,"6":0,"7":0,"8":0,"9":0,"10":0,"11":0,"12":0,"13":0,"14":0,"15":0,"16":0,"17":0,"18":0,"19":0,"20":0,"21":0,"22":0,"23":0,"24":0,"25":0,"26":0,"27":0,"28":0,"29":0},"b":{"0":[0,0],"1":[0,0],"2":[0,0],"3":[0,0],"4":[0,0,0],"5":[0,0],"6":[0,0],"7":[0,0],"8":[0,0],"9":[0,0],"10":[0,0],"11":[0,0],"12":[0],"13":[0,0],"14":[0,0],"15":[0,0],"16":[0,0],"17":[0,0],"18":[0,0,0],"19":[0,0],"20":[0,0],"21":[0,0],"22":[0,0],"23":[0,0],"24":[0,0,0],"25":[0,0],"26":[0,0],"27":[0,0,0],"28":[0,0],"29":[0,0],"30":[0,0,0],"31":[0,0],"32":[0,0],"33":[0,0],"34":[0,0],"35":[0,0],"36":[0,0],"37":[0,0],"38":[0,0],"39":[0,0]},"_coverageSchema":"1a1c01bbd47fc00a2c39e90264f33305004495a9","hash":"afc7c9c6a38336e6983453880e021b47491c16a9"}
,"/mnt/c/Users/delga/OneDrive/Escritorio/Repositorio/eco-savor-frontend/src/viewmodels/useOrdersViewModel.js": {"path":"/mnt/c/Users/delga/OneDrive/Escritorio/Repositorio/eco-savor-frontend/src/viewmodels/useOrdersViewModel.js","statementMap":{"0":{"start":{"line":8,"column":30},"end":{"line":8,"column":45}},"1":{"start":{"line":9,"column":38},"end":{"line":9,"column":52}},"2":{"start":{"line":12,"column":22},"end":{"line":63,"column":16}},"3":{"start":{"line":13,"column":4},"end":{"line":13,"column":72}},"4":{"start":{"line":14,"column":4},"end":{"line":14,"column":92}},"5":{"start":{"line":15,"column":4},"end":{"line":15,"column":24}},"6":{"start":{"line":19,"column":23},"end":{"line":19,"column":44}},"7":{"start":{"line":20,"column":22},"end":{"line":20,"column":65}},"8":{"start":{"line":20,"column":39},"end":{"line":20,"column":57}},"9":{"start":{"line":22,"column":4},"end":{"line":62,"column":5}},"10":{"start":{"line":24,"column":23},"end":{"line":24,"column":90}},"11":{"start":{"line":25,"column":19},"end":{"line":25,"column":32}},"12":{"start":{"line":27,"column":6},"end":{"line":27,"column":66}},"13":{"start":{"line":30,"column":6},"end":{"line":33,"column":9}},"14":{"start":{"line":35,"column":6},"end":{"line":35,"column":62}},"15":{"start":{"line":37,"column":6},"end":{"line":37,"column":65}},"16":{"start":{"line":40,"column":6},"end":{"line":45,"column":7}},"17":{"start":{"line":41,"column":24},"end":{"line":41,"column":94}},"18":{"start":{"line":42,"column":8},"end":{"line":42,"column":31}},"19":{"start":{"line":43,"column":8},"end":{"line":43,"column":68}},"20":{"start":{"line":44,"column":8},"end":{"line":44,"column":50}},"21":{"start":{"line":48,"column":6},"end":{"line":53,"column":7}},"22":{"start":{"line":49,"column":24},"end":{"line":49,"column":97}},"23":{"start":{"line":50,"column":8},"end":{"line":50,"column":31}},"24":{"start":{"line":51,"column":8},"end":{"line":51,"column":68}},"25":{"start":{"line":52,"column":8},"end":{"line":52,"column":90}},"26":{"start":{"line":55,"column":22},"end":{"line":55,"column":68}},"27":{"start":{"line":56,"column":6},"end":{"line":56,"column":29}},"28":{"start":{"line":57,"column":6},"end":{"line":57,"column":66}},"29":{"start":{"line":58,"column":6},"end":{"line":58,"column":48}},"30":{"start":{"line":60,"column":6},"end":{"line":60,"column":30}},"31":{"start":{"line":61,"column":6},"end":{"line":61,"column":95}},"32":{"start":{"line":68,"column":22},"end":{"line":116,"column":16}},"33":{"start":{"line":69,"column":4},"end":{"line":69,"column":55}},"34":{"start":{"line":70,"column":4},"end":{"line":70,"column":92}},"35":{"start":{"line":71,"column":4},"end":{"line":71,"column":24}},"36":{"start":{"line":73,"column":4},"end":{"line":115,"column":5}},"37":{"start":{"line":74,"column":6},"end":{"line":74,"column":64}},"38":{"start":{"line":75,"column":23},"end":{"line":75,"column":80}},"39":{"start":{"line":76,"column":6},"end":{"line":76,"column":72}},"40":{"start":{"line":80,"column":24},"end":{"line":80,"column":26}},"41":{"start":{"line":81,"column":6},"end":{"line":92,"column":7}},"42":{"start":{"line":82,"column":8},"end":{"line":82,"column":36}},"43":{"start":{"line":83,"column":13},"end":{"line":92,"column":7}},"44":{"start":{"line":84,"column":8},"end":{"line":84,"column":41}},"45":{"start":{"line":85,"column":13},"end":{"line":92,"column":7}},"46":{"start":{"line":86,"column":8},"end":{"line":86,"column":43}},"47":{"start":{"line":87,"column":13},"end":{"line":92,"column":7}},"48":{"start":{"line":88,"column":8},"end":{"line":88,"column":46}},"49":{"start":{"line":90,"column":8},"end":{"line":90,"column":89}},"50":{"start":{"line":91,"column":8},"end":{"line":91,"column":25}},"51":{"start":{"line":94,"column":6},"end":{"line":94,"column":77}},"52":{"start":{"line":96,"column":6},"end":{"line":96,"column":71}},"53":{"start":{"line":97,"column":6},"end":{"line":97,"column":52}},"54":{"start":{"line":99,"column":6},"end":{"line":99,"column":53}},"55":{"start":{"line":101,"column":6},"end":{"line":106,"column":7}},"56":{"start":{"line":102,"column":24},"end":{"line":102,"column":94}},"57":{"start":{"line":103,"column":8},"end":{"line":103,"column":31}},"58":{"start":{"line":104,"column":8},"end":{"line":104,"column":68}},"59":{"start":{"line":105,"column":8},"end":{"line":105,"column":50}},"60":{"start":{"line":108,"column":22},"end":{"line":108,"column":71}},"61":{"start":{"line":109,"column":6},"end":{"line":109,"column":29}},"62":{"start":{"line":110,"column":6},"end":{"line":110,"column":66}},"63":{"start":{"line":111,"column":6},"end":{"line":111,"column":48}},"64":{"start":{"line":113,"column":6},"end":{"line":113,"column":67}},"65":{"start":{"line":114,"column":6},"end":{"line":114,"column":95}},"66":{"start":{"line":119,"column":22},"end":{"line":138,"column":29}},"67":{"start":{"line":120,"column":4},"end":{"line":122,"column":5}},"68":{"start":{"line":121,"column":6},"end":{"line":121,"column":67}},"69":{"start":{"line":124,"column":4},"end":{"line":137,"column":5}},"70":{"start":{"line":125,"column":23},"end":{"line":125,"column":66}},"71":{"start":{"line":126,"column":19},"end":{"line":126,"column":32}},"72":{"start":{"line":129,"column":6},"end":{"line":129,"column":26}},"73":{"start":{"line":131,"column":6},"end":{"line":131,"column":37}},"74":{"start":{"line":133,"column":22},"end":{"line":133,"column":71}},"75":{"start":{"line":134,"column":6},"end":{"line":134,"column":29}},"76":{"start":{"line":135,"column":6},"end":{"line":135,"column":66}},"77":{"start":{"line":136,"column":6},"end":{"line":136,"column":48}},"78":{"start":{"line":142,"column":28},"end":{"line":159,"column":16}},"79":{"start":{"line":143,"column":4},"end":{"line":158,"column":5}},"80":{"start":{"line":144,"column":23},"end":{"line":144,"column":69}},"81":{"start":{"line":145,"column":19},"end":{"line":145,"column":32}},"82":{"start":{"line":147,"column":6},"end":{"line":150,"column":9}},"83":{"start":{"line":152,"column":6},"end":{"line":152,"column":31}},"84":{"start":{"line":154,"column":22},"end":{"line":154,"column":58}},"85":{"start":{"line":155,"column":6},"end":{"line":155,"column":29}},"86":{"start":{"line":156,"column":6},"end":{"line":156,"column":66}},"87":{"start":{"line":157,"column":6},"end":{"line":157,"column":48}},"88":{"start":{"line":162,"column":23},"end":{"line":164,"column":25}},"89":{"start":{"line":163,"column":4},"end":{"line":163,"column":69}},"90":{"start":{"line":167,"column":26},"end":{"line":169,"column":25}},"91":{"start":{"line":168,"column":4},"end":{"line":168,"column":72}},"92":{"start":{"line":172,"column":22},"end":{"line":174,"column":25}},"93":{"start":{"line":173,"column":4},"end":{"line":173,"column":68}},"94":{"start":{"line":177,"column":24},"end":{"line":179,"column":25}},"95":{"start":{"line":178,"column":4},"end":{"line":178,"column":70}},"96":{"start":{"line":182,"column":17},"end":{"line":182,"column":29}},"97":{"start":{"line":183,"column":18},"end":{"line":183,"column":38}},"98":{"start":{"line":184,"column":16},"end":{"line":184,"column":41}},"99":{"start":{"line":186,"column":2},"end":{"line":200,"column":4}}},"fnMap":{"0":{"name":"useOrdersViewModel","decl":{"start":{"line":7,"column":16},"end":{"line":7,"column":34}},"loc":{"start":{"line":7,"column":37},"end":{"line":201,"column":1}},"line":7},"1":{"name":"(anonymous_1)","decl":{"start":{"line":12,"column":34},"end":{"line":12,"column":35}},"loc":{"start":{"line":12,"column":55},"end":{"line":63,"column":3}},"line":12},"2":{"name":"(anonymous_2)","decl":{"start":{"line":20,"column":33},"end":{"line":20,"column":34}},"loc":{"start":{"line":20,"column":39},"end":{"line":20,"column":57}},"line":20},"3":{"name":"(anonymous_3)","decl":{"start":{"line":68,"column":34},"end":{"line":68,"column":35}},"loc":{"start":{"line":68,"column":61},"end":{"line":116,"column":3}},"line":68},"4":{"name":"(anonymous_4)","decl":{"start":{"line":119,"column":34},"end":{"line":119,"column":35}},"loc":{"start":{"line":119,"column":53},"end":{"line":138,"column":3}},"line":119},"5":{"name":"(anonymous_5)","decl":{"start":{"line":142,"column":40},"end":{"line":142,"column":41}},"loc":{"start":{"line":142,"column":81},"end":{"line":159,"column":3}},"line":142},"6":{"name":"(anonymous_6)","decl":{"start":{"line":162,"column":35},"end":{"line":162,"column":36}},"loc":{"start":{"line":163,"column":4},"end":{"line":163,"column":69}},"line":163},"7":{"name":"(anonymous_7)","decl":{"start":{"line":167,"column":38},"end":{"line":167,"column":39}},"loc":{"start":{"line":168,"column":4},"end":{"line":168,"column":72}},"line":168},"8":{"name":"(anonymous_8)","decl":{"start":{"line":172,"column":34},"end":{"line":172,"column":35}},"loc":{"start":{"line":173,"column":4},"end":{"line":173,"column":68}},"line":173},"9":{"name":"(anonymous_9)","decl":{"start":{"line":177,"column":36},"end":{"line":177,"column":37}},"loc":{"start":{"line":178,"column":4},"end":{"line":178,"column":70}},"line":178}},"branchMap":{"0":{"loc":{"start":{"line":32,"column":17},"end":{"line":32,"column":40}},"type":"binary-expr","locations":[{"start":{"line":32,"column":17},"end":{"line":32,"column":26}},{"start":{"line":32,"column":30},"end":{"line":32,"column":40}}],"line":32},"1":{"loc":{"start":{"line":35,"column":36},"end":{"line":35,"column":59}},"type":"binary-expr","locations":[{"start":{"line":35,"column":36},"end":{"line":35,"column":45}},{"start":{"line":35,"column":49},"end":{"line":35,"column":59}}],"line":35},"2":{"loc":{"start":{"line":40,"column":6},"end":{"line":45,"column":7}},"type":"if","locations":[{"start":{"line":40,"column":6},"end":{"line":45,"column":7}},{"start":{},"end":{}}],"line":40},"3":{"loc":{"start":{"line":40,"column":10},"end":{"line":40,"column":73}},"type":"binary-expr","locations":[{"start":{"line":40,"column":10},"end":{"line":40,"column":39}},{"start":{"line":40,"column":43},"end":{"line":40,"column":73}}],"line":40},"4":{"loc":{"start":{"line":48,"column":6},"end":{"line":53,"column":7}},"type":"if","locations":[{"start":{"line":48,"column":6},"end":{"line":53,"column":7}},{"start":{},"end":{}}],"line":48},"5":{"loc":{"start":{"line":68,"column":41},"end":{"line":68,"column":56}},"type":"default-arg","locations":[{"start":{"line":68,"column":54},"end":{"line":68,"column":56}}],"line":68},"6":{"loc":{"start":{"line":75,"column":48},"end":{"line":75,"column":79}},"type":"cond-expr","locations":[{"start":{"line":75,"column":57},"end":{"line":75,"column":67}},{"start":{"line":75,"column":70},"end":{"line":75,"column":79}}],"line":75},"7":{"loc":{"start":{"line":81,"column":6},"end":{"line":92,"column":7}},"type":"if","locations":[{"start":{"line":81,"column":6},"end":{"line":92,"column":7}},{"start":{"line":83,"column":13},"end":{"line":92,"column":7}}],"line":81},"8":{"loc":{"start":{"line":83,"column":13},"end":{"line":92,"column":7}},"type":"if","locations":[{"start":{"line":83,"column":13},"end":{"line":92,"column":7}},{"start":{"line":85,"column":13},"end":{"line":92,"column":7}}],"line":83},"9":{"loc":{"start":{"line":85,"column":13},"end":{"line":92,"column":7}},"type":"if","locations":[{"start":{"line":85,"column":13},"end":{"line":92,"column":7}},{"start":{"line":87,"column":13},"end":{"line":92,"column":7}}],"line":85},"10":{"loc":{"start":{"line":87,"column":13},"end":{"line":92,"column":7}},"type":"if","locations":[{"start":{"line":87,"column":13},"end":{"line":92,"column":7}},{"start":{"line":89,"column":13},"end":{"line":92,"column":7}}],"line":87},"11":{"loc":{"start":{"line":87,"column":17},"end":{"line":87,"column":78}},"type":"binary-expr","locations":[{"start":{"line":87,"column":17},"end":{"line":87,"column":36}},{"start":{"line":87,"column":40},"end":{"line":87,"column":78}}],"line":87},"12":{"loc":{"start":{"line":101,"column":6},"end":{"line":106,"column":7}},"type":"if","locations":[{"start":{"line":101,"column":6},"end":{"line":106,"column":7}},{"start":{},"end":{}}],"line":101},"13":{"loc":{"start":{"line":101,"column":10},"end":{"line":101,"column":73}},"type":"binary-expr","locations":[{"start":{"line":101,"column":10},"end":{"line":101,"column":39}},{"start":{"line":101,"column":43},"end":{"line":101,"column":73}}],"line":101},"14":{"loc":{"start":{"line":120,"column":4},"end":{"line":122,"column":5}},"type":"if","locations":[{"start":{"line":120,"column":4},"end":{"line":122,"column":5}},{"start":{},"end":{}}],"line":120},"15":{"loc":{"start":{"line":149,"column":17},"end":{"line":149,"column":40}},"type":"binary-expr","locations":[{"start":{"line":149,"column":17},"end":{"line":149,"column":26}},{"start":{"line":149,"column":30},"end":{"line":149,"column":40}}],"line":149},"16":{"loc":{"start":{"line":184,"column":16},"end":{"line":184,"column":41}},"type":"binary-expr","locations":[{"start":{"line":184,"column":16},"end":{"line":184,"column":26}},{"start":{"line":184,"column":30},"end":{"line":184,"column":41}}],"line":184}},"s":{"0":10,"1":10,"2":10,"3":1,"4":1,"5":1,"6":1,"7":1,"8":1,"9":1,"10":1,"11":0,"12":0,"13":0,"14":0,"15":1,"16":1,"17":1,"18":1,"19":1,"20":1,"21":0,"22":0,"23":0,"24":0,"25":0,"26":0,"27":0,"28":0,"29":0,"30":1,"31":1,"32":10,"33":1,"34":1,"35":1,"36":1,"37":1,"38":1,"39":1,"40":1,"41":1,"42":0,"43":1,"44":1,"45":0,"46":0,"47":0,"48":0,"49":0,"50":0,"51":1,"52":1,"53":1,"54":0,"55":0,"56":0,"57":0,"58":0,"59":0,"60":0,"61":0,"62":0,"63":0,"64":1,"65":1,"66":10,"67":0,"68":0,"69":0,"70":0,"71":0,"72":0,"73":0,"74":0,"75":0,"76":0,"77":0,"78":10,"79":0,"80":0,"81":0,"82":0,"83":0,"84":0,"85":0,"86":0,"87":0,"88":10,"89":0,"90":10,"91":0,"92":10,"93":0,"94":10,"95":0,"96":10,"97":10,"98":10,"99":10},"f":{"0":10,"1":1,"2":1,"3":1,"4":0,"5":0,"6":0,"7":0,"8":0,"9":0},"b":{"0":[0,0],"1":[0,0],"2":[1,0],"3":[1,0],"4":[0,0],"5":[1],"6":[0,1],"7":[0,1],"8":[1,0],"9":[0,0],"10":[0,0],"11":[0,0],"12":[0,0],"13":[0,0],"14":[0,0],"15":[0,0],"16":[10,9]},"_coverageSchema":"1a1c01bbd47fc00a2c39e90264f33305004495a9","hash":"78bb3b0b76e91f5b4f36594febb223fd31556575"}
[...]
3}},"line":42},"3":{"name":"(anonymous_3)","decl":{"start":{"line":52,"column":26},"end":{"line":52,"column":27}},"loc":{"start":{"line":52,"column":33},"end":{"line":52,"column":84}},"line":52},"4":{"name":"(anonymous_4)","decl":{"start":{"line":62,"column":26},"end":{"line":62,"column":27}},"loc":{"start":{"line":62,"column":33},"end":{"line":62,"column":87}},"line":62},"5":{"name":"(anonymous_5)","decl":{"start":{"line":71,"column":26},"end":{"line":71,"column":27}},"loc":{"start":{"line":71,"column":33},"end":{"line":71,"column":83}},"line":71},"6":{"name":"(anonymous_6)","decl":{"start":{"line":84,"column":28},"end":{"line":84,"column":29}},"loc":{"start":{"line":84,"column":35},"end":{"line":84,"column":95}},"line":84},"7":{"name":"(anonymous_7)","decl":{"start":{"line":95,"column":26},"end":{"line":95,"column":27}},"loc":{"start":{"line":95,"column":33},"end":{"line":95,"column":84}},"line":95},"8":{"name":"(anonymous_8)","decl":{"start":{"line":112,"column":29},"end":{"line":112,"column":30}},"loc":{"start":{"line":112,"column":35},"end":{"line":112,"column":56}},"line":112}},"branchMap":{"0":{"loc":{"start":{"line":22,"column":4},"end":{"line":24,"column":5}},"type":"if","locations":[{"start":{"line":22,"column":4},"end":{"line":24,"column":5}},{"start":{},"end":{}}],"line":22},"1":{"loc":{"start":{"line":78,"column":13},"end":{"line":89,"column":13}},"type":"binary-expr","locations":[{"start":{"line":78,"column":13},"end":{"line":78,"column":43}},{"start":{"line":79,"column":14},"end":{"line":88,"column":20}}],"line":78},"2":{"loc":{"start":{"line":99,"column":13},"end":{"line":99,"column":66}},"type":"binary-expr","locations":[{"start":{"line":99,"column":13},"end":{"line":99,"column":18}},{"start":{"line":99,"column":22},"end":{"line":99,"column":66}}],"line":99},"3":{"loc":{"start":{"line":106,"column":15},"end":{"line":106,"column":58}},"type":"cond-expr","locations":[{"start":{"line":106,"column":25},"end":{"line":106,"column":41}},{"start":{"line":106,"column":44},"end":{"line":106,"column":58}}],"line":106}},"s":{"0":0,"1":0,"2":0,"3":0,"4":0,"5":0,"6":0,"7":0,"8":0,"9":0,"10":0,"11":0,"12":0,"13":0,"14":0},"f":{"0":0,"1":0,"2":0,"3":0,"4":0,"5":0,"6":0,"7":0,"8":0},"b":{"0":[0,0],"1":[0,0],"2":[0,0],"3":[0,0]},"_coverageSchema":"1a1c01bbd47fc00a2c39e90264f33305004495a9","hash":"97c7b6f092a8ce72a24576d54e683193cc4ec02a"}
,"/mnt/c/Users/delga/OneDrive/Escritorio/Repositorio/eco-savor-frontend/src/views/RestaurantOrdersView.jsx": {"path":"/mnt/c/Users/delga/OneDrive/Escritorio/Repositorio/eco-savor-frontend/src/views/RestaurantOrdersView.jsx","statementMap":{"0":{"start":{"line":7,"column":23},"end":{"line":14,"column":1}},"1":{"start":{"line":17,"column":122},"end":{"line":17,"column":142}},"2":{"start":{"line":18,"column":36},"end":{"line":18,"column":54}},"3":{"start":{"line":19,"column":42},"end":{"line":19,"column":57}},"4":{"start":{"line":22,"column":2},"end":{"line":27,"column":48}},"5":{"start":{"line":23,"column":4},"end":{"line":26,"column":5}},"6":{"start":{"line":24,"column":6},"end":{"line":24,"column":52}},"7":{"start":{"line":25,"column":6},"end":{"line":25,"column":30}},"8":{"start":{"line":29,"column":2},"end":{"line":33,"column":49}},"9":{"start":{"line":30,"column":4},"end":{"line":32,"column":5}},"10":{"start":{"line":31,"column":6},"end":{"line":31,"column":20}},"11":{"start":{"line":35,"column":29},"end":{"line":64,"column":3}},"12":{"start":{"line":36,"column":4},"end":{"line":38,"column":5}},"13":{"start":{"line":37,"column":6},"end":{"line":37,"column":13}},"14":{"start":{"line":41,"column":4},"end":{"line":56,"column":5}},"15":{"start":{"line":43,"column":8},"end":{"line":43,"column":45}},"16":{"start":{"line":44,"column":8},"end":{"line":44,"column":14}},"17":{"start":{"line":46,"column":8},"end":{"line":46,"column":48}},"18":{"start":{"line":47,"column":8},"end":{"line":47,"column":14}},"19":{"start":{"line":49,"column":8},"end":{"line":49,"column":44}},"20":{"start":{"line":50,"column":8},"end":{"line":50,"column":14}},"21":{"start":{"line":52,"column":8},"end":{"line":52,"column":46}},"22":{"start":{"line":53,"column":8},"end":{"line":53,"column":14}},"23":{"start":{"line":55,"column":8},"end":{"line":55,"column":15}},"24":{"start":{"line":58,"column":4},"end":{"line":63,"column":5}},"25":{"start":{"line":59,"column":6},"end":{"line":59,"column":48}},"26":{"start":{"line":60,"column":6},"end":{"line":60,"column":26}},"27":{"start":{"line":62,"column":6},"end":{"line":62,"column":38}},"28":{"start":{"line":66,"column":23},"end":{"line":74,"column":3}},"29":{"start":{"line":67,"column":19},"end":{"line":67,"column":45}},"30":{"start":{"line":68,"column":4},"end":{"line":73,"column":5}},"31":{"start":{"line":69,"column":6},"end":{"line":69,"column":31}},"32":{"start":{"line":70,"column":6},"end":{"line":70,"column":26}},"33":{"start":{"line":72,"column":6},"end":{"line":72,"column":50}},"34":{"start":{"line":77,"column":22},"end":{"line":77,"column":57}},"35":{"start":{"line":80,"column":2},"end":{"line":86,"column":3}},"36":{"start":{"line":81,"column":4},"end":{"line":85,"column":6}},"37":{"start":{"line":88,"column":25},"end":{"line":90,"column":64}},"38":{"start":{"line":90,"column":34},"end":{"line":90,"column":63}},"39":{"start":{"line":93,"column":23},"end":{"line":96,"column":8}},"40":{"start":{"line":94,"column":4},"end":{"line":94,"column":53}},"41":{"start":{"line":95,"column":4},"end":{"line":95,"column":15}},"42":{"start":{"line":98,"column":2},"end":{"line":316,"column":4}},"43":{"start":{"line":110,"column":27},"end":{"line":110,"column":50}},"44":{"start":{"line":111,"column":24},"end":{"line":111,"column":91}},"45":{"start":{"line":112,"column":10},"end":{"line":128,"column":12}},"46":{"start":{"line":115,"column":29},"end":{"line":115,"column":52}},"47":{"start":{"line":137,"column":10},"end":{"line":301,"column":16}},"48":{"start":{"line":170,"column":20},"end":{"line":172,"column":25}},"49":{"start":{"line":203,"column":35},"end":{"line":203,"column":88}},"50":{"start":{"line":218,"column":35},"end":{"line":218,"column":58}},"51":{"start":{"line":235,"column":33},"end":{"line":235,"column":105}},"52":{"start":{"line":252,"column":33},"end":{"line":252,"column":92}},"53":{"start":{"line":269,"column":33},"end":{"line":269,"column":87}},"54":{"start":{"line":286,"column":33},"end":{"line":286,"column":56}}},"fnMap":{"0":{"name":"RestaurantOrdersView","decl":{"start":{"line":16,"column":16},"end":{"line":16,"column":36}},"loc":{"start":{"line":16,"column":53},"end":{"line":317,"column":1}},"line":16},"1":{"name":"(anonymous_1)","decl":{"start":{"line":22,"column":12},"end":{"line":22,"column":13}},"loc":{"start":{"line":22,"column":18},"end":{"line":27,"column":3}},"line":22},"2":{"name":"(anonymous_2)","decl":{"start":{"line":29,"column":12},"end":{"line":29,"column":13}},"loc":{"start":{"line":29,"column":18},"end":{"line":33,"column":3}},"line":29},"3":{"name":"(anonymous_3)","decl":{"start":{"line":35,"column":29},"end":{"line":35,"column":30}},"loc":{"start":{"line":35,"column":71},"end":{"line":64,"column":3}},"line":35},"4":{"name":"(anonymous_4)","decl":{"start":{"line":66,"column":23},"end":{"line":66,"column":24}},"loc":{"start":{"line":66,"column":42},"end":{"line":74,"column":3}},"line":66},"5":{"name":"(anonymous_5)","decl":{"start":{"line":90,"column":25},"end":{"line":90,"column":26}},"loc":{"start":{"line":90,"column":34},"end":{"line":90,"column":63}},"line":90},"6":{"name":"(anonymous_6)","decl":{"start":{"line":93,"column":42},"end":{"line":93,"column":43}},"loc":{"start":{"line":93,"column":58},"end":{"line":96,"column":3}},"line":93},"7":{"name":"(anonymous_7)","decl":{"start":{"line":109,"column":28},"end":{"line":109,"column":29}},"loc":{"start":{"line":109,"column":58},"end":{"line":129,"column":9}},"line":109},"8":{"name":"(anonymous_8)","decl":{"start":{"line":115,"column":23},"end":{"line":115,"column":24}},"loc":{"start":{"line":115,"column":29},"end":{"line":115,"column":52}},"line":115},"9":{"name":"(anonymous_9)","decl":{"start":{"line":136,"column":28},"end":{"line":136,"column":29}},"loc":{"start":{"line":137,"column":10},"end":{"line":301,"column":16}},"line":137},"10":{"name":"(anonymous_10)","decl":{"start":{"line":169,"column":36},"end":{"line":169,"column":37}},"loc":{"start":{"line":170,"column":20},"end":{"line":172,"column":25}},"line":170},"11":{"name":"(anonymous_11)","decl":{"start":{"line":203,"column":29},"end":{"line":203,"column":30}},"loc":{"start":{"line":203,"column":35},"end":{"line":203,"column":88}},"line":203},"12":{"name":"(anonymous_12)","decl":{"start":{"line":218,"column":29},"end":{"line":218,"column":30}},"loc":{"start":{"line":218,"column":35},"end":{"line":218,"column":58}},"line":218},"13":{"name":"(anonymous_13)","decl":{"start":{"line":235,"column":27},"end":{"line":235,"column":28}},"loc":{"start":{"line":235,"column":33},"end":{"line":235,"column":105}},"line":235},"14":{"name":"(anonymous_14)","decl":{"start":{"line":252,"column":27},"end":{"line":252,"column":28}},"loc":{"start":{"line":252,"column":33},"end":{"line":252,"column":92}},"line":252},"15":{"name":"(anonymous_15)","decl":{"start":{"line":269,"column":27},"end":{"line":269,"column":28}},"loc":{"start":{"line":269,"column":33},"end":{"line":269,"column":87}},"line":269},"16":{"name":"(anonymous_16)","decl":{"start":{"line":286,"column":27},"end":{"line":286,"column":28}},"loc":{"start":{"line":286,"column":33},"end":{"line":286,"column":56}},"line":286}},"branchMap":{"0":{"loc":{"start":{"line":23,"column":4},"end":{"line":26,"column":5}},"type":"if","locations":[{"start":{"line":23,"column":4},"end":{"line":26,"column":5}},{"start":{},"end":{}}],"line":23},"1":{"loc":{"start":{"line":23,"column":8},"end":{"line":23,"column":54}},"type":"binary-expr","locations":[{"start":{"line":23,"column":8},"end":{"line":23,"column":23}},{"start":{"line":23,"column":27},"end":{"line":23,"column":54}}],"line":23},"2":{"loc":{"start":{"line":30,"column":4},"end":{"line":32,"column":5}},"type":"if","locations":[{"start":{"line":30,"column":4},"end":{"line":32,"column":5}},{"start":{},"end":{}}],"line":30},"3":{"loc":{"start":{"line":30,"column":8},"end":{"line":30,"column":54}},"type":"binary-expr","locations":[{"start":{"line":30,"column":8},"end":{"line":30,"column":23}},{"start":{"line":30,"column":27},"end":{"line":30,"column":54}}],"line":30},"4":{"loc":{"start":{"line":36,"column":4},"end":{"line":38,"column":5}},"type":"if","locations":[{"start":{"line":36,"column":4},"end":{"line":38,"column":5}},{"start":{},"end":{}}],"line":36},"5":{"loc":{"start":{"line":41,"column":4},"end":{"line":56,"column":5}},"type":"switch","locations":[{"start":{"line":42,"column":6},"end":{"line":44,"column":14}},{"start":{"line":45,"column":6},"end":{"line":47,"column":14}},{"start":{"line":48,"column":6},"end":{"line":50,"column":14}},{"start":{"line":51,"column":6},"end":{"line":53,"column":14}},{"start":{"line":54,"column":6},"end":{"line":55,"column":15}}],"line":41},"6":{"loc":{"start":{"line":58,"column":4},"end":{"line":63,"column":5}},"type":"if","locations":[{"start":{"line":58,"column":4},"end":{"line":63,"column":5}},{"start":{"line":61,"column":11},"end":{"line":63,"column":5}}],"line":58},"7":{"loc":{"start":{"line":68,"column":4},"end":{"line":73,"column":5}},"type":"if","locations":[{"start":{"line":68,"column":4},"end":{"line":73,"column":5}},{"start":{"line":71,"column":11},"end":{"line":73,"column":5}}],"line":68},"8":{"loc":{"start":{"line":77,"column":22},"end":{"line":77,"column":57}},"type":"cond-expr","locations":[{"start":{"line":77,"column":46},"end":{"line":77,"column":52}},{"start":{"line":77,"column":55},"end":{"line":77,"column":57}}],"line":77},"9":{"loc":{"start":{"line":80,"column":2},"end":{"line":86,"column":3}},"type":"if","locations":[{"start":{"line":80,"column":2},"end":{"line":86,"column":3}},{"start":{},"end":{}}],"line":80},"10":{"loc":{"start":{"line":80,"column":6},"end":{"line":80,"column":52}},"type":"binary-expr","locations":[{"start":{"line":80,"column":6},"end":{"line":80,"column":21}},{"start":{"line":80,"column":25},"end":{"line":80,"column":52}}],"line":80},"11":{"loc":{"start":{"line":88,"column":25},"end":{"line":90,"column":64}},"type":"cond-expr","locations":[{"start":{"line":89,"column":6},"end":{"line":89,"column":17}},{"start":{"line":90,"column":6},"end":{"line":90,"column":64}}],"line":88},"12":{"loc":{"start":{"line":94,"column":25},"end":{"line":94,"column":47}},"type":"binary-expr","locations":[{"start":{"line":94,"column":25},"end":{"line":94,"column":42}},{"start":{"line":94,"column":46},"end":{"line":94,"column":47}}],"line":94},"13":{"loc":{"start":{"line":111,"column":24},"end":{"line":111,"column":91}},"type":"cond-expr","locations":[{"start":{"line":111,"column":43},"end":{"line":111,"column":61}},{"start":{"line":111,"column":65},"end":{"line":111,"column":90}}],"line":111},"14":{"loc":{"start":{"line":111,"column":65},"end":{"line":111,"column":90}},"type":"binary-expr","locations":[{"start":{"line":111,"column":65},"end":{"line":111,"column":85}},{"start":{"line":111,"column":89},"end":{"line":111,"column":90}}],"line":111},"15":{"loc":{"start":{"line":120,"column":28},"end":{"line":120,"column":56}},"type":"cond-expr","locations":[{"start":{"line":120,"column":39},"end":{"line":120,"column":44}},{"start":{"line":120,"column":47},"end":{"line":120,"column":56}}],"line":120},"16":{"loc":{"start":{"line":121,"column":23},"end":{"line":121,"column":82}},"type":"cond-expr","locations":[{"start":{"line":121,"column":43},"end":{"line":121,"column":72}},{"start":{"line":121,"column":76},"end":{"line":121,"column":82}}],"line":121},"17":{"loc":{"start":{"line":121,"column":43},"end":{"line":121,"column":72}},"type":"cond-expr","locations":[{"start":{"line":121,"column":54},"end":{"line":121,"column":60}},{"start":{"line":121,"column":63},"end":{"line":121,"column":72}}],"line":121},"18":{"loc":{"start":{"line":132,"column":7},"end":{"line":132,"column":117}},"type":"binary-expr","locations":[{"start":{"line":132,"column":7},"end":{"line":132,"column":14}},{"start":{"line":132,"column":18},"end":{"line":132,"column":117}}],"line":132},"19":{"loc":{"start":{"line":133,"column":7},"end":{"line":133,"column":172}},"type":"binary-expr","locations":[{"start":{"line":133,"column":7},"end":{"line":133,"column":12}},{"start":{"line":133,"column":16},"end":{"line":133,"column":172}}],"line":133},"20":{"loc":{"start":{"line":157,"column":72},"end":{"line":157,"column":99}},"type":"binary-expr","locations":[{"start":{"line":157,"column":72},"end":{"line":157,"column":90}},{"start":{"line":157,"column":94},"end":{"line":157,"column":99}}],"line":157},"21":{"loc":{"start":{"line":158,"column":15},"end":{"line":158,"column":121}},"type":"binary-expr","locations":[{"start":{"line":158,"column":15},"end":{"line":158,"column":34}},{"start":{"line":158,"column":38},"end":{"line":158,"column":121}}],"line":158},"22":{"loc":{"start":{"line":159,"column":15},"end":{"line":159,"column":102}},"type":"binary-expr","locations":[{"start":{"line":159,"column":15},"end":{"line":159,"column":26}},{"start":{"line":159,"column":30},"end":{"line":159,"column":102}}],"line":159},"23":{"loc":{"start":{"line":200,"column":15},"end":{"line":232,"column":15}},"type":"binary-expr","locations":[{"start":{"line":200,"column":15},"end":{"line":200,"column":41}},{"start":{"line":201,"column":16},"end":{"line":231,"column":19}}],"line":200},"24":{"loc":{"start":{"line":233,"column":15},"end":{"line":249,"column":15}},"type":"binary-expr","locations":[{"start":{"line":233,"column":15},"end":{"line":233,"column":43}},{"start":{"line":234,"column":16},"end":{"line":248,"column":25}}],"line":233},"25":{"loc":{"start":{"line":250,"column":15},"end":{"line":266,"column":15}},"type":"binary-expr","locations":[{"start":{"line":250,"column":15},"end":{"line":250,"column":43}},{"start":{"line":251,"column":16},"end":{"line":265,"column":25}}],"line":250},"26":{"loc":{"start":{"line":267,"column":15},"end":{"line":283,"column":15}},"type":"binary-expr","locations":[{"start":{"line":267,"column":15},"end":{"line":267,"column":39}},{"start":{"line":268,"column":16},"end":{"line":282,"column":25}}],"line":267},"27":{"loc":{"start":{"line":284,"column":15},"end":{"line":299,"column":15}},"type":"binary-expr","locations":[{"start":{"line":284,"column":16},"end":{"line":284,"column":42}},{"start":{"line":284,"column":46},"end":{"line":284,"column":74}},{"start":{"line":285,"column":16},"end":{"line":298,"column":25}}],"line":284},"28":{"loc":{"start":{"line":305,"column":7},"end":{"line":314,"column":7}},"type":"binary-expr","locations":[{"start":{"line":305,"column":7},"end":{"line":305,"column":34}},{"start":{"line":305,"column":38},"end":{"line":305,"column":46}},{"start":{"line":306,"column":8},"end":{"line":313,"column":12}}],"line":305},"29":{"loc":{"start":{"line":312,"column":26},"end":{"line":312,"column":98}},"type":"cond-expr","locations":[{"start":{"line":312,"column":51},"end":{"line":312,"column":81}},{"start":{"line":312,"column":84},"end":{"line":312,"column":98}}],"line":312}},"s":{"0":2,"1":0,"2":0,"3":0,"4":0,"5":0,"6":0,"7":0,"8":0,"9":0,"10":0,"11":0,"12":0,"13":0,"14":0,"15":0,"16":0,"17":0,"18":0,"19":0,"20":0,"21":0,"22":0,"23":0,"24":0,"25":0,"26":0,"27":0,"28":0,"29":0,"30":0,"31":0,"32":0,"33":0,"34":0,"35":0,"36":0,"37":0,"38":0,"39":0,"40":0,"41":0,"42":0,"43":0,"44":0,"45":0,"46":0,"47":0,"48":0,"49":0,"50":0,"51":0,"52":0,"53":0,"54":0},"f":{"0":0,"1":0,"2":0,"3":0,"4":0,"5":0,"6":0,"7":0,"8":0,"9":0,"10":0,"11":0,"12":0,"13":0,"14":0,"15":0,"16":0},"b":{"0":[0,0],"1":[0,0],"2":[0,0],"3":[0,0],"4":[0,0],"5":[0,0,0,0,0],"6":[0,0],"7":[0,0],"8":[0,0],"9":[0,0],"10":[0,0],"11":[0,0],"12":[0,0],"13":[0,0],"14":[0,0],"15":[0,0],"16":[0,0],"17":[0,0],"18":[0,0],"19":[0,0],"20":[0,0],"21":[0,0],"22":[0,0],"23":[0,0],"24":[0,0],"25":[0,0],"26":[0,0],"27":[0,0,0],"28":[0,0,0],"29":[0,0]},"_coverageSchema":"1a1c01bbd47fc00a2c39e90264f33305004495a9","hash":"f8a923deb70104352143d21a8b9dd3fb9cf8676b"}
,"/mnt/c/Users/delga/OneDrive/Escritorio/Repositorio/eco-savor-frontend/src/views/SuccessView.jsx": {"path":"/mnt/c/Users/delga/OneDrive/Escritorio/Repositorio/eco-savor-frontend/src/views/SuccessView.jsx","statementMap":{"0":{"start":{"line":6,"column":19},"end":{"line":6,"column":37}},"1":{"start":{"line":8,"column":16},"end":{"line":8,"column":45}},"2":{"start":{"line":9,"column":16},"end":{"line":9,"column":37}},"3":{"start":{"line":11,"column":2},"end":{"line":36,"column":4}},"4":{"start":{"line":30,"column":23},"end":{"line":30,"column":46}}},"fnMap":{"0":{"name":"SuccessView","decl":{"start":{"line":5,"column":16},"end":{"line":5,"column":27}},"loc":{"start":{"line":5,"column":55},"end":{"line":37,"column":1}},"line":5},"1":{"name":"(anonymous_1)","decl":{"start":{"line":30,"column":17},"end":{"line":30,"column":18}},"loc":{"start":{"line":30,"column":23},"end":{"line":30,"column":46}},"line":30}},"branchMap":{"0":{"loc":{"start":{"line":8,"column":16},"end":{"line":8,"column":45}},"type":"binary-expr","locations":[{"start":{"line":8,"column":16},"end":{"line":8,"column":27}},{"start":{"line":8,"column":31},"end":{"line":8,"column":45}}],"line":8},"1":{"loc":{"start":{"line":9,"column":16},"end":{"line":9,"column":37}},"type":"binary-expr","locations":[{"start":{"line":9,"column":16},"end":{"line":9,"column":32}},{"start":{"line":9,"column":36},"end":{"line":9,"column":37}}],"line":9},"2":{"loc":{"start":{"line":25,"column":41},"end":{"line":25,"column":90}},"type":"cond-expr","locations":[{"start":{"line":25,"column":53},"end":{"line":25,"column":82}},{"start":{"line":25,"column":85},"end":{"line":25,"column":90}}],"line":25}},"s":{"0":0,"1":0,"2":0,"3":0,"4":0},"f":{"0":0,"1":0},"b":{"0":[0,0],"1":[0,0],"2":[0,0]},"_coverageSchema":"1a1c01bbd47fc00a2c39e90264f33305004495a9","hash":"c68bd95b6287eedcc20587b1060b5c61e31935bf"}
}
