TN:
SF:src/App.js
FN:14,AppContent
FN:21,(anonymous_1)
FN:22,(anonymous_2)
FN:29,(anonymous_3)
FN:33,(anonymous_4)
FN:41,(anonymous_5)
FN:65,(anonymous_6)
FN:108,App
FNF:8
FNH:0
FNDA:0,AppContent
FNDA:0,(anonymous_1)
FNDA:0,(anonymous_2)
FNDA:0,(anonymous_3)
FNDA:0,(anonymous_4)
FNDA:0,(anonymous_5)
FNDA:0,(anonymous_6)
FNDA:0,App
DA:15,0
DA:16,0
DA:17,0
DA:18,0
DA:21,0
DA:22,0
DA:23,0
DA:24,0
DA:25,0
DA:28,0
DA:29,0
DA:33,0
DA:35,0
DA:36,0
DA:41,0
DA:43,0
DA:44,0
DA:46,0
DA:48,0
DA:50,0
DA:55,0
DA:57,0
DA:59,0
DA:61,0
DA:63,0
DA:65,0
DA:66,0
DA:67,0
DA:70,0
DA:72,0
DA:77,0
DA:78,0
DA:86,0
DA:87,0
DA:97,0
DA:109,0
LF:36
LH:0
BRDA:35,0,0,0
BRDA:35,0,1,0
BRDA:35,1,0,0
BRDA:35,1,1,0
BRDA:35,1,2,0
BRDA:36,2,0,0
BRDA:36,2,1,0
BRDA:43,3,0,0
BRDA:43,3,1,0
BRDA:43,4,0,0
BRDA:43,4,1,0
BRDA:44,5,0,0
BRDA:44,5,1,0
BRDA:44,5,2,0
BRDA:55,6,0,0
BRDA:55,6,1,0
BRDA:55,6,2,0
BRDA:55,6,3,0
BRDA:55,6,4,0
BRDA:55,6,5,0
BRDA:55,6,6,0
BRDA:77,7,0,0
BRDA:77,7,1,0
BRDA:77,8,0,0
BRDA:77,8,1,0
BRDA:86,9,0,0
BRDA:86,9,1,0
BRF:27
BRH:0
end_of_record
TN:
SF:src/index.js
FNF:0
FNH:0
DA:6,0
DA:7,0
LF:2
LH:0
BRF:0
BRH:0
end_of_record
TN:
SF:src/components/AuthFooter.jsx
FN:5,AuthFooter
FNF:1
FNH:0
FNDA:0,AuthFooter
DA:6,0
LF:1
LH:0
BRF:0
BRH:0
end_of_record
TN:
SF:src/components/DiscountedProductCard.jsx
FN:5,(anonymous_0)
FN:33,(anonymous_1)
FN:43,(anonymous_2)
FN:105,(anonymous_3)
FNF:4
FNH:0
FNDA:0,(anonymous_0)
FNDA:0,(anonymous_1)
FNDA:0,(anonymous_2)
FNDA:0,(anonymous_3)
DA:5,1
DA:23,0
DA:25,0
DA:26,0
DA:27,0
DA:29,0
DA:30,0
DA:33,0
DA:34,0
DA:35,0
DA:36,0
DA:39,0
DA:40,0
DA:43,0
DA:44,0
DA:45,0
DA:47,0
DA:48,0
DA:49,0
DA:50,0
DA:52,0
DA:53,0
DA:54,0
DA:55,0
DA:56,0
DA:57,0
DA:58,0
DA:59,0
DA:61,0
DA:64,0
DA:66,0
DA:105,0
LF:32
LH:1
BRDA:8,0,0,0
BRDA:25,1,0,0
BRDA:25,1,1,0
BRDA:25,1,2,0
BRDA:26,2,0,0
BRDA:26,2,1,0
BRDA:26,2,2,0
BRDA:27,3,0,0
BRDA:27,3,1,0
BRDA:27,3,2,0
BRDA:34,4,0,0
BRDA:34,4,1,0
BRDA:40,5,0,0
BRDA:40,5,1,0
BRDA:44,6,0,0
BRDA:44,6,1,0
BRDA:45,7,0,0
BRDA:45,7,1,0
BRDA:47,8,0,0
BRDA:47,8,1,0
BRDA:48,9,0,0
BRDA:48,9,1,0
BRDA:49,10,0,0
BRDA:49,10,1,0
BRDA:50,11,0,0
BRDA:50,11,1,0
BRDA:52,12,0,0
BRDA:52,12,1,0
BRDA:52,13,0,0
BRDA:52,13,1,0
BRDA:52,13,2,0
BRDA:53,14,0,0
BRDA:53,14,1,0
BRDA:53,15,0,0
BRDA:53,15,1,0
BRDA:54,16,0,0
BRDA:54,16,1,0
BRDA:55,17,0,0
BRDA:55,17,1,0
BRDA:56,18,0,0
BRDA:56,18,1,0
BRDA:57,19,0,0
BRDA:57,19,1,0
BRDA:57,20,0,0
BRDA:57,20,1,0
BRDA:58,21,0,0
BRDA:58,21,1,0
BRDA:59,22,0,0
BRDA:59,22,1,0
BRDA:67,23,0,0
BRDA:67,23,1,0
BRDA:71,24,0,0
BRDA:71,24,1,0
BRDA:86,25,0,0
BRDA:86,25,1,0
BRDA:93,26,0,0
BRDA:93,26,1,0
BRDA:96,27,0,0
BRDA:96,27,1,0
BRDA:97,28,0,0
BRDA:97,28,1,0
BRDA:106,29,0,0
BRDA:106,29,1,0
BRF:63
BRH:0
end_of_record
TN:
SF:src/context/AppContext.js
FN:28,appReducer
FN:43,(anonymous_1)
FN:62,AppProvider
FN:71,useAppContext
FNF:4
FNH:0
FNDA:0,appReducer
FNDA:0,(anonymous_1)
FNDA:0,AppProvider
FNDA:0,useAppContext
DA:5,2
DA:15,2
DA:29,0
DA:31,0
DA:33,0
DA:35,0
DA:37,0
DA:39,0
DA:41,0
DA:44,0
DA:48,0
DA:50,0
DA:52,0
DA:54,0
DA:59,2
DA:63,0
DA:65,0
DA:67,0
DA:72,0
DA:73,0
DA:74,0
DA:76,0
LF:22
LH:3
BRDA:29,0,0,0
BRDA:29,0,1,0
BRDA:29,0,2,0
BRDA:29,0,3,0
BRDA:29,0,4,0
BRDA:29,0,5,0
BRDA:29,0,6,0
BRDA:29,0,7,0
BRDA:29,0,8,0
BRDA:29,0,9,0
BRDA:44,1,0,0
BRDA:44,1,1,0
BRDA:73,2,0,0
BRDA:73,2,1,0
BRF:14
BRH:0
end_of_record
TN:
SF:src/modules/index.js
FNF:0
FNH:0
LF:0
LH:0
BRF:0
BRH:0
end_of_record
TN:
SF:src/services/api.js
FN:15,(anonymous_0)
FN:22,(anonymous_1)
FN:27,(anonymous_2)
FN:28,(anonymous_3)
FNF:4
FNH:2
FNDA:2,(anonymous_0)
FNDA:0,(anonymous_1)
FNDA:0,(anonymous_2)
FNDA:2,(anonymous_3)
DA:4,8
DA:6,8
DA:14,8
DA:16,2
DA:17,2
DA:18,1
DA:20,2
DA:22,0
DA:26,8
DA:27,0
DA:29,2
DA:31,1
DA:32,1
DA:34,1
DA:36,2
DA:38,0
DA:40,2
LF:17
LH:14
BRDA:4,0,0,8
BRDA:4,0,1,7
BRDA:17,1,0,1
BRDA:17,1,1,1
BRDA:29,2,0,1
BRDA:29,2,1,1
BRDA:36,3,0,0
BRDA:36,3,1,2
BRF:8
BRH:7
end_of_record
TN:
SF:src/viewmodels/useAuthViewModel.js
FN:6,useAuthViewModel
FN:11,(anonymous_1)
FN:44,(anonymous_2)
FN:78,(anonymous_3)
FN:98,(anonymous_4)
FNF:5
FNH:0
FNDA:0,useAuthViewModel
FNDA:0,(anonymous_1)
FNDA:0,(anonymous_2)
FNDA:0,(anonymous_3)
FNDA:0,(anonymous_4)
DA:7,0
DA:8,0
DA:11,0
DA:12,0
DA:13,0
DA:14,0
DA:16,0
DA:17,0
DA:18,0
DA:20,0
DA:27,0
DA:29,0
DA:37,0
DA:38,0
DA:44,0
DA:45,0
DA:46,0
DA:48,0
DA:49,0
DA:50,0
DA:52,0
DA:55,0
DA:61,0
DA:62,0
DA:64,0
DA:66,0
DA:68,0
DA:69,0
DA:70,0
DA:71,0
DA:73,0
DA:78,0
DA:79,0
DA:80,0
DA:82,0
DA:83,0
DA:84,0
DA:86,0
DA:88,0
DA:89,0
DA:90,0
DA:91,0
DA:93,0
DA:98,0
DA:99,0
DA:100,0
DA:104,0
DA:105,0
DA:107,0
LF:49
LH:0
BRDA:13,0,0,0
BRDA:13,0,1,0
BRDA:24,1,0,0
BRDA:24,1,1,0
BRDA:68,2,0,0
BRDA:68,2,1,0
BRDA:68,2,2,0
BRDA:88,3,0,0
BRDA:88,3,1,0
BRDA:88,3,2,0
BRDA:110,4,0,0
BRDA:110,4,1,0
BRF:12
BRH:0
end_of_record
TN:
SF:src/viewmodels/useGuestCartViewModel.js
FN:8,useGuestCartViewModel
FN:12,(anonymous_1)
FN:29,(anonymous_2)
FN:30,(anonymous_3)
FN:42,(anonymous_4)
FN:46,(anonymous_5)
FN:53,(anonymous_6)
FN:58,(anonymous_7)
FN:70,(anonymous_8)
FN:72,(anonymous_9)
FN:99,(anonymous_10)
FN:100,(anonymous_11)
FN:101,(anonymous_12)
FN:107,(anonymous_13)
FN:121,(anonymous_14)
FN:122,(anonymous_15)
FN:134,(anonymous_16)
FN:141,(anonymous_17)
FN:147,(anonymous_18)
FN:152,(anonymous_19)
FN:160,(anonymous_20)
FN:168,(anonymous_21)
FN:169,(anonymous_22)
FN:180,(anonymous_23)
FN:194,(anonymous_24)
FN:198,(anonymous_25)
FN:217,(anonymous_26)
FN:273,(anonymous_27)
FN:277,(anonymous_28)
FN:281,(anonymous_29)
FNF:30
FNH:0
FNDA:0,useGuestCartViewModel
FNDA:0,(anonymous_1)
FNDA:0,(anonymous_2)
FNDA:0,(anonymous_3)
FNDA:0,(anonymous_4)
FNDA:0,(anonymous_5)
FNDA:0,(anonymous_6)
FNDA:0,(anonymous_7)
FNDA:0,(anonymous_8)
FNDA:0,(anonymous_9)
FNDA:0,(anonymous_10)
FNDA:0,(anonymous_11)
FNDA:0,(anonymous_12)
FNDA:0,(anonymous_13)
FNDA:0,(anonymous_14)
FNDA:0,(anonymous_15)
FNDA:0,(anonymous_16)
FNDA:0,(anonymous_17)
FNDA:0,(anonymous_18)
FNDA:0,(anonymous_19)
FNDA:0,(anonymous_20)
FNDA:0,(anonymous_21)
FNDA:0,(anonymous_22)
FNDA:0,(anonymous_23)
FNDA:0,(anonymous_24)
FNDA:0,(anonymous_25)
FNDA:0,(anonymous_26)
FNDA:0,(anonymous_27)
FNDA:0,(anonymous_28)
FNDA:0,(anonymous_29)
DA:6,1
DA:9,0
DA:10,0
DA:12,0
DA:14,0
DA:15,0
DA:16,0
DA:18,0
DA:23,0
DA:24,0
DA:25,0
DA:26,0
DA:29,0
DA:30,0
DA:31,0
DA:32,0
DA:33,0
DA:34,0
DA:36,0
DA:41,0
DA:42,0
DA:46,0
DA:47,0
DA:49,0
DA:53,0
DA:54,0
DA:57,0
DA:58,0
DA:60,0
DA:63,0
DA:64,0
DA:70,0
DA:71,0
DA:72,0
DA:76,0
DA:77,0
DA:78,0
DA:84,0
DA:85,0
DA:92,0
DA:95,0
DA:99,0
DA:100,0
DA:101,0
DA:102,0
DA:107,0
DA:108,0
DA:109,0
DA:110,0
DA:114,0
DA:115,0
DA:121,0
DA:122,0
DA:123,0
DA:127,0
DA:130,0
DA:134,0
DA:135,0
DA:136,0
DA:137,0
DA:141,0
DA:142,0
DA:143,0
DA:144,0
DA:147,0
DA:152,0
DA:153,0
DA:154,0
DA:156,0
DA:160,0
DA:161,0
DA:162,0
DA:164,0
DA:168,0
DA:169,0
DA:170,0
DA:171,0
DA:176,0
DA:180,0
DA:181,0
DA:182,0
DA:183,0
DA:184,0
DA:190,0
DA:194,0
DA:195,0
DA:197,0
DA:198,0
DA:217,0
DA:219,0
DA:220,0
DA:224,0
DA:225,0
DA:226,0
DA:227,0
DA:230,0
DA:231,0
DA:232,0
DA:235,0
DA:236,0
DA:237,0
DA:241,0
DA:243,0
DA:244,0
DA:245,0
DA:247,0
DA:249,0
DA:250,0
DA:251,0
DA:253,0
DA:254,0
DA:256,0
DA:258,0
DA:259,0
DA:260,0
DA:262,0
DA:265,0
DA:266,0
DA:268,0
DA:273,0
DA:274,0
DA:277,0
DA:278,0
DA:281,0
DA:282,0
DA:285,0
LF:126
LH:1
BRDA:16,0,0,0
BRDA:16,0,1,0
BRDA:23,1,0,0
BRDA:23,1,1,0
BRDA:31,2,0,0
BRDA:31,2,1,0
BRDA:33,3,0,0
BRDA:33,3,1,0
BRDA:54,4,0,0
BRDA:54,4,1,0
BRDA:54,4,2,0
BRDA:58,5,0,0
BRDA:58,5,1,0
BRDA:60,6,0,0
BRDA:60,6,1,0
BRDA:63,7,0,0
BRDA:63,7,1,0
BRDA:72,8,0,0
BRDA:72,8,1,0
BRDA:76,9,0,0
BRDA:76,9,1,0
BRDA:80,10,0,0
BRDA:80,10,1,0
BRDA:101,11,0,0
BRDA:101,11,1,0
BRDA:107,12,0,0
BRDA:108,13,0,0
BRDA:108,13,1,0
BRDA:114,14,0,0
BRDA:114,14,1,0
BRDA:114,15,0,0
BRDA:114,15,1,0
BRDA:123,16,0,0
BRDA:123,16,1,0
BRDA:123,17,0,0
BRDA:123,17,1,0
BRDA:142,18,0,0
BRDA:142,18,1,0
BRDA:142,18,2,0
BRDA:143,19,0,0
BRDA:143,19,1,0
BRDA:147,20,0,0
BRDA:147,20,1,0
BRDA:153,21,0,0
BRDA:153,21,1,0
BRDA:161,22,0,0
BRDA:161,22,1,0
BRDA:170,23,0,0
BRDA:170,23,1,0
BRDA:182,24,0,0
BRDA:182,24,1,0
BRDA:182,24,2,0
BRDA:183,25,0,0
BRDA:183,25,1,0
BRDA:199,26,0,0
BRDA:199,26,1,0
BRDA:201,27,0,0
BRDA:201,27,1,0
BRDA:201,27,2,0
BRDA:202,28,0,0
BRDA:202,28,1,0
BRDA:207,29,0,0
BRDA:207,29,1,0
BRDA:208,30,0,0
BRDA:208,30,1,0
BRDA:208,30,2,0
BRDA:209,31,0,0
BRDA:209,31,1,0
BRDA:210,32,0,0
BRDA:210,32,1,0
BRDA:219,33,0,0
BRDA:219,33,1,0
BRDA:225,34,0,0
BRDA:225,34,1,0
BRDA:231,35,0,0
BRDA:231,35,1,0
BRDA:236,36,0,0
BRDA:236,36,1,0
BRDA:249,37,0,0
BRDA:249,37,1,0
BRDA:253,38,0,0
BRDA:253,38,1,0
BRDA:259,39,0,0
BRDA:259,39,1,0
BRF:84
BRH:0
end_of_record
TN:
SF:src/viewmodels/useOrdersViewModel.js
FN:6,useOrdersViewModel
FN:11,(anonymous_1)
FN:18,(anonymous_2)
FN:19,(anonymous_3)
FN:61,(anonymous_4)
FN:104,(anonymous_5)
FN:126,(anonymous_6)
FN:147,(anonymous_7)
FN:167,(anonymous_8)
FN:187,(anonymous_9)
FNF:10
FNH:0
FNDA:0,useOrdersViewModel
FNDA:0,(anonymous_1)
FNDA:0,(anonymous_2)
FNDA:0,(anonymous_3)
FNDA:0,(anonymous_4)
FNDA:0,(anonymous_5)
FNDA:0,(anonymous_6)
FNDA:0,(anonymous_7)
FNDA:0,(anonymous_8)
FNDA:0,(anonymous_9)
DA:7,0
DA:8,0
DA:11,0
DA:12,0
DA:13,0
DA:14,0
DA:16,0
DA:18,0
DA:19,0
DA:23,0
DA:26,0
DA:27,0
DA:29,0
DA:32,0
DA:37,0
DA:39,0
DA:42,0
DA:43,0
DA:44,0
DA:45,0
DA:46,0
DA:49,0
DA:50,0
DA:51,0
DA:52,0
DA:54,0
DA:61,0
DA:62,0
DA:63,0
DA:64,0
DA:66,0
DA:67,0
DA:68,0
DA:69,0
DA:73,0
DA:74,0
DA:75,0
DA:76,0
DA:77,0
DA:78,0
DA:79,0
DA:80,0
DA:81,0
DA:83,0
DA:84,0
DA:87,0
DA:89,0
DA:90,0
DA:92,0
DA:93,0
DA:94,0
DA:95,0
DA:96,0
DA:98,0
DA:99,0
DA:104,0
DA:105,0
DA:106,0
DA:109,0
DA:110,0
DA:111,0
DA:114,0
DA:116,0
DA:118,0
DA:119,0
DA:120,0
DA:121,0
DA:126,0
DA:127,0
DA:128,0
DA:129,0
DA:132,0
DA:137,0
DA:139,0
DA:140,0
DA:141,0
DA:142,0
DA:147,0
DA:148,0
DA:149,0
DA:150,0
DA:152,0
DA:157,0
DA:159,0
DA:160,0
DA:161,0
DA:162,0
DA:167,0
DA:168,0
DA:169,0
DA:170,0
DA:172,0
DA:177,0
DA:179,0
DA:180,0
DA:181,0
DA:182,0
DA:187,0
DA:188,0
DA:189,0
DA:190,0
DA:192,0
DA:197,0
DA:199,0
DA:200,0
DA:201,0
DA:202,0
DA:207,0
DA:208,0
DA:209,0
DA:211,0
LF:111
LH:0
BRDA:34,0,0,0
BRDA:34,0,1,0
BRDA:37,1,0,0
BRDA:37,1,1,0
BRDA:42,2,0,0
BRDA:42,2,1,0
BRDA:49,3,0,0
BRDA:49,3,1,0
BRDA:49,3,2,0
BRDA:74,4,0,0
BRDA:74,4,1,0
BRDA:76,5,0,0
BRDA:76,5,1,0
BRDA:78,6,0,0
BRDA:78,6,1,0
BRDA:80,7,0,0
BRDA:80,7,1,0
BRDA:80,8,0,0
BRDA:80,8,1,0
BRDA:93,9,0,0
BRDA:93,9,1,0
BRDA:93,9,2,0
BRDA:105,10,0,0
BRDA:105,10,1,0
BRDA:118,11,0,0
BRDA:118,11,1,0
BRDA:118,11,2,0
BRDA:134,12,0,0
BRDA:134,12,1,0
BRDA:139,13,0,0
BRDA:139,13,1,0
BRDA:139,13,2,0
BRDA:154,14,0,0
BRDA:154,14,1,0
BRDA:159,15,0,0
BRDA:159,15,1,0
BRDA:159,15,2,0
BRDA:174,16,0,0
BRDA:174,16,1,0
BRDA:179,17,0,0
BRDA:179,17,1,0
BRDA:179,17,2,0
BRDA:194,18,0,0
BRDA:194,18,1,0
BRDA:199,19,0,0
BRDA:199,19,1,0
BRDA:199,19,2,0
BRDA:209,20,0,0
BRDA:209,20,1,0
BRF:49
BRH:0
end_of_record
TN:
SF:src/viewmodels/useProductsViewModel.js
FN:6,useProductsViewModel
FN:11,(anonymous_1)
FN:31,(anonymous_2)
FN:36,(anonymous_3)
FN:42,(anonymous_4)
FN:65,(anonymous_5)
FN:88,(anonymous_6)
FNF:7
FNH:0
FNDA:0,useProductsViewModel
FNDA:0,(anonymous_1)
FNDA:0,(anonymous_2)
FNDA:0,(anonymous_3)
FNDA:0,(anonymous_4)
FNDA:0,(anonymous_5)
FNDA:0,(anonymous_6)
DA:7,0
DA:8,0
DA:11,0
DA:12,0
DA:13,0
DA:15,0
DA:16,0
DA:17,0
DA:18,0
DA:19,0
DA:21,0
DA:22,0
DA:23,0
DA:24,0
DA:26,0
DA:31,0
DA:32,0
DA:36,0
DA:37,0
DA:42,0
DA:43,0
DA:44,0
DA:46,0
DA:47,0
DA:48,0
DA:51,0
DA:53,0
DA:55,0
DA:56,0
DA:57,0
DA:58,0
DA:60,0
DA:65,0
DA:66,0
DA:67,0
DA:69,0
DA:70,0
DA:71,0
DA:74,0
DA:76,0
DA:78,0
DA:79,0
DA:80,0
DA:81,0
DA:83,0
DA:88,0
DA:89,0
DA:90,0
DA:92,0
DA:93,0
DA:96,0
DA:98,0
DA:100,0
DA:101,0
DA:102,0
DA:103,0
DA:105,0
DA:110,0
DA:111,0
DA:112,0
DA:114,0
LF:61
LH:0
BRDA:11,0,0,0
BRDA:18,1,0,0
BRDA:18,1,1,0
BRDA:18,1,2,0
BRDA:21,2,0,0
BRDA:21,2,1,0
BRDA:21,2,2,0
BRDA:53,3,0,0
BRDA:53,3,1,0
BRDA:55,4,0,0
BRDA:55,4,1,0
BRDA:55,4,2,0
BRDA:78,5,0,0
BRDA:78,5,1,0
BRDA:78,5,2,0
BRDA:100,6,0,0
BRDA:100,6,1,0
BRDA:100,6,2,0
BRDA:112,7,0,0
BRDA:112,7,1,0
BRF:20
BRH:0
end_of_record
TN:
SF:src/views/AdminView.jsx
FN:5,AdminView
FN:21,(anonymous_1)
FN:25,(anonymous_2)
FN:66,(anonymous_3)
FN:79,(anonymous_4)
FN:94,(anonymous_5)
FN:120,(anonymous_6)
FN:129,(anonymous_7)
FN:140,(anonymous_8)
FN:150,(anonymous_9)
FN:161,(anonymous_10)
FN:170,(anonymous_11)
FN:184,(anonymous_12)
FN:193,(anonymous_13)
FN:218,(anonymous_14)
FN:231,(anonymous_15)
FN:234,(anonymous_16)
FNF:17
FNH:0
FNDA:0,AdminView
FNDA:0,(anonymous_1)
FNDA:0,(anonymous_2)
FNDA:0,(anonymous_3)
FNDA:0,(anonymous_4)
FNDA:0,(anonymous_5)
FNDA:0,(anonymous_6)
FNDA:0,(anonymous_7)
FNDA:0,(anonymous_8)
FNDA:0,(anonymous_9)
FNDA:0,(anonymous_10)
FNDA:0,(anonymous_11)
FNDA:0,(anonymous_12)
FNDA:0,(anonymous_13)
FNDA:0,(anonymous_14)
FNDA:0,(anonymous_15)
FNDA:0,(anonymous_16)
DA:6,0
DA:7,0
DA:8,0
DA:9,0
DA:10,0
DA:21,0
DA:22,0
DA:25,0
DA:26,0
DA:29,0
DA:30,0
DA:32,0
DA:33,0
DA:34,0
DA:37,0
DA:50,0
DA:51,0
DA:53,0
DA:56,0
DA:57,0
DA:58,0
DA:59,0
DA:60,0
DA:62,0
DA:66,0
DA:67,0
DA:79,0
DA:80,0
DA:81,0
DA:91,0
DA:94,0
DA:95,0
DA:96,0
DA:97,0
DA:98,0
DA:103,0
DA:120,0
DA:129,0
DA:140,0
DA:150,0
DA:161,0
DA:170,0
DA:184,0
DA:193,0
DA:219,0
DA:231,0
DA:234,0
LF:47
LH:0
BRDA:32,0,0,0
BRDA:32,0,1,0
BRDA:42,1,0,0
BRDA:42,1,1,0
BRDA:45,2,0,0
BRDA:45,2,1,0
BRDA:50,3,0,0
BRDA:50,3,1,0
BRDA:56,4,0,0
BRDA:56,4,1,0
BRDA:83,5,0,0
BRDA:83,5,1,0
BRDA:84,6,0,0
BRDA:84,6,1,0
BRDA:85,7,0,0
BRDA:85,7,1,0
BRDA:86,8,0,0
BRDA:86,8,1,0
BRDA:87,9,0,0
BRDA:87,9,1,0
BRDA:89,10,0,0
BRDA:89,10,1,0
BRDA:89,10,2,0
BRDA:95,11,0,0
BRDA:95,11,1,0
BRDA:97,12,0,0
BRDA:97,12,1,0
BRDA:107,13,0,0
BRDA:107,13,1,0
BRDA:108,14,0,0
BRDA:108,14,1,0
BRDA:203,15,0,0
BRDA:203,15,1,0
BRDA:203,16,0,0
BRDA:203,16,1,0
BRDA:212,17,0,0
BRDA:212,17,1,0
BRDA:212,17,2,0
BRDA:219,18,0,0
BRDA:219,18,1,0
BRDA:222,19,0,0
BRDA:222,19,1,0
BRDA:224,20,0,0
BRDA:224,20,1,0
BRDA:225,21,0,0
BRDA:225,21,1,0
BRDA:229,22,0,0
BRDA:229,22,1,0
BRDA:234,23,0,0
BRDA:234,23,1,0
BRF:50
BRH:0
end_of_record
TN:
SF:src/views/CartView.jsx
FN:6,CartView
FN:36,(anonymous_1)
FN:46,(anonymous_2)
FN:64,(anonymous_3)
FN:84,(anonymous_4)
FN:95,(anonymous_5)
FN:108,(anonymous_6)
FN:121,(anonymous_7)
FN:134,(anonymous_8)
FN:138,(anonymous_9)
FN:184,(anonymous_10)
FN:193,(anonymous_11)
FN:204,(anonymous_12)
FNF:13
FNH:0
FNDA:0,CartView
FNDA:0,(anonymous_1)
FNDA:0,(anonymous_2)
FNDA:0,(anonymous_3)
FNDA:0,(anonymous_4)
FNDA:0,(anonymous_5)
FNDA:0,(anonymous_6)
FNDA:0,(anonymous_7)
FNDA:0,(anonymous_8)
FNDA:0,(anonymous_9)
FNDA:0,(anonymous_10)
FNDA:0,(anonymous_11)
FNDA:0,(anonymous_12)
DA:20,0
DA:22,0
DA:24,0
DA:26,0
DA:27,0
DA:36,0
DA:46,0
DA:47,0
DA:48,0
DA:49,0
DA:52,0
DA:53,0
DA:55,0
DA:60,0
DA:64,0
DA:65,0
DA:67,0
DA:68,0
DA:69,0
DA:70,0
DA:71,0
DA:72,0
DA:73,0
DA:74,0
DA:76,0
DA:79,0
DA:85,0
DA:96,0
DA:97,0
DA:98,0
DA:100,0
DA:109,0
DA:110,0
DA:111,0
DA:112,0
DA:114,0
DA:121,0
DA:135,0
DA:136,0
DA:139,0
DA:140,0
DA:184,0
DA:193,0
DA:204,0
LF:44
LH:0
BRDA:26,0,0,0
BRDA:26,0,1,0
BRDA:47,1,0,0
BRDA:47,1,1,0
BRDA:53,2,0,0
BRDA:53,2,1,0
BRDA:65,3,0,0
BRDA:65,3,1,0
BRDA:67,4,0,0
BRDA:67,4,1,0
BRDA:67,5,0,0
BRDA:67,5,1,0
BRDA:68,6,0,0
BRDA:68,6,1,0
BRDA:69,7,0,0
BRDA:69,7,1,0
BRDA:70,8,0,0
BRDA:70,8,1,0
BRDA:71,9,0,0
BRDA:71,9,1,0
BRDA:72,10,0,0
BRDA:72,10,1,0
BRDA:73,11,0,0
BRDA:73,11,1,0
BRDA:73,12,0,0
BRDA:73,12,1,0
BRDA:74,13,0,0
BRDA:74,13,1,0
BRDA:85,14,0,0
BRDA:85,14,1,0
BRDA:90,15,0,0
BRDA:90,15,1,0
BRDA:96,16,0,0
BRDA:96,16,1,0
BRDA:97,17,0,0
BRDA:97,17,1,0
BRDA:98,18,0,0
BRDA:98,18,1,0
BRDA:100,19,0,0
BRDA:100,19,1,0
BRDA:106,20,0,0
BRDA:106,20,1,0
BRDA:109,21,0,0
BRDA:109,21,1,0
BRDA:109,21,2,0
BRDA:110,22,0,0
BRDA:110,22,1,0
BRDA:111,23,0,0
BRDA:111,23,1,0
BRDA:114,24,0,0
BRDA:114,24,1,0
BRDA:121,25,0,0
BRDA:121,25,1,0
BRDA:153,26,0,0
BRDA:153,26,1,0
BRDA:153,27,0,0
BRDA:153,27,1,0
BRDA:214,28,0,0
BRDA:214,28,1,0
BRDA:215,29,0,0
BRDA:215,29,1,0
BRDA:219,30,0,0
BRDA:219,30,1,0
BRF:63
BRH:0
end_of_record
TN:
SF:src/views/CatalogView.jsx
FN:8,CatalogView
FN:15,(anonymous_1)
FN:25,(anonymous_2)
FN:30,(anonymous_3)
FN:59,(anonymous_4)
FN:64,(anonymous_5)
FN:84,(anonymous_6)
FN:94,(anonymous_7)
FN:103,(anonymous_8)
FN:118,(anonymous_9)
FN:122,(anonymous_10)
FNF:11
FNH:0
FNDA:0,CatalogView
FNDA:0,(anonymous_1)
FNDA:0,(anonymous_2)
FNDA:0,(anonymous_3)
FNDA:0,(anonymous_4)
FNDA:0,(anonymous_5)
FNDA:0,(anonymous_6)
FNDA:0,(anonymous_7)
FNDA:0,(anonymous_8)
FNDA:0,(anonymous_9)
FNDA:0,(anonymous_10)
DA:9,0
DA:10,0
DA:11,0
DA:12,0
DA:15,0
DA:16,0
DA:18,0
DA:21,0
DA:25,0
DA:26,0
DA:29,0
DA:30,0
DA:32,0
DA:35,0
DA:36,0
DA:37,0
DA:40,0
DA:42,0
DA:43,0
DA:44,0
DA:46,0
DA:50,0
DA:51,0
DA:52,0
DA:54,0
DA:59,0
DA:60,0
DA:64,0
DA:65,0
DA:66,0
DA:68,0
DA:69,0
DA:71,0
DA:72,0
DA:76,0
DA:78,0
DA:84,0
DA:94,0
DA:103,0
DA:119,0
DA:123,0
LF:41
LH:0
BRDA:16,0,0,0
BRDA:16,0,1,0
BRDA:16,1,0,0
BRDA:16,1,1,0
BRDA:26,2,0,0
BRDA:26,2,1,0
BRDA:26,2,2,0
BRDA:30,3,0,0
BRDA:30,3,1,0
BRDA:32,4,0,0
BRDA:32,4,1,0
BRDA:35,5,0,0
BRDA:35,5,1,0
BRDA:40,6,0,0
BRDA:40,6,1,0
BRDA:43,7,0,0
BRDA:43,7,1,0
BRDA:51,8,0,0
BRDA:51,8,1,0
BRDA:65,9,0,0
BRDA:65,9,1,0
BRDA:66,10,0,0
BRDA:66,10,1,0
BRDA:68,11,0,0
BRDA:68,11,1,0
BRDA:81,12,0,0
BRDA:81,12,1,0
BRDA:81,13,0,0
BRDA:81,13,1,0
BRDA:82,14,0,0
BRDA:82,14,1,0
BRDA:92,15,0,0
BRDA:92,15,1,0
BRDA:107,16,0,0
BRDA:107,16,1,0
BRDA:108,17,0,0
BRDA:108,17,1,0
BRDA:110,18,0,0
BRDA:110,18,1,0
BRDA:110,19,0,0
BRDA:110,19,1,0
BRDA:112,20,0,0
BRDA:112,20,1,0
BRDA:112,21,0,0
BRDA:112,21,1,0
BRDA:124,22,0,0
BRDA:124,22,1,0
BRF:47
BRH:0
end_of_record
TN:
SF:src/views/LoginView.jsx
FN:6,LoginView
FN:11,(anonymous_1)
FN:19,(anonymous_2)
FN:44,(anonymous_3)
FN:51,(anonymous_4)
FN:63,(anonymous_5)
FN:73,(anonymous_6)
FN:104,(anonymous_7)
FNF:8
FNH:0
FNDA:0,LoginView
FNDA:0,(anonymous_1)
FNDA:0,(anonymous_2)
FNDA:0,(anonymous_3)
FNDA:0,(anonymous_4)
FNDA:0,(anonymous_5)
FNDA:0,(anonymous_6)
FNDA:0,(anonymous_7)
DA:7,0
DA:8,0
DA:9,0
DA:11,0
DA:12,0
DA:13,0
DA:14,0
DA:15,0
DA:19,0
DA:21,0
DA:24,0
DA:44,0
DA:51,0
DA:63,0
DA:73,0
DA:104,0
LF:16
LH:0
BRDA:14,0,0,0
BRDA:14,0,1,0
BRDA:43,1,0,0
BRDA:43,1,1,0
BRDA:50,2,0,0
BRDA:50,2,1,0
BRDA:79,3,0,0
BRDA:79,3,1,0
BRF:8
BRH:0
end_of_record
TN:
SF:src/views/MyOrdersView.jsx
FN:5,MyOrdersView
FN:8,(anonymous_1)
FN:9,(anonymous_2)
FN:12,(anonymous_3)
FN:13,(anonymous_4)
FN:28,(anonymous_5)
FN:39,(anonymous_6)
FN:62,(anonymous_7)
FN:90,(anonymous_8)
FN:100,(anonymous_9)
FN:140,(anonymous_10)
FNF:11
FNH:0
FNDA:0,MyOrdersView
FNDA:0,(anonymous_1)
FNDA:0,(anonymous_2)
FNDA:0,(anonymous_3)
FNDA:0,(anonymous_4)
FNDA:0,(anonymous_5)
FNDA:0,(anonymous_6)
FNDA:0,(anonymous_7)
FNDA:0,(anonymous_8)
FNDA:0,(anonymous_9)
FNDA:0,(anonymous_10)
DA:6,0
DA:8,0
DA:9,0
DA:10,0
DA:12,0
DA:13,0
DA:16,0
DA:19,0
DA:21,0
DA:25,0
DA:28,0
DA:29,0
DA:30,0
DA:31,0
DA:32,0
DA:34,0
DA:39,0
DA:40,0
DA:48,0
DA:62,0
DA:63,0
DA:65,0
DA:66,0
DA:67,0
DA:68,0
DA:69,0
DA:70,0
DA:72,0
DA:75,0
DA:91,0
DA:101,0
DA:140,0
LF:32
LH:0
BRDA:29,0,0,0
BRDA:29,0,1,0
BRDA:31,1,0,0
BRDA:31,1,1,0
BRDA:63,2,0,0
BRDA:63,2,1,0
BRDA:65,3,0,0
BRDA:65,3,1,0
BRDA:66,4,0,0
BRDA:66,4,1,0
BRDA:67,5,0,0
BRDA:67,5,1,0
BRDA:68,6,0,0
BRDA:68,6,1,0
BRDA:69,7,0,0
BRDA:69,7,1,0
BRDA:70,8,0,0
BRDA:70,8,1,0
BRDA:79,9,0,0
BRDA:79,9,1,0
BRDA:80,10,0,0
BRDA:80,10,1,0
BRDA:82,11,0,0
BRDA:82,11,1,0
BRDA:82,12,0,0
BRDA:82,12,1,0
BRDA:82,12,2,0
BRDA:82,12,3,0
BRDA:90,13,0,0
BRDA:90,13,1,0
BRDA:90,13,2,0
BRDA:91,14,0,0
BRDA:91,14,1,0
BRDA:93,15,0,0
BRDA:93,15,1,0
BRDA:99,16,0,0
BRDA:99,16,1,0
BRDA:99,17,0,0
BRDA:99,17,1,0
BRDA:101,18,0,0
BRDA:101,18,1,0
BRDA:126,19,0,0
BRDA:126,19,1,0
BRDA:138,20,0,0
BRDA:138,20,1,0
BRDA:140,21,0,0
BRDA:140,21,1,0
BRF:47
BRH:0
end_of_record
TN:
SF:src/views/Navbar.jsx
FN:7,Navbar
FN:12,(anonymous_1)
FN:13,(anonymous_2)
FN:18,(anonymous_3)
FN:38,(anonymous_4)
FN:44,(anonymous_5)
FN:59,(anonymous_6)
FN:67,(anonymous_7)
FN:73,(anonymous_8)
FN:81,(anonymous_9)
FN:88,(anonymous_10)
FN:101,(anonymous_11)
FN:107,(anonymous_12)
FNF:13
FNH:0
FNDA:0,Navbar
FNDA:0,(anonymous_1)
FNDA:0,(anonymous_2)
FNDA:0,(anonymous_3)
FNDA:0,(anonymous_4)
FNDA:0,(anonymous_5)
FNDA:0,(anonymous_6)
FNDA:0,(anonymous_7)
FNDA:0,(anonymous_8)
FNDA:0,(anonymous_9)
FNDA:0,(anonymous_10)
FNDA:0,(anonymous_11)
FNDA:0,(anonymous_12)
DA:5,1
DA:8,0
DA:9,0
DA:12,0
DA:13,0
DA:14,0
DA:15,0
DA:16,0
DA:17,0
DA:18,0
DA:19,0
DA:21,0
DA:24,0
DA:25,0
DA:30,0
DA:33,0
DA:36,0
DA:38,0
DA:39,0
DA:40,0
DA:44,0
DA:45,0
DA:46,0
DA:49,0
DA:59,0
DA:67,0
DA:73,0
DA:81,0
DA:88,0
DA:101,0
DA:107,0
LF:31
LH:1
BRDA:16,0,0,0
BRDA:16,0,1,0
BRDA:18,1,0,0
BRDA:18,1,1,0
BRDA:56,2,0,0
BRDA:56,2,1,0
BRDA:60,3,0,0
BRDA:60,3,1,0
BRDA:64,4,0,0
BRDA:64,4,1,0
BRDA:68,5,0,0
BRDA:68,5,1,0
BRDA:74,6,0,0
BRDA:74,6,1,0
BRDA:82,7,0,0
BRDA:82,7,1,0
BRDA:91,8,0,0
BRDA:91,8,1,0
BRDA:94,9,0,0
BRDA:94,9,1,0
BRDA:94,9,2,0
BRDA:102,10,0,0
BRDA:102,10,1,0
BRDA:110,11,0,0
BRDA:110,11,1,0
BRF:25
BRH:0
end_of_record
TN:
SF:src/views/RegisterView.jsx
FN:6,RegisterView
FN:18,(anonymous_1)
FN:49,(anonymous_2)
FN:59,(anonymous_3)
FN:69,(anonymous_4)
FN:78,(anonymous_5)
FN:91,(anonymous_6)
FN:102,(anonymous_7)
FN:119,(anonymous_8)
FNF:9
FNH:0
FNDA:0,RegisterView
FNDA:0,(anonymous_1)
FNDA:0,(anonymous_2)
FNDA:0,(anonymous_3)
FNDA:0,(anonymous_4)
FNDA:0,(anonymous_5)
FNDA:0,(anonymous_6)
FNDA:0,(anonymous_7)
FNDA:0,(anonymous_8)
DA:7,0
DA:8,0
DA:18,0
DA:19,0
DA:20,0
DA:21,0
DA:22,0
DA:26,0
DA:49,0
DA:59,0
DA:69,0
DA:78,0
DA:91,0
DA:102,0
DA:119,0
LF:15
LH:0
BRDA:21,0,0,0
BRDA:21,0,1,0
BRDA:85,1,0,0
BRDA:85,1,1,0
BRDA:106,2,0,0
BRDA:106,2,1,0
BRDA:113,3,0,0
BRDA:113,3,1,0
BRF:8
BRH:0
end_of_record
TN:
SF:src/views/RestaurantOrdersView.jsx
FN:6,RestaurantOrdersView
FN:12,(anonymous_1)
FN:19,(anonymous_2)
FN:25,(anonymous_3)
FN:56,(anonymous_4)
FN:66,(anonymous_5)
FN:112,(anonymous_6)
FN:115,(anonymous_7)
FN:132,(anonymous_8)
FN:146,(anonymous_9)
FN:160,(anonymous_10)
FN:174,(anonymous_11)
FN:188,(anonymous_12)
FN:202,(anonymous_13)
FN:221,(anonymous_14)
FN:254,(anonymous_15)
FN:288,(anonymous_16)
FN:303,(anonymous_17)
FN:320,(anonymous_18)
FN:337,(anonymous_19)
FN:354,(anonymous_20)
FN:371,(anonymous_21)
FNF:22
FNH:0
FNDA:0,RestaurantOrdersView
FNDA:0,(anonymous_1)
FNDA:0,(anonymous_2)
FNDA:0,(anonymous_3)
FNDA:0,(anonymous_4)
FNDA:0,(anonymous_5)
FNDA:0,(anonymous_6)
FNDA:0,(anonymous_7)
FNDA:0,(anonymous_8)
FNDA:0,(anonymous_9)
FNDA:0,(anonymous_10)
FNDA:0,(anonymous_11)
FNDA:0,(anonymous_12)
FNDA:0,(anonymous_13)
FNDA:0,(anonymous_14)
FNDA:0,(anonymous_15)
FNDA:0,(anonymous_16)
FNDA:0,(anonymous_17)
FNDA:0,(anonymous_18)
FNDA:0,(anonymous_19)
FNDA:0,(anonymous_20)
FNDA:0,(anonymous_21)
DA:7,0
DA:8,0
DA:9,0
DA:12,0
DA:13,0
DA:14,0
DA:15,0
DA:19,0
DA:20,0
DA:21,0
DA:25,0
DA:26,0
DA:27,0
DA:31,0
DA:33,0
DA:34,0
DA:36,0
DA:37,0
DA:39,0
DA:40,0
DA:42,0
DA:43,0
DA:45,0
DA:48,0
DA:49,0
DA:50,0
DA:52,0
DA:56,0
DA:57,0
DA:58,0
DA:59,0
DA:60,0
DA:62,0
DA:66,0
DA:67,0
DA:75,0
DA:83,0
DA:99,0
DA:102,0
DA:103,0
DA:110,0
DA:112,0
DA:115,0
DA:116,0
DA:117,0
DA:120,0
DA:132,0
DA:146,0
DA:160,0
DA:174,0
DA:188,0
DA:202,0
DA:222,0
DA:255,0
DA:288,0
DA:303,0
DA:320,0
DA:337,0
DA:354,0
DA:371,0
LF:60
LH:0
BRDA:13,0,0,0
BRDA:13,0,1,0
BRDA:13,1,0,0
BRDA:13,1,1,0
BRDA:20,2,0,0
BRDA:20,2,1,0
BRDA:20,3,0,0
BRDA:20,3,1,0
BRDA:26,4,0,0
BRDA:26,4,1,0
BRDA:31,5,0,0
BRDA:31,5,1,0
BRDA:31,5,2,0
BRDA:31,5,3,0
BRDA:31,5,4,0
BRDA:48,6,0,0
BRDA:48,6,1,0
BRDA:58,7,0,0
BRDA:58,7,1,0
BRDA:85,8,0,0
BRDA:85,8,1,0
BRDA:93,9,0,0
BRDA:93,9,1,0
BRDA:99,10,0,0
BRDA:99,10,1,0
BRDA:102,11,0,0
BRDA:102,11,1,0
BRDA:102,12,0,0
BRDA:102,12,1,0
BRDA:110,13,0,0
BRDA:110,13,1,0
BRDA:116,14,0,0
BRDA:116,14,1,0
BRDA:137,15,0,0
BRDA:137,15,1,0
BRDA:138,16,0,0
BRDA:138,16,1,0
BRDA:151,17,0,0
BRDA:151,17,1,0
BRDA:157,18,0,0
BRDA:157,18,1,0
BRDA:165,19,0,0
BRDA:165,19,1,0
BRDA:171,20,0,0
BRDA:171,20,1,0
BRDA:179,21,0,0
BRDA:179,21,1,0
BRDA:185,22,0,0
BRDA:185,22,1,0
BRDA:193,23,0,0
BRDA:193,23,1,0
BRDA:199,24,0,0
BRDA:199,24,1,0
BRDA:207,25,0,0
BRDA:207,25,1,0
BRDA:213,26,0,0
BRDA:213,26,1,0
BRDA:217,27,0,0
BRDA:217,27,1,0
BRDA:218,28,0,0
BRDA:218,28,1,0
BRDA:242,29,0,0
BRDA:242,29,1,0
BRDA:243,30,0,0
BRDA:243,30,1,0
BRDA:244,31,0,0
BRDA:244,31,1,0
BRDA:285,32,0,0
BRDA:285,32,1,0
BRDA:318,33,0,0
BRDA:318,33,1,0
BRDA:335,34,0,0
BRDA:335,34,1,0
BRDA:352,35,0,0
BRDA:352,35,1,0
BRDA:369,36,0,0
BRDA:369,36,1,0
BRDA:369,36,2,0
BRDA:390,37,0,0
BRDA:390,37,1,0
BRDA:390,37,2,0
BRDA:397,38,0,0
BRDA:397,38,1,0
BRF:83
BRH:0
end_of_record
TN:
SF:src/views/SuccessView.jsx
FN:5,SuccessView
FN:30,(anonymous_1)
FNF:2
FNH:0
FNDA:0,SuccessView
FNDA:0,(anonymous_1)
DA:6,0
DA:8,0
DA:9,0
DA:11,0
DA:30,0
LF:5
LH:0
BRDA:8,0,0,0
BRDA:8,0,1,0
BRDA:9,1,0,0
BRDA:9,1,1,0
BRDA:25,2,0,0
BRDA:25,2,1,0
BRF:6
BRH:0
end_of_record
