TN:
SF:src/App.js
FN:14,AppContent
FN:21,(anonymous_1)
FN:22,(anonymous_2)
FN:29,(anonymous_3)
FN:33,(anonymous_4)
FN:41,(anonymous_5)
FN:65,(anonymous_6)
FN:108,App
FNF:8
FNH:0
FNDA:0,AppContent
FNDA:0,(anonymous_1)
FNDA:0,(anonymous_2)
FNDA:0,(anonymous_3)
FNDA:0,(anonymous_4)
FNDA:0,(anonymous_5)
FNDA:0,(anonymous_6)
FNDA:0,App
DA:15,0
DA:16,0
DA:17,0
DA:18,0
DA:21,0
DA:22,0
DA:23,0
DA:24,0
DA:25,0
DA:28,0
DA:29,0
DA:33,0
DA:35,0
DA:36,0
DA:41,0
DA:43,0
DA:44,0
DA:46,0
DA:48,0
DA:50,0
DA:55,0
DA:57,0
DA:59,0
DA:61,0
DA:63,0
DA:65,0
DA:66,0
DA:67,0
DA:70,0
DA:72,0
DA:77,0
DA:78,0
DA:86,0
DA:87,0
DA:97,0
DA:109,0
LF:36
LH:0
BRDA:35,0,0,0
BRDA:35,0,1,0
BRDA:35,1,0,0
BRDA:35,1,1,0
BRDA:35,1,2,0
BRDA:36,2,0,0
BRDA:36,2,1,0
BRDA:43,3,0,0
BRDA:43,3,1,0
BRDA:43,4,0,0
BRDA:43,4,1,0
BRDA:44,5,0,0
BRDA:44,5,1,0
BRDA:44,5,2,0
BRDA:55,6,0,0
BRDA:55,6,1,0
BRDA:55,6,2,0
BRDA:55,6,3,0
BRDA:55,6,4,0
BRDA:55,6,5,0
BRDA:55,6,6,0
BRDA:77,7,0,0
BRDA:77,7,1,0
BRDA:77,8,0,0
BRDA:77,8,1,0
BRDA:86,9,0,0
BRDA:86,9,1,0
BRF:27
BRH:0
end_of_record
TN:
SF:src/index.js
FNF:0
FNH:0
DA:6,0
DA:7,0
LF:2
LH:0
BRF:0
BRH:0
end_of_record
TN:
SF:src/components/AuthFooter.jsx
FN:5,AuthFooter
FNF:1
FNH:0
FNDA:0,AuthFooter
DA:6,0
LF:1
LH:0
BRF:0
BRH:0
end_of_record
TN:
SF:src/components/AuthHeader.jsx
FN:4,AuthHeader
FNF:1
FNH:0
FNDA:0,AuthHeader
DA:5,0
LF:1
LH:0
BRF:0
BRH:0
end_of_record
TN:
SF:src/components/DiscountedProductCard.jsx
FN:6,(anonymous_0)
FN:35,(anonymous_1)
FN:85,(anonymous_2)
FNF:3
FNH:2
FNDA:3,(anonymous_0)
FNDA:3,(anonymous_1)
FNDA:0,(anonymous_2)
DA:6,3
DA:24,3
DA:26,3
DA:27,3
DA:28,3
DA:29,3
DA:31,3
DA:32,3
DA:35,3
DA:36,3
DA:37,0
DA:38,0
DA:41,3
DA:42,3
DA:44,3
DA:46,3
DA:85,0
LF:17
LH:14
BRDA:9,0,0,3
BRDA:26,1,0,3
BRDA:26,1,1,0
BRDA:26,1,2,0
BRDA:27,2,0,3
BRDA:27,2,1,0
BRDA:27,2,2,0
BRDA:28,3,0,3
BRDA:28,3,1,0
BRDA:28,3,2,0
BRDA:29,4,0,3
BRDA:29,4,1,2
BRDA:36,5,0,3
BRDA:36,5,1,0
BRDA:42,6,0,3
BRDA:42,6,1,0
BRDA:47,7,0,3
BRDA:47,7,1,0
BRDA:51,8,0,2
BRDA:51,8,1,1
BRDA:66,9,0,3
BRDA:66,9,1,0
BRDA:73,10,0,3
BRDA:73,10,1,0
BRDA:76,11,0,3
BRDA:76,11,1,0
BRDA:77,12,0,0
BRDA:77,12,1,0
BRDA:86,13,0,3
BRDA:86,13,1,3
BRF:30
BRH:16
end_of_record
TN:
SF:src/components/StatusBadge.jsx
FN:26,StatusBadge
FNF:1
FNH:0
FNDA:0,StatusBadge
DA:4,2
DA:13,2
DA:27,0
DA:28,0
DA:43,0
LF:5
LH:2
BRDA:26,0,0,0
BRDA:27,1,0,0
BRDA:27,1,1,0
BRDA:30,2,0,0
BRDA:30,2,1,0
BRDA:38,3,0,0
BRDA:38,3,1,0
BRF:7
BRH:0
end_of_record
TN:
SF:src/context/AppContext.js
FN:32,appReducer
FN:54,(anonymous_1)
FN:76,AppProvider
FN:85,useAppContext
FNF:4
FNH:4
FNDA:25,appReducer
FNDA:2,(anonymous_1)
FNDA:13,AppProvider
FNDA:21,useAppContext
DA:5,6
DA:19,6
DA:33,25
DA:35,2
DA:37,1
DA:46,3
DA:48,1
DA:50,2
DA:52,1
DA:55,2
DA:59,11
DA:64,2
DA:66,1
DA:68,1
DA:73,6
DA:77,13
DA:79,13
DA:81,13
DA:86,21
DA:87,21
DA:88,0
DA:90,21
LF:22
LH:21
BRDA:33,0,0,2
BRDA:33,0,1,1
BRDA:33,0,2,3
BRDA:33,0,3,1
BRDA:33,0,4,2
BRDA:33,0,5,1
BRDA:33,0,6,11
BRDA:33,0,7,2
BRDA:33,0,8,1
BRDA:33,0,9,1
BRDA:55,1,0,1
BRDA:55,1,1,1
BRDA:87,2,0,0
BRDA:87,2,1,21
BRF:14
BRH:13
end_of_record
TN:
SF:src/modules/index.js
FNF:0
FNH:0
LF:0
LH:0
BRF:0
BRH:0
end_of_record
TN:
SF:src/services/api.js
FN:15,(anonymous_0)
FN:22,(anonymous_1)
FN:27,(anonymous_2)
FN:28,(anonymous_3)
FNF:4
FNH:2
FNDA:2,(anonymous_0)
FNDA:0,(anonymous_1)
FNDA:0,(anonymous_2)
FNDA:2,(anonymous_3)
DA:4,10
DA:6,10
DA:14,10
DA:16,2
DA:17,2
DA:18,1
DA:20,2
DA:22,0
DA:26,10
DA:27,0
DA:29,2
DA:31,1
DA:32,1
DA:34,1
DA:36,2
DA:38,0
DA:40,2
LF:17
LH:14
BRDA:4,0,0,10
BRDA:4,0,1,9
BRDA:17,1,0,1
BRDA:17,1,1,1
BRDA:29,2,0,1
BRDA:29,2,1,1
BRDA:36,3,0,0
BRDA:36,3,1,2
BRF:8
BRH:7
end_of_record
TN:
SF:src/utils/errors.js
FN:3,getErrorMessage
FNF:1
FNH:0
FNDA:0,getErrorMessage
DA:4,0
LF:1
LH:0
BRDA:4,0,0,0
BRDA:4,0,1,0
BRDA:4,0,2,0
BRF:3
BRH:0
end_of_record
TN:
SF:src/utils/productDisplay.js
FN:6,getEmojiForProduct
FNF:1
FNH:1
FNDA:3,getEmojiForProduct
DA:7,3
DA:8,3
DA:10,3
DA:11,3
DA:12,3
DA:13,3
DA:15,3
DA:16,3
DA:17,3
DA:18,3
DA:19,0
DA:20,0
DA:21,0
DA:22,0
DA:24,0
LF:15
LH:10
BRDA:7,0,0,3
BRDA:7,0,1,0
BRDA:8,1,0,3
BRDA:8,1,1,3
BRDA:10,2,0,0
BRDA:10,2,1,3
BRDA:11,3,0,0
BRDA:11,3,1,3
BRDA:12,4,0,0
BRDA:12,4,1,3
BRDA:13,5,0,0
BRDA:13,5,1,3
BRDA:15,6,0,0
BRDA:15,6,1,3
BRDA:15,7,0,3
BRDA:15,7,1,3
BRDA:15,7,2,3
BRDA:16,8,0,0
BRDA:16,8,1,3
BRDA:16,9,0,3
BRDA:16,9,1,3
BRDA:17,10,0,0
BRDA:17,10,1,3
BRDA:18,11,0,3
BRDA:18,11,1,0
BRDA:19,12,0,0
BRDA:19,12,1,0
BRDA:20,13,0,0
BRDA:20,13,1,0
BRDA:20,14,0,0
BRDA:20,14,1,0
BRDA:21,15,0,0
BRDA:21,15,1,0
BRDA:22,16,0,0
BRDA:22,16,1,0
BRF:35
BRH:16
end_of_record
TN:
SF:src/viewmodels/useAuthViewModel.js
FN:7,useAuthViewModel
FN:12,(anonymous_1)
FN:52,(anonymous_2)
FN:86,(anonymous_3)
FN:106,(anonymous_4)
FNF:5
FNH:2
FNDA:3,useAuthViewModel
FNDA:2,(anonymous_1)
FNDA:0,(anonymous_2)
FNDA:0,(anonymous_3)
FNDA:0,(anonymous_4)
DA:8,3
DA:9,3
DA:12,3
DA:13,2
DA:14,2
DA:15,2
DA:17,2
DA:18,2
DA:19,2
DA:22,2
DA:23,1
DA:24,1
DA:25,1
DA:28,1
DA:35,1
DA:37,1
DA:45,0
DA:46,0
DA:52,3
DA:53,0
DA:54,0
DA:56,0
DA:57,0
DA:58,0
DA:60,0
DA:63,0
DA:69,0
DA:70,0
DA:72,0
DA:74,0
DA:76,0
DA:77,0
DA:78,0
DA:79,0
DA:81,0
DA:86,3
DA:87,0
DA:88,0
DA:90,0
DA:91,0
DA:92,0
DA:94,0
DA:96,0
DA:97,0
DA:98,0
DA:99,0
DA:101,0
DA:106,3
DA:107,0
DA:108,0
DA:112,3
DA:113,3
DA:115,3
LF:53
LH:22
BRDA:14,0,0,2
BRDA:14,0,1,0
BRDA:22,1,0,1
BRDA:22,1,1,1
BRDA:22,2,0,2
BRDA:22,2,1,2
BRDA:32,3,0,1
BRDA:32,3,1,1
BRDA:118,4,0,3
BRDA:118,4,1,3
BRF:10
BRH:9
end_of_record
TN:
SF:src/viewmodels/useGuestCartViewModel.js
FN:8,useGuestCartViewModel
FN:12,(anonymous_1)
FN:29,(anonymous_2)
FN:30,(anonymous_3)
FN:42,(anonymous_4)
FN:46,(anonymous_5)
FN:53,(anonymous_6)
FN:58,(anonymous_7)
FN:70,(anonymous_8)
FN:72,(anonymous_9)
FN:99,(anonymous_10)
FN:100,(anonymous_11)
FN:101,(anonymous_12)
FN:107,(anonymous_13)
FN:121,(anonymous_14)
FN:122,(anonymous_15)
FN:134,(anonymous_16)
FN:141,(anonymous_17)
FN:147,(anonymous_18)
FN:152,(anonymous_19)
FN:160,(anonymous_20)
FN:168,(anonymous_21)
FN:169,(anonymous_22)
FN:180,(anonymous_23)
FN:194,(anonymous_24)
FN:198,(anonymous_25)
FN:217,(anonymous_26)
FN:273,(anonymous_27)
FN:277,(anonymous_28)
FN:281,(anonymous_29)
FNF:30
FNH:0
FNDA:0,useGuestCartViewModel
FNDA:0,(anonymous_1)
FNDA:0,(anonymous_2)
FNDA:0,(anonymous_3)
FNDA:0,(anonymous_4)
FNDA:0,(anonymous_5)
FNDA:0,(anonymous_6)
FNDA:0,(anonymous_7)
FNDA:0,(anonymous_8)
FNDA:0,(anonymous_9)
FNDA:0,(anonymous_10)
FNDA:0,(anonymous_11)
FNDA:0,(anonymous_12)
FNDA:0,(anonymous_13)
FNDA:0,(anonymous_14)
FNDA:0,(anonymous_15)
FNDA:0,(anonymous_16)
FNDA:0,(anonymous_17)
FNDA:0,(anonymous_18)
FNDA:0,(anonymous_19)
FNDA:0,(anonymous_20)
FNDA:0,(anonymous_21)
FNDA:0,(anonymous_22)
FNDA:0,(anonymous_23)
FNDA:0,(anonymous_24)
FNDA:0,(anonymous_25)
FNDA:0,(anonymous_26)
FNDA:0,(anonymous_27)
FNDA:0,(anonymous_28)
FNDA:0,(anonymous_29)
DA:6,2
DA:9,0
DA:10,0
DA:12,0
DA:14,0
DA:15,0
DA:16,0
DA:18,0
DA:23,0
DA:24,0
DA:25,0
DA:26,0
DA:29,0
DA:30,0
DA:31,0
DA:32,0
DA:33,0
DA:34,0
DA:36,0
DA:41,0
DA:42,0
DA:46,0
DA:47,0
DA:49,0
DA:53,0
DA:54,0
DA:57,0
DA:58,0
DA:60,0
DA:63,0
DA:64,0
DA:70,0
DA:71,0
DA:72,0
DA:76,0
DA:77,0
DA:78,0
DA:84,0
DA:85,0
DA:92,0
DA:95,0
DA:99,0
DA:100,0
DA:101,0
DA:102,0
DA:107,0
DA:108,0
DA:109,0
DA:110,0
DA:114,0
DA:115,0
DA:121,0
DA:122,0
DA:123,0
DA:127,0
DA:130,0
DA:134,0
DA:135,0
DA:136,0
DA:137,0
DA:141,0
DA:142,0
DA:143,0
DA:144,0
DA:147,0
DA:152,0
DA:153,0
DA:154,0
DA:156,0
DA:160,0
DA:161,0
DA:162,0
DA:164,0
DA:168,0
DA:169,0
DA:170,0
DA:171,0
DA:176,0
DA:180,0
DA:181,0
DA:182,0
DA:183,0
DA:184,0
DA:190,0
DA:194,0
DA:195,0
DA:197,0
DA:198,0
DA:217,0
DA:219,0
DA:220,0
DA:224,0
DA:225,0
DA:226,0
DA:227,0
DA:230,0
DA:231,0
DA:232,0
DA:235,0
DA:236,0
DA:237,0
DA:241,0
DA:243,0
DA:244,0
DA:245,0
DA:247,0
DA:249,0
DA:250,0
DA:251,0
DA:253,0
DA:254,0
DA:256,0
DA:258,0
DA:259,0
DA:260,0
DA:262,0
DA:265,0
DA:266,0
DA:268,0
DA:273,0
DA:274,0
DA:277,0
DA:278,0
DA:281,0
DA:282,0
DA:285,0
LF:126
LH:1
BRDA:16,0,0,0
BRDA:16,0,1,0
BRDA:23,1,0,0
BRDA:23,1,1,0
BRDA:31,2,0,0
BRDA:31,2,1,0
BRDA:33,3,0,0
BRDA:33,3,1,0
BRDA:54,4,0,0
BRDA:54,4,1,0
BRDA:54,4,2,0
BRDA:58,5,0,0
BRDA:58,5,1,0
BRDA:60,6,0,0
BRDA:60,6,1,0
BRDA:63,7,0,0
BRDA:63,7,1,0
BRDA:72,8,0,0
BRDA:72,8,1,0
BRDA:76,9,0,0
BRDA:76,9,1,0
BRDA:80,10,0,0
BRDA:80,10,1,0
BRDA:101,11,0,0
BRDA:101,11,1,0
BRDA:107,12,0,0
BRDA:108,13,0,0
BRDA:108,13,1,0
BRDA:114,14,0,0
BRDA:114,14,1,0
BRDA:114,15,0,0
BRDA:114,15,1,0
BRDA:123,16,0,0
BRDA:123,16,1,0
BRDA:123,17,0,0
BRDA:123,17,1,0
BRDA:142,18,0,0
BRDA:142,18,1,0
BRDA:142,18,2,0
BRDA:143,19,0,0
BRDA:143,19,1,0
BRDA:147,20,0,0
BRDA:147,20,1,0
BRDA:153,21,0,0
BRDA:153,21,1,0
BRDA:161,22,0,0
BRDA:161,22,1,0
BRDA:170,23,0,0
BRDA:170,23,1,0
BRDA:182,24,0,0
BRDA:182,24,1,0
BRDA:182,24,2,0
BRDA:183,25,0,0
BRDA:183,25,1,0
BRDA:199,26,0,0
BRDA:199,26,1,0
BRDA:201,27,0,0
BRDA:201,27,1,0
BRDA:201,27,2,0
BRDA:202,28,0,0
BRDA:202,28,1,0
BRDA:207,29,0,0
BRDA:207,29,1,0
BRDA:208,30,0,0
BRDA:208,30,1,0
BRDA:208,30,2,0
BRDA:209,31,0,0
BRDA:209,31,1,0
BRDA:210,32,0,0
BRDA:210,32,1,0
BRDA:219,33,0,0
BRDA:219,33,1,0
BRDA:225,34,0,0
BRDA:225,34,1,0
BRDA:231,35,0,0
BRDA:231,35,1,0
BRDA:236,36,0,0
BRDA:236,36,1,0
BRDA:249,37,0,0
BRDA:249,37,1,0
BRDA:253,38,0,0
BRDA:253,38,1,0
BRDA:259,39,0,0
BRDA:259,39,1,0
BRF:84
BRH:0
end_of_record
TN:
SF:src/viewmodels/useOrdersViewModel.js
FN:7,useOrdersViewModel
FN:12,(anonymous_1)
FN:20,(anonymous_2)
FN:68,(anonymous_3)
FN:119,(anonymous_4)
FN:142,(anonymous_5)
FN:162,(anonymous_6)
FN:167,(anonymous_7)
FN:172,(anonymous_8)
FN:177,(anonymous_9)
FNF:10
FNH:4
FNDA:10,useOrdersViewModel
FNDA:1,(anonymous_1)
FNDA:1,(anonymous_2)
FNDA:1,(anonymous_3)
FNDA:0,(anonymous_4)
FNDA:0,(anonymous_5)
FNDA:0,(anonymous_6)
FNDA:0,(anonymous_7)
FNDA:0,(anonymous_8)
FNDA:0,(anonymous_9)
DA:8,10
DA:9,10
DA:12,10
DA:13,1
DA:14,1
DA:15,1
DA:19,1
DA:20,1
DA:22,1
DA:24,1
DA:25,0
DA:27,0
DA:30,0
DA:35,0
DA:37,1
DA:40,1
DA:41,1
DA:42,1
DA:43,1
DA:44,1
DA:48,0
DA:49,0
DA:50,0
DA:51,0
DA:52,0
DA:55,0
DA:56,0
DA:57,0
DA:58,0
DA:60,1
DA:61,1
DA:68,10
DA:69,1
DA:70,1
DA:71,1
DA:73,1
DA:74,1
DA:75,1
DA:76,1
DA:80,1
DA:81,1
DA:82,0
DA:83,1
DA:84,1
DA:85,0
DA:86,0
DA:87,0
DA:88,0
DA:90,0
DA:91,0
DA:94,1
DA:96,1
DA:97,1
DA:99,0
DA:101,0
DA:102,0
DA:103,0
DA:104,0
DA:105,0
DA:108,0
DA:109,0
DA:110,0
DA:111,0
DA:113,1
DA:114,1
DA:119,10
DA:120,0
DA:121,0
DA:124,0
DA:125,0
DA:126,0
DA:129,0
DA:131,0
DA:133,0
DA:134,0
DA:135,0
DA:136,0
DA:142,10
DA:143,0
DA:144,0
DA:145,0
DA:147,0
DA:152,0
DA:154,0
DA:155,0
DA:156,0
DA:157,0
DA:162,10
DA:163,0
DA:167,10
DA:168,0
DA:172,10
DA:173,0
DA:177,10
DA:178,0
DA:182,10
DA:183,10
DA:184,10
DA:186,10
LF:99
LH:45
BRDA:32,0,0,0
BRDA:32,0,1,0
BRDA:35,1,0,0
BRDA:35,1,1,0
BRDA:40,2,0,1
BRDA:40,2,1,0
BRDA:40,3,0,1
BRDA:40,3,1,0
BRDA:48,4,0,0
BRDA:48,4,1,0
BRDA:68,5,0,1
BRDA:75,6,0,0
BRDA:75,6,1,1
BRDA:81,7,0,0
BRDA:81,7,1,1
BRDA:83,8,0,1
BRDA:83,8,1,0
BRDA:85,9,0,0
BRDA:85,9,1,0
BRDA:87,10,0,0
BRDA:87,10,1,0
BRDA:87,11,0,0
BRDA:87,11,1,0
BRDA:101,12,0,0
BRDA:101,12,1,0
BRDA:101,13,0,0
BRDA:101,13,1,0
BRDA:120,14,0,0
BRDA:120,14,1,0
BRDA:149,15,0,0
BRDA:149,15,1,0
BRDA:184,16,0,10
BRDA:184,16,1,9
BRF:33
BRH:8
end_of_record
TN:
SF:src/viewmodels/useProductsViewModel.js
FN:7,useProductsViewModel
FN:12,(anonymous_1)
FN:32,(anonymous_2)
FN:37,(anonymous_3)
FN:43,(anonymous_4)
FN:66,(anonymous_5)
FN:89,(anonymous_6)
FNF:7
FNH:3
FNDA:7,useProductsViewModel
FNDA:2,(anonymous_1)
FNDA:2,(anonymous_2)
FNDA:0,(anonymous_3)
FNDA:0,(anonymous_4)
FNDA:0,(anonymous_5)
FNDA:0,(anonymous_6)
DA:8,7
DA:9,7
DA:12,7
DA:13,2
DA:14,2
DA:16,2
DA:17,2
DA:18,2
DA:19,2
DA:20,2
DA:22,0
DA:23,0
DA:24,0
DA:25,0
DA:27,2
DA:32,7
DA:33,2
DA:37,7
DA:38,0
DA:43,7
DA:44,0
DA:45,0
DA:47,0
DA:48,0
DA:49,0
DA:52,0
DA:54,0
DA:56,0
DA:57,0
DA:58,0
DA:59,0
DA:61,0
DA:66,7
DA:67,0
DA:68,0
DA:70,0
DA:71,0
DA:72,0
DA:75,0
DA:77,0
DA:79,0
DA:80,0
DA:81,0
DA:82,0
DA:84,0
DA:89,7
DA:90,0
DA:91,0
DA:93,0
DA:94,0
DA:97,0
DA:99,0
DA:101,0
DA:102,0
DA:103,0
DA:104,0
DA:106,0
DA:111,7
DA:112,7
DA:113,7
DA:115,7
LF:61
LH:21
BRDA:12,0,0,0
BRDA:19,1,0,2
BRDA:19,1,1,0
BRDA:19,1,2,0
BRDA:54,2,0,0
BRDA:54,2,1,0
BRDA:113,3,0,7
BRDA:113,3,1,7
BRF:8
BRH:3
end_of_record
TN:
SF:src/views/AdminView.jsx
FN:5,AdminView
FN:21,(anonymous_1)
FN:25,(anonymous_2)
FN:66,(anonymous_3)
FN:79,(anonymous_4)
FN:94,(anonymous_5)
FN:120,(anonymous_6)
FN:129,(anonymous_7)
FN:140,(anonymous_8)
FN:150,(anonymous_9)
FN:161,(anonymous_10)
FN:170,(anonymous_11)
FN:184,(anonymous_12)
FN:193,(anonymous_13)
FN:218,(anonymous_14)
FN:231,(anonymous_15)
FN:234,(anonymous_16)
FNF:17
FNH:0
FNDA:0,AdminView
FNDA:0,(anonymous_1)
FNDA:0,(anonymous_2)
FNDA:0,(anonymous_3)
FNDA:0,(anonymous_4)
FNDA:0,(anonymous_5)
FNDA:0,(anonymous_6)
FNDA:0,(anonymous_7)
FNDA:0,(anonymous_8)
FNDA:0,(anonymous_9)
FNDA:0,(anonymous_10)
FNDA:0,(anonymous_11)
FNDA:0,(anonymous_12)
FNDA:0,(anonymous_13)
FNDA:0,(anonymous_14)
FNDA:0,(anonymous_15)
FNDA:0,(anonymous_16)
DA:6,0
DA:7,0
DA:8,0
DA:9,0
DA:10,0
DA:21,0
DA:22,0
DA:25,0
DA:26,0
DA:29,0
DA:30,0
DA:32,0
DA:33,0
DA:34,0
DA:37,0
DA:50,0
DA:51,0
DA:53,0
DA:56,0
DA:57,0
DA:58,0
DA:59,0
DA:60,0
DA:62,0
DA:66,0
DA:67,0
DA:79,0
DA:80,0
DA:81,0
DA:91,0
DA:94,0
DA:95,0
DA:96,0
DA:97,0
DA:98,0
DA:103,0
DA:120,0
DA:129,0
DA:140,0
DA:150,0
DA:161,0
DA:170,0
DA:184,0
DA:193,0
DA:219,0
DA:231,0
DA:234,0
LF:47
LH:0
BRDA:32,0,0,0
BRDA:32,0,1,0
BRDA:42,1,0,0
BRDA:42,1,1,0
BRDA:45,2,0,0
BRDA:45,2,1,0
BRDA:50,3,0,0
BRDA:50,3,1,0
BRDA:56,4,0,0
BRDA:56,4,1,0
BRDA:83,5,0,0
BRDA:83,5,1,0
BRDA:84,6,0,0
BRDA:84,6,1,0
BRDA:85,7,0,0
BRDA:85,7,1,0
BRDA:86,8,0,0
BRDA:86,8,1,0
BRDA:87,9,0,0
BRDA:87,9,1,0
BRDA:89,10,0,0
BRDA:89,10,1,0
BRDA:89,10,2,0
BRDA:95,11,0,0
BRDA:95,11,1,0
BRDA:97,12,0,0
BRDA:97,12,1,0
BRDA:107,13,0,0
BRDA:107,13,1,0
BRDA:108,14,0,0
BRDA:108,14,1,0
BRDA:203,15,0,0
BRDA:203,15,1,0
BRDA:203,16,0,0
BRDA:203,16,1,0
BRDA:212,17,0,0
BRDA:212,17,1,0
BRDA:212,17,2,0
BRDA:219,18,0,0
BRDA:219,18,1,0
BRDA:222,19,0,0
BRDA:222,19,1,0
BRDA:224,20,0,0
BRDA:224,20,1,0
BRDA:225,21,0,0
BRDA:225,21,1,0
BRDA:229,22,0,0
BRDA:229,22,1,0
BRDA:234,23,0,0
BRDA:234,23,1,0
BRF:50
BRH:0
end_of_record
TN:
SF:src/views/CartView.jsx
FN:6,CartView
FN:36,(anonymous_1)
FN:46,(anonymous_2)
FN:69,(anonymous_3)
FN:80,(anonymous_4)
FN:93,(anonymous_5)
FN:106,(anonymous_6)
FN:119,(anonymous_7)
FN:123,(anonymous_8)
FN:169,(anonymous_9)
FN:178,(anonymous_10)
FN:189,(anonymous_11)
FNF:12
FNH:0
FNDA:0,CartView
FNDA:0,(anonymous_1)
FNDA:0,(anonymous_2)
FNDA:0,(anonymous_3)
FNDA:0,(anonymous_4)
FNDA:0,(anonymous_5)
FNDA:0,(anonymous_6)
FNDA:0,(anonymous_7)
FNDA:0,(anonymous_8)
FNDA:0,(anonymous_9)
FNDA:0,(anonymous_10)
FNDA:0,(anonymous_11)
DA:20,0
DA:22,0
DA:24,0
DA:26,0
DA:27,0
DA:36,0
DA:46,0
DA:47,0
DA:48,0
DA:49,0
DA:52,0
DA:53,0
DA:55,0
DA:60,0
DA:64,0
DA:70,0
DA:81,0
DA:82,0
DA:83,0
DA:85,0
DA:94,0
DA:95,0
DA:96,0
DA:97,0
DA:99,0
DA:106,0
DA:120,0
DA:121,0
DA:124,0
DA:125,0
DA:169,0
DA:178,0
DA:189,0
LF:33
LH:0
BRDA:26,0,0,0
BRDA:26,0,1,0
BRDA:47,1,0,0
BRDA:47,1,1,0
BRDA:53,2,0,0
BRDA:53,2,1,0
BRDA:70,3,0,0
BRDA:70,3,1,0
BRDA:75,4,0,0
BRDA:75,4,1,0
BRDA:81,5,0,0
BRDA:81,5,1,0
BRDA:82,6,0,0
BRDA:82,6,1,0
BRDA:83,7,0,0
BRDA:83,7,1,0
BRDA:85,8,0,0
BRDA:85,8,1,0
BRDA:91,9,0,0
BRDA:91,9,1,0
BRDA:94,10,0,0
BRDA:94,10,1,0
BRDA:94,10,2,0
BRDA:95,11,0,0
BRDA:95,11,1,0
BRDA:96,12,0,0
BRDA:96,12,1,0
BRDA:99,13,0,0
BRDA:99,13,1,0
BRDA:106,14,0,0
BRDA:106,14,1,0
BRDA:138,15,0,0
BRDA:138,15,1,0
BRDA:138,16,0,0
BRDA:138,16,1,0
BRDA:199,17,0,0
BRDA:199,17,1,0
BRDA:200,18,0,0
BRDA:200,18,1,0
BRDA:204,19,0,0
BRDA:204,19,1,0
BRF:41
BRH:0
end_of_record
TN:
SF:src/views/CatalogView.jsx
FN:8,CatalogView
FN:15,(anonymous_1)
FN:25,(anonymous_2)
FN:30,(anonymous_3)
FN:59,(anonymous_4)
FN:64,(anonymous_5)
FN:84,(anonymous_6)
FN:94,(anonymous_7)
FN:103,(anonymous_8)
FN:118,(anonymous_9)
FN:122,(anonymous_10)
FNF:11
FNH:0
FNDA:0,CatalogView
FNDA:0,(anonymous_1)
FNDA:0,(anonymous_2)
FNDA:0,(anonymous_3)
FNDA:0,(anonymous_4)
FNDA:0,(anonymous_5)
FNDA:0,(anonymous_6)
FNDA:0,(anonymous_7)
FNDA:0,(anonymous_8)
FNDA:0,(anonymous_9)
FNDA:0,(anonymous_10)
DA:9,0
DA:10,0
DA:11,0
DA:12,0
DA:15,0
DA:16,0
DA:18,0
DA:21,0
DA:25,0
DA:26,0
DA:29,0
DA:30,0
DA:32,0
DA:35,0
DA:36,0
DA:37,0
DA:40,0
DA:42,0
DA:43,0
DA:44,0
DA:46,0
DA:50,0
DA:51,0
DA:52,0
DA:54,0
DA:59,0
DA:60,0
DA:64,0
DA:65,0
DA:66,0
DA:68,0
DA:69,0
DA:71,0
DA:72,0
DA:76,0
DA:78,0
DA:84,0
DA:94,0
DA:103,0
DA:119,0
DA:123,0
LF:41
LH:0
BRDA:16,0,0,0
BRDA:16,0,1,0
BRDA:16,1,0,0
BRDA:16,1,1,0
BRDA:26,2,0,0
BRDA:26,2,1,0
BRDA:26,2,2,0
BRDA:30,3,0,0
BRDA:30,3,1,0
BRDA:32,4,0,0
BRDA:32,4,1,0
BRDA:35,5,0,0
BRDA:35,5,1,0
BRDA:40,6,0,0
BRDA:40,6,1,0
BRDA:43,7,0,0
BRDA:43,7,1,0
BRDA:51,8,0,0
BRDA:51,8,1,0
BRDA:65,9,0,0
BRDA:65,9,1,0
BRDA:66,10,0,0
BRDA:66,10,1,0
BRDA:68,11,0,0
BRDA:68,11,1,0
BRDA:81,12,0,0
BRDA:81,12,1,0
BRDA:81,13,0,0
BRDA:81,13,1,0
BRDA:82,14,0,0
BRDA:82,14,1,0
BRDA:92,15,0,0
BRDA:92,15,1,0
BRDA:107,16,0,0
BRDA:107,16,1,0
BRDA:108,17,0,0
BRDA:108,17,1,0
BRDA:110,18,0,0
BRDA:110,18,1,0
BRDA:110,19,0,0
BRDA:110,19,1,0
BRDA:112,20,0,0
BRDA:112,20,1,0
BRDA:112,21,0,0
BRDA:112,21,1,0
BRDA:124,22,0,0
BRDA:124,22,1,0
BRF:47
BRH:0
end_of_record
TN:
SF:src/views/LoginView.jsx
FN:7,LoginView
FN:11,(anonymous_1)
FN:19,(anonymous_2)
FN:37,(anonymous_3)
FN:47,(anonymous_4)
FN:78,(anonymous_5)
FNF:6
FNH:0
FNDA:0,LoginView
FNDA:0,(anonymous_1)
FNDA:0,(anonymous_2)
FNDA:0,(anonymous_3)
FNDA:0,(anonymous_4)
FNDA:0,(anonymous_5)
DA:8,0
DA:9,0
DA:11,0
DA:12,0
DA:13,0
DA:14,0
DA:15,0
DA:19,0
DA:21,0
DA:24,0
DA:37,0
DA:47,0
DA:78,0
LF:13
LH:0
BRDA:14,0,0,0
BRDA:14,0,1,0
BRDA:53,1,0,0
BRDA:53,1,1,0
BRF:4
BRH:0
end_of_record
TN:
SF:src/views/MyOrdersView.jsx
FN:7,MyOrdersView
FN:10,(anonymous_1)
FN:14,(anonymous_2)
FN:16,(anonymous_3)
FN:28,(anonymous_4)
FN:34,(anonymous_5)
FN:60,(anonymous_6)
FN:70,(anonymous_7)
FN:110,(anonymous_8)
FNF:9
FNH:5
FNDA:1,MyOrdersView
FNDA:1,(anonymous_1)
FNDA:1,(anonymous_2)
FNDA:1,(anonymous_3)
FNDA:1,(anonymous_4)
FNDA:0,(anonymous_5)
FNDA:0,(anonymous_6)
FNDA:0,(anonymous_7)
FNDA:0,(anonymous_8)
DA:8,1
DA:10,1
DA:13,1
DA:14,1
DA:16,1
DA:17,1
DA:18,1
DA:20,0
DA:22,0
DA:26,1
DA:28,1
DA:29,1
DA:30,1
DA:34,1
DA:35,0
DA:36,0
DA:37,0
DA:38,0
DA:40,0
DA:45,1
DA:61,0
DA:71,0
DA:110,0
LF:23
LH:13
BRDA:35,0,0,0
BRDA:35,0,1,0
BRDA:37,1,0,0
BRDA:37,1,1,0
BRDA:49,2,0,1
BRDA:49,2,1,0
BRDA:50,3,0,1
BRDA:50,3,1,0
BRDA:52,4,0,1
BRDA:52,4,1,0
BRDA:52,5,0,1
BRDA:52,5,1,1
BRDA:52,5,2,1
BRDA:52,5,3,1
BRDA:60,6,0,0
BRDA:60,6,1,0
BRDA:60,6,2,0
BRDA:61,7,0,0
BRDA:61,7,1,0
BRDA:63,8,0,0
BRDA:63,8,1,0
BRDA:69,9,0,0
BRDA:69,9,1,0
BRDA:69,10,0,0
BRDA:69,10,1,0
BRDA:71,11,0,0
BRDA:71,11,1,0
BRDA:96,12,0,0
BRDA:96,12,1,0
BRDA:108,13,0,0
BRDA:108,13,1,0
BRDA:110,14,0,0
BRDA:110,14,1,0
BRF:33
BRH:7
end_of_record
TN:
SF:src/views/Navbar.jsx
FN:7,Navbar
FN:12,(anonymous_1)
FN:13,(anonymous_2)
FN:18,(anonymous_3)
FN:38,(anonymous_4)
FN:44,(anonymous_5)
FN:59,(anonymous_6)
FN:67,(anonymous_7)
FN:73,(anonymous_8)
FN:81,(anonymous_9)
FN:88,(anonymous_10)
FN:101,(anonymous_11)
FN:107,(anonymous_12)
FNF:13
FNH:0
FNDA:0,Navbar
FNDA:0,(anonymous_1)
FNDA:0,(anonymous_2)
FNDA:0,(anonymous_3)
FNDA:0,(anonymous_4)
FNDA:0,(anonymous_5)
FNDA:0,(anonymous_6)
FNDA:0,(anonymous_7)
FNDA:0,(anonymous_8)
FNDA:0,(anonymous_9)
FNDA:0,(anonymous_10)
FNDA:0,(anonymous_11)
FNDA:0,(anonymous_12)
DA:5,2
DA:8,0
DA:9,0
DA:12,0
DA:13,0
DA:14,0
DA:15,0
DA:16,0
DA:17,0
DA:18,0
DA:19,0
DA:21,0
DA:24,0
DA:25,0
DA:30,0
DA:33,0
DA:36,0
DA:38,0
DA:39,0
DA:40,0
DA:44,0
DA:45,0
DA:46,0
DA:49,0
DA:59,0
DA:67,0
DA:73,0
DA:81,0
DA:88,0
DA:101,0
DA:107,0
LF:31
LH:1
BRDA:16,0,0,0
BRDA:16,0,1,0
BRDA:18,1,0,0
BRDA:18,1,1,0
BRDA:56,2,0,0
BRDA:56,2,1,0
BRDA:60,3,0,0
BRDA:60,3,1,0
BRDA:64,4,0,0
BRDA:64,4,1,0
BRDA:68,5,0,0
BRDA:68,5,1,0
BRDA:74,6,0,0
BRDA:74,6,1,0
BRDA:82,7,0,0
BRDA:82,7,1,0
BRDA:91,8,0,0
BRDA:91,8,1,0
BRDA:94,9,0,0
BRDA:94,9,1,0
BRDA:94,9,2,0
BRDA:102,10,0,0
BRDA:102,10,1,0
BRDA:110,11,0,0
BRDA:110,11,1,0
BRF:25
BRH:0
end_of_record
TN:
SF:src/views/RegisterView.jsx
FN:7,RegisterView
FN:19,(anonymous_1)
FN:42,(anonymous_2)
FN:52,(anonymous_3)
FN:62,(anonymous_4)
FN:71,(anonymous_5)
FN:84,(anonymous_6)
FN:95,(anonymous_7)
FN:112,(anonymous_8)
FNF:9
FNH:0
FNDA:0,RegisterView
FNDA:0,(anonymous_1)
FNDA:0,(anonymous_2)
FNDA:0,(anonymous_3)
FNDA:0,(anonymous_4)
FNDA:0,(anonymous_5)
FNDA:0,(anonymous_6)
FNDA:0,(anonymous_7)
FNDA:0,(anonymous_8)
DA:8,0
DA:9,0
DA:19,0
DA:20,0
DA:21,0
DA:22,0
DA:23,0
DA:27,0
DA:42,0
DA:52,0
DA:62,0
DA:71,0
DA:84,0
DA:95,0
DA:112,0
LF:15
LH:0
BRDA:22,0,0,0
BRDA:22,0,1,0
BRDA:78,1,0,0
BRDA:78,1,1,0
BRDA:99,2,0,0
BRDA:99,2,1,0
BRDA:106,3,0,0
BRDA:106,3,1,0
BRF:8
BRH:0
end_of_record
TN:
SF:src/views/RestaurantOrdersView.jsx
FN:16,RestaurantOrdersView
FN:22,(anonymous_1)
FN:29,(anonymous_2)
FN:35,(anonymous_3)
FN:66,(anonymous_4)
FN:90,(anonymous_5)
FN:93,(anonymous_6)
FN:109,(anonymous_7)
FN:115,(anonymous_8)
FN:136,(anonymous_9)
FN:169,(anonymous_10)
FN:203,(anonymous_11)
FN:218,(anonymous_12)
FN:235,(anonymous_13)
FN:252,(anonymous_14)
FN:269,(anonymous_15)
FN:286,(anonymous_16)
FNF:17
FNH:0
FNDA:0,RestaurantOrdersView
FNDA:0,(anonymous_1)
FNDA:0,(anonymous_2)
FNDA:0,(anonymous_3)
FNDA:0,(anonymous_4)
FNDA:0,(anonymous_5)
FNDA:0,(anonymous_6)
FNDA:0,(anonymous_7)
FNDA:0,(anonymous_8)
FNDA:0,(anonymous_9)
FNDA:0,(anonymous_10)
FNDA:0,(anonymous_11)
FNDA:0,(anonymous_12)
FNDA:0,(anonymous_13)
FNDA:0,(anonymous_14)
FNDA:0,(anonymous_15)
FNDA:0,(anonymous_16)
DA:7,2
DA:17,0
DA:18,0
DA:19,0
DA:22,0
DA:23,0
DA:24,0
DA:25,0
DA:29,0
DA:30,0
DA:31,0
DA:35,0
DA:36,0
DA:37,0
DA:41,0
DA:43,0
DA:44,0
DA:46,0
DA:47,0
DA:49,0
DA:50,0
DA:52,0
DA:53,0
DA:55,0
DA:58,0
DA:59,0
DA:60,0
DA:62,0
DA:66,0
DA:67,0
DA:68,0
DA:69,0
DA:70,0
DA:72,0
DA:77,0
DA:80,0
DA:81,0
DA:88,0
DA:90,0
DA:93,0
DA:94,0
DA:95,0
DA:98,0
DA:110,0
DA:111,0
DA:112,0
DA:115,0
DA:137,0
DA:170,0
DA:203,0
DA:218,0
DA:235,0
DA:252,0
DA:269,0
DA:286,0
LF:55
LH:1
BRDA:23,0,0,0
BRDA:23,0,1,0
BRDA:23,1,0,0
BRDA:23,1,1,0
BRDA:30,2,0,0
BRDA:30,2,1,0
BRDA:30,3,0,0
BRDA:30,3,1,0
BRDA:36,4,0,0
BRDA:36,4,1,0
BRDA:41,5,0,0
BRDA:41,5,1,0
BRDA:41,5,2,0
BRDA:41,5,3,0
BRDA:41,5,4,0
BRDA:58,6,0,0
BRDA:58,6,1,0
BRDA:68,7,0,0
BRDA:68,7,1,0
BRDA:77,8,0,0
BRDA:77,8,1,0
BRDA:80,9,0,0
BRDA:80,9,1,0
BRDA:80,10,0,0
BRDA:80,10,1,0
BRDA:88,11,0,0
BRDA:88,11,1,0
BRDA:94,12,0,0
BRDA:94,12,1,0
BRDA:111,13,0,0
BRDA:111,13,1,0
BRDA:111,14,0,0
BRDA:111,14,1,0
BRDA:120,15,0,0
BRDA:120,15,1,0
BRDA:121,16,0,0
BRDA:121,16,1,0
BRDA:121,17,0,0
BRDA:121,17,1,0
BRDA:132,18,0,0
BRDA:132,18,1,0
BRDA:133,19,0,0
BRDA:133,19,1,0
BRDA:157,20,0,0
BRDA:157,20,1,0
BRDA:158,21,0,0
BRDA:158,21,1,0
BRDA:159,22,0,0
BRDA:159,22,1,0
BRDA:200,23,0,0
BRDA:200,23,1,0
BRDA:233,24,0,0
BRDA:233,24,1,0
BRDA:250,25,0,0
BRDA:250,25,1,0
BRDA:267,26,0,0
BRDA:267,26,1,0
BRDA:284,27,0,0
BRDA:284,27,1,0
BRDA:284,27,2,0
BRDA:305,28,0,0
BRDA:305,28,1,0
BRDA:305,28,2,0
BRDA:312,29,0,0
BRDA:312,29,1,0
BRF:65
BRH:0
end_of_record
TN:
SF:src/views/SuccessView.jsx
FN:5,SuccessView
FN:30,(anonymous_1)
FNF:2
FNH:0
FNDA:0,SuccessView
FNDA:0,(anonymous_1)
DA:6,0
DA:8,0
DA:9,0
DA:11,0
DA:30,0
LF:5
LH:0
BRDA:8,0,0,0
BRDA:8,0,1,0
BRDA:9,1,0,0
BRDA:9,1,1,0
BRDA:25,2,0,0
BRDA:25,2,1,0
BRF:6
BRH:0
end_of_record
